

================================================================
== Vitis HLS Report for 'yuv_scale'
================================================================
* Date:           Fri Nov 18 12:24:20 2022

* Version:        2022.1 (Build 3526262 on Mon Apr 18 15:47:01 MDT 2022)
* Project:        yuv_filter
* Solution:       solution2 (Vivado IP Flow Target)
* Product family: zynq
* Target device:  xc7z020-clg484-1


================================================================
== Performance Estimates
================================================================
+ Timing: 
    * Summary: 
    +--------+----------+----------+------------+
    |  Clock |  Target  | Estimated| Uncertainty|
    +--------+----------+----------+------------+
    |ap_clk  |  10.00 ns|  5.509 ns|     2.70 ns|
    +--------+----------+----------+------------+

+ Latency: 
    * Summary: 
    +---------+---------+----------+-----------+--------+---------+---------+
    |  Latency (cycles) |  Latency (absolute)  |     Interval     | Pipeline|
    |   min   |   max   |    min   |    max    |   min  |   max   |   Type  |
    +---------+---------+----------+-----------+--------+---------+---------+
    |   160401|  9834241|  1.604 ms|  98.342 ms|  160401|  9834241|       no|
    +---------+---------+----------+-----------+--------+---------+---------+

    + Detail: 
        * Instance: 
        N/A

        * Loop: 
        +---------------------+---------+---------+------------+-----------+-----------+------------+----------+
        |                     |  Latency (cycles) |  Iteration |  Initiation Interval  |    Trip    |          |
        |      Loop Name      |   min   |   max   |   Latency  |  achieved |   target  |    Count   | Pipelined|
        +---------------------+---------+---------+------------+-----------+-----------+------------+----------+
        |- YUV_SCALE_LOOP_X   |   160400|  9834240|  802 ~ 5122|          -|          -|  200 ~ 1920|        no|
        | + YUV_SCALE_LOOP_Y  |      800|     5120|           4|          -|          -|  200 ~ 1280|        no|
        +---------------------+---------+---------+------------+-----------+-----------+------------+----------+

============================================================
+ Verbose Summary: Synthesis Manager
============================================================
InlineROM: 1
ExposeGlobal: 0
============================================================
+ Verbose Summary: CDFG Model
============================================================
IsTopModel: 0
ResetActiveHigh: 1
IsCombinational: 0
IsDatapathOnly: 0
HasWiredReturn: 1
HasMFsm: 0
HasVarLatency: 1
IsPipeline: 0
IsRtlPipelined: 0
IsInstanceOverlapped: 0
IsDontTouch: 0
HasImplIP: 0
IsGatedGlobalClock: 0


============================================================
+ Verbose Summary: Schedule
============================================================
* Number of FSM states : 6
* Pipeline : 0
* Dataflow Pipeline: 0

* FSM state transitions: 
1 --> 2 
2 --> 3 
3 --> 4 2 
4 --> 5 
5 --> 6 
6 --> 3 

* FSM state operations: 

State 1 <SV = 0> <Delay = 1.58>
ST_1 : Operation 7 [1/1] (0.00ns)   --->   "%x = alloca i32 1"   --->   Operation 7 'alloca' 'x' <Predicate = true> <Delay = 0.00>
ST_1 : Operation 8 [1/1] (0.00ns)   --->   "%V_scale_read = read i8 @_ssdm_op_Read.ap_auto.i8, i8 %V_scale" [../../Labs/HLS_Lab/yuv_filter/yuv_filter.c:115]   --->   Operation 8 'read' 'V_scale_read' <Predicate = true> <Delay = 0.00>
ST_1 : Operation 9 [1/1] (0.00ns)   --->   "%U_scale_read = read i8 @_ssdm_op_Read.ap_auto.i8, i8 %U_scale" [../../Labs/HLS_Lab/yuv_filter/yuv_filter.c:115]   --->   Operation 9 'read' 'U_scale_read' <Predicate = true> <Delay = 0.00>
ST_1 : Operation 10 [1/1] (0.00ns)   --->   "%Y_scale_read = read i8 @_ssdm_op_Read.ap_auto.i8, i8 %Y_scale" [../../Labs/HLS_Lab/yuv_filter/yuv_filter.c:115]   --->   Operation 10 'read' 'Y_scale_read' <Predicate = true> <Delay = 0.00>
ST_1 : Operation 11 [1/1] (0.00ns)   --->   "%in_height_read_1 = read i16 @_ssdm_op_Read.ap_auto.i16, i16 %in_height_read" [../../Labs/HLS_Lab/yuv_filter/yuv_filter.c:115]   --->   Operation 11 'read' 'in_height_read_1' <Predicate = true> <Delay = 0.00>
ST_1 : Operation 12 [1/1] (0.00ns)   --->   "%in_width_read_1 = read i16 @_ssdm_op_Read.ap_auto.i16, i16 %in_width_read" [../../Labs/HLS_Lab/yuv_filter/yuv_filter.c:115]   --->   Operation 12 'read' 'in_width_read_1' <Predicate = true> <Delay = 0.00>
ST_1 : Operation 13 [1/1] (0.00ns)   --->   "%zext_ln145 = zext i8 %Y_scale_read" [../../Labs/HLS_Lab/yuv_filter/yuv_filter.c:145]   --->   Operation 13 'zext' 'zext_ln145' <Predicate = true> <Delay = 0.00>
ST_1 : Operation 14 [1/1] (0.00ns)   --->   "%zext_ln146 = zext i8 %U_scale_read" [../../Labs/HLS_Lab/yuv_filter/yuv_filter.c:146]   --->   Operation 14 'zext' 'zext_ln146' <Predicate = true> <Delay = 0.00>
ST_1 : Operation 15 [1/1] (0.00ns)   --->   "%zext_ln147 = zext i8 %V_scale_read" [../../Labs/HLS_Lab/yuv_filter/yuv_filter.c:147]   --->   Operation 15 'zext' 'zext_ln147' <Predicate = true> <Delay = 0.00>
ST_1 : Operation 16 [1/1] (1.58ns)   --->   "%store_ln134 = store i16 0, i16 %x" [../../Labs/HLS_Lab/yuv_filter/yuv_filter.c:134]   --->   Operation 16 'store' 'store_ln134' <Predicate = true> <Delay = 1.58>
ST_1 : Operation 17 [1/1] (0.00ns)   --->   "%br_ln134 = br void %YUV_SCALE_LOOP_Y" [../../Labs/HLS_Lab/yuv_filter/yuv_filter.c:134]   --->   Operation 17 'br' 'br_ln134' <Predicate = true> <Delay = 0.00>

State 2 <SV = 1> <Delay = 2.42>
ST_2 : Operation 18 [1/1] (0.00ns)   --->   "%x_1 = load i16 %x" [../../Labs/HLS_Lab/yuv_filter/yuv_filter.c:134]   --->   Operation 18 'load' 'x_1' <Predicate = true> <Delay = 0.00>
ST_2 : Operation 19 [1/1] (0.00ns)   --->   "%trunc_ln134 = trunc i16 %x_1" [../../Labs/HLS_Lab/yuv_filter/yuv_filter.c:134]   --->   Operation 19 'trunc' 'trunc_ln134' <Predicate = true> <Delay = 0.00>
ST_2 : Operation 20 [1/1] (0.00ns)   --->   "%trunc_ln134_1 = trunc i16 %x_1" [../../Labs/HLS_Lab/yuv_filter/yuv_filter.c:134]   --->   Operation 20 'trunc' 'trunc_ln134_1' <Predicate = true> <Delay = 0.00>
ST_2 : Operation 21 [1/1] (2.42ns)   --->   "%icmp_ln134 = icmp_eq  i16 %x_1, i16 %in_width_read_1" [../../Labs/HLS_Lab/yuv_filter/yuv_filter.c:134]   --->   Operation 21 'icmp' 'icmp_ln134' <Predicate = true> <Delay = 2.42> <CoreInst = "Cmp">   --->   Core 9 'Cmp' <Latency = 0> <II = 1> <Delay = 2.42> <FuncUnit> <Opcode : 'icmp'> <InPorts = 2> <OutPorts = 1>
ST_2 : Operation 22 [1/1] (2.07ns)   --->   "%x_2 = add i16 %x_1, i16 1" [../../Labs/HLS_Lab/yuv_filter/yuv_filter.c:134]   --->   Operation 22 'add' 'x_2' <Predicate = true> <Delay = 2.07> <CoreInst = "Adder">   --->   Core 1 'Adder' <Latency = 0> <II = 1> <Delay = 2.07> <FuncUnit> <Opcode : 'add' 'sub'> <InPorts = 2> <OutPorts = 1>
ST_2 : Operation 23 [1/1] (0.00ns)   --->   "%br_ln134 = br i1 %icmp_ln134, void %YUV_SCALE_LOOP_Y.split, void %for.end59.loopexit" [../../Labs/HLS_Lab/yuv_filter/yuv_filter.c:134]   --->   Operation 23 'br' 'br_ln134' <Predicate = true> <Delay = 0.00>
ST_2 : Operation 24 [1/1] (0.00ns)   --->   "%speclooptripcount_ln136 = speclooptripcount void @_ssdm_op_SpecLoopTripCount, i64 200, i64 1920, i64 1060" [../../Labs/HLS_Lab/yuv_filter/yuv_filter.c:136]   --->   Operation 24 'speclooptripcount' 'speclooptripcount_ln136' <Predicate = (!icmp_ln134)> <Delay = 0.00>
ST_2 : Operation 25 [1/1] (0.00ns)   --->   "%specloopname_ln123 = specloopname void @_ssdm_op_SpecLoopName, void @empty_4" [../../Labs/HLS_Lab/yuv_filter/yuv_filter.c:123]   --->   Operation 25 'specloopname' 'specloopname_ln123' <Predicate = (!icmp_ln134)> <Delay = 0.00>
ST_2 : Operation 26 [1/1] (0.00ns)   --->   "%tmp = bitconcatenate i22 @_ssdm_op_BitConcatenate.i22.i12.i10, i12 %trunc_ln134_1, i10 0" [../../Labs/HLS_Lab/yuv_filter/yuv_filter.c:142]   --->   Operation 26 'bitconcatenate' 'tmp' <Predicate = (!icmp_ln134)> <Delay = 0.00>
ST_2 : Operation 27 [1/1] (0.00ns)   --->   "%tmp_1 = bitconcatenate i22 @_ssdm_op_BitConcatenate.i22.i14.i8, i14 %trunc_ln134, i8 0" [../../Labs/HLS_Lab/yuv_filter/yuv_filter.c:142]   --->   Operation 27 'bitconcatenate' 'tmp_1' <Predicate = (!icmp_ln134)> <Delay = 0.00>
ST_2 : Operation 28 [1/1] (2.25ns)   --->   "%add_ln142 = add i22 %tmp, i22 %tmp_1" [../../Labs/HLS_Lab/yuv_filter/yuv_filter.c:142]   --->   Operation 28 'add' 'add_ln142' <Predicate = (!icmp_ln134)> <Delay = 2.25> <CoreInst = "Adder">   --->   Core 1 'Adder' <Latency = 0> <II = 1> <Delay = 2.25> <FuncUnit> <Opcode : 'add' 'sub'> <InPorts = 2> <OutPorts = 1>
ST_2 : Operation 29 [1/1] (1.58ns)   --->   "%br_ln138 = br void %for.inc" [../../Labs/HLS_Lab/yuv_filter/yuv_filter.c:138]   --->   Operation 29 'br' 'br_ln138' <Predicate = (!icmp_ln134)> <Delay = 1.58>
ST_2 : Operation 30 [1/1] (0.00ns)   --->   "%mrv = insertvalue i32 <undef>, i16 %in_width_read_1" [../../Labs/HLS_Lab/yuv_filter/yuv_filter.c:153]   --->   Operation 30 'insertvalue' 'mrv' <Predicate = (icmp_ln134)> <Delay = 0.00>
ST_2 : Operation 31 [1/1] (0.00ns)   --->   "%mrv_1 = insertvalue i32 %mrv, i16 %in_height_read_1" [../../Labs/HLS_Lab/yuv_filter/yuv_filter.c:153]   --->   Operation 31 'insertvalue' 'mrv_1' <Predicate = (icmp_ln134)> <Delay = 0.00>
ST_2 : Operation 32 [1/1] (0.00ns)   --->   "%ret_ln153 = ret i32 %mrv_1" [../../Labs/HLS_Lab/yuv_filter/yuv_filter.c:153]   --->   Operation 32 'ret' 'ret_ln153' <Predicate = (icmp_ln134)> <Delay = 0.00>

State 3 <SV = 2> <Delay = 5.50>
ST_3 : Operation 33 [1/1] (0.00ns)   --->   "%y = phi i16 0, void %YUV_SCALE_LOOP_Y.split, i16 %y_1, void %for.inc.split"   --->   Operation 33 'phi' 'y' <Predicate = true> <Delay = 0.00>
ST_3 : Operation 34 [1/1] (2.42ns)   --->   "%icmp_ln138 = icmp_eq  i16 %y, i16 %in_height_read_1" [../../Labs/HLS_Lab/yuv_filter/yuv_filter.c:138]   --->   Operation 34 'icmp' 'icmp_ln138' <Predicate = true> <Delay = 2.42> <CoreInst = "Cmp">   --->   Core 9 'Cmp' <Latency = 0> <II = 1> <Delay = 2.42> <FuncUnit> <Opcode : 'icmp'> <InPorts = 2> <OutPorts = 1>
ST_3 : Operation 35 [1/1] (2.07ns)   --->   "%y_1 = add i16 %y, i16 1" [../../Labs/HLS_Lab/yuv_filter/yuv_filter.c:138]   --->   Operation 35 'add' 'y_1' <Predicate = true> <Delay = 2.07> <CoreInst = "Adder">   --->   Core 1 'Adder' <Latency = 0> <II = 1> <Delay = 2.07> <FuncUnit> <Opcode : 'add' 'sub'> <InPorts = 2> <OutPorts = 1>
ST_3 : Operation 36 [1/1] (0.00ns)   --->   "%br_ln138 = br i1 %icmp_ln138, void %for.inc.split, void %for.inc57.loopexit" [../../Labs/HLS_Lab/yuv_filter/yuv_filter.c:138]   --->   Operation 36 'br' 'br_ln138' <Predicate = true> <Delay = 0.00>
ST_3 : Operation 37 [1/1] (0.00ns)   --->   "%zext_ln142 = zext i16 %y" [../../Labs/HLS_Lab/yuv_filter/yuv_filter.c:142]   --->   Operation 37 'zext' 'zext_ln142' <Predicate = (!icmp_ln138)> <Delay = 0.00>
ST_3 : Operation 38 [1/1] (2.25ns)   --->   "%add_ln142_1 = add i22 %add_ln142, i22 %zext_ln142" [../../Labs/HLS_Lab/yuv_filter/yuv_filter.c:142]   --->   Operation 38 'add' 'add_ln142_1' <Predicate = (!icmp_ln138)> <Delay = 2.25> <CoreInst = "Adder">   --->   Core 1 'Adder' <Latency = 0> <II = 1> <Delay = 2.25> <FuncUnit> <Opcode : 'add' 'sub'> <InPorts = 2> <OutPorts = 1>
ST_3 : Operation 39 [1/1] (0.00ns)   --->   "%zext_ln142_1 = zext i22 %add_ln142_1" [../../Labs/HLS_Lab/yuv_filter/yuv_filter.c:142]   --->   Operation 39 'zext' 'zext_ln142_1' <Predicate = (!icmp_ln138)> <Delay = 0.00>
ST_3 : Operation 40 [1/1] (0.00ns)   --->   "%in_channels_ch1_addr = getelementptr i8 %in_channels_ch1, i64 0, i64 %zext_ln142_1" [../../Labs/HLS_Lab/yuv_filter/yuv_filter.c:142]   --->   Operation 40 'getelementptr' 'in_channels_ch1_addr' <Predicate = (!icmp_ln138)> <Delay = 0.00>
ST_3 : Operation 41 [1/1] (0.00ns)   --->   "%in_channels_ch2_addr = getelementptr i8 %in_channels_ch2, i64 0, i64 %zext_ln142_1" [../../Labs/HLS_Lab/yuv_filter/yuv_filter.c:143]   --->   Operation 41 'getelementptr' 'in_channels_ch2_addr' <Predicate = (!icmp_ln138)> <Delay = 0.00>
ST_3 : Operation 42 [1/1] (0.00ns)   --->   "%in_channels_ch3_addr = getelementptr i8 %in_channels_ch3, i64 0, i64 %zext_ln142_1" [../../Labs/HLS_Lab/yuv_filter/yuv_filter.c:144]   --->   Operation 42 'getelementptr' 'in_channels_ch3_addr' <Predicate = (!icmp_ln138)> <Delay = 0.00>
ST_3 : Operation 43 [2/2] (3.25ns)   --->   "%Y = load i22 %in_channels_ch1_addr" [../../Labs/HLS_Lab/yuv_filter/yuv_filter.c:142]   --->   Operation 43 'load' 'Y' <Predicate = (!icmp_ln138)> <Delay = 3.25> <CoreInst = "RAM">   --->   Core 82 'RAM' <Latency = 1> <II = 1> <Delay = 3.25> <Storage> <Opcode : 'load' 'store'> <Ports = 2> <Width = 8> <Depth = 2457600> <RAM>
ST_3 : Operation 44 [2/2] (3.25ns)   --->   "%U = load i22 %in_channels_ch2_addr" [../../Labs/HLS_Lab/yuv_filter/yuv_filter.c:143]   --->   Operation 44 'load' 'U' <Predicate = (!icmp_ln138)> <Delay = 3.25> <CoreInst = "RAM">   --->   Core 82 'RAM' <Latency = 1> <II = 1> <Delay = 3.25> <Storage> <Opcode : 'load' 'store'> <Ports = 2> <Width = 8> <Depth = 2457600> <RAM>
ST_3 : Operation 45 [2/2] (3.25ns)   --->   "%V = load i22 %in_channels_ch3_addr" [../../Labs/HLS_Lab/yuv_filter/yuv_filter.c:144]   --->   Operation 45 'load' 'V' <Predicate = (!icmp_ln138)> <Delay = 3.25> <CoreInst = "RAM">   --->   Core 82 'RAM' <Latency = 1> <II = 1> <Delay = 3.25> <Storage> <Opcode : 'load' 'store'> <Ports = 2> <Width = 8> <Depth = 2457600> <RAM>
ST_3 : Operation 46 [1/1] (1.58ns)   --->   "%store_ln134 = store i16 %x_2, i16 %x" [../../Labs/HLS_Lab/yuv_filter/yuv_filter.c:134]   --->   Operation 46 'store' 'store_ln134' <Predicate = (icmp_ln138)> <Delay = 1.58>
ST_3 : Operation 47 [1/1] (0.00ns)   --->   "%br_ln134 = br void %YUV_SCALE_LOOP_Y" [../../Labs/HLS_Lab/yuv_filter/yuv_filter.c:134]   --->   Operation 47 'br' 'br_ln134' <Predicate = (icmp_ln138)> <Delay = 0.00>

State 4 <SV = 3> <Delay = 3.25>
ST_4 : Operation 48 [1/2] (3.25ns)   --->   "%Y = load i22 %in_channels_ch1_addr" [../../Labs/HLS_Lab/yuv_filter/yuv_filter.c:142]   --->   Operation 48 'load' 'Y' <Predicate = true> <Delay = 3.25> <CoreInst = "RAM">   --->   Core 82 'RAM' <Latency = 1> <II = 1> <Delay = 3.25> <Storage> <Opcode : 'load' 'store'> <Ports = 2> <Width = 8> <Depth = 2457600> <RAM>
ST_4 : Operation 49 [1/2] (3.25ns)   --->   "%U = load i22 %in_channels_ch2_addr" [../../Labs/HLS_Lab/yuv_filter/yuv_filter.c:143]   --->   Operation 49 'load' 'U' <Predicate = true> <Delay = 3.25> <CoreInst = "RAM">   --->   Core 82 'RAM' <Latency = 1> <II = 1> <Delay = 3.25> <Storage> <Opcode : 'load' 'store'> <Ports = 2> <Width = 8> <Depth = 2457600> <RAM>
ST_4 : Operation 50 [1/2] (3.25ns)   --->   "%V = load i22 %in_channels_ch3_addr" [../../Labs/HLS_Lab/yuv_filter/yuv_filter.c:144]   --->   Operation 50 'load' 'V' <Predicate = true> <Delay = 3.25> <CoreInst = "RAM">   --->   Core 82 'RAM' <Latency = 1> <II = 1> <Delay = 3.25> <Storage> <Opcode : 'load' 'store'> <Ports = 2> <Width = 8> <Depth = 2457600> <RAM>

State 5 <SV = 4> <Delay = 4.17>
ST_5 : Operation 51 [1/1] (0.00ns)   --->   "%zext_ln145_1 = zext i8 %Y" [../../Labs/HLS_Lab/yuv_filter/yuv_filter.c:145]   --->   Operation 51 'zext' 'zext_ln145_1' <Predicate = true> <Delay = 0.00>
ST_5 : Operation 52 [1/1] (4.17ns)   --->   "%mul_ln145 = mul i15 %zext_ln145_1, i15 %zext_ln145" [../../Labs/HLS_Lab/yuv_filter/yuv_filter.c:145]   --->   Operation 52 'mul' 'mul_ln145' <Predicate = true> <Delay = 4.17> <CoreInst = "Multiplier">   --->   Core 3 'Multiplier' <Latency = 0> <II = 1> <Delay = 4.17> <FuncUnit> <Opcode : 'mul'> <InPorts = 2> <OutPorts = 1>
ST_5 : Operation 53 [1/1] (0.00ns)   --->   "%zext_ln146_1 = zext i8 %U" [../../Labs/HLS_Lab/yuv_filter/yuv_filter.c:146]   --->   Operation 53 'zext' 'zext_ln146_1' <Predicate = true> <Delay = 0.00>
ST_5 : Operation 54 [1/1] (4.17ns)   --->   "%mul_ln146 = mul i15 %zext_ln146_1, i15 %zext_ln146" [../../Labs/HLS_Lab/yuv_filter/yuv_filter.c:146]   --->   Operation 54 'mul' 'mul_ln146' <Predicate = true> <Delay = 4.17> <CoreInst = "Multiplier">   --->   Core 3 'Multiplier' <Latency = 0> <II = 1> <Delay = 4.17> <FuncUnit> <Opcode : 'mul'> <InPorts = 2> <OutPorts = 1>
ST_5 : Operation 55 [1/1] (0.00ns)   --->   "%zext_ln147_1 = zext i8 %V" [../../Labs/HLS_Lab/yuv_filter/yuv_filter.c:147]   --->   Operation 55 'zext' 'zext_ln147_1' <Predicate = true> <Delay = 0.00>
ST_5 : Operation 56 [1/1] (4.17ns)   --->   "%mul_ln147 = mul i15 %zext_ln147_1, i15 %zext_ln147" [../../Labs/HLS_Lab/yuv_filter/yuv_filter.c:147]   --->   Operation 56 'mul' 'mul_ln147' <Predicate = true> <Delay = 4.17> <CoreInst = "Multiplier">   --->   Core 3 'Multiplier' <Latency = 0> <II = 1> <Delay = 4.17> <FuncUnit> <Opcode : 'mul'> <InPorts = 2> <OutPorts = 1>
ST_5 : Operation 57 [1/1] (0.00ns)   --->   "%trunc_ln = partselect i8 @_ssdm_op_PartSelect.i8.i15.i32.i32, i15 %mul_ln145, i32 7, i32 14" [../../Labs/HLS_Lab/yuv_filter/yuv_filter.c:148]   --->   Operation 57 'partselect' 'trunc_ln' <Predicate = true> <Delay = 0.00>
ST_5 : Operation 58 [1/1] (0.00ns)   --->   "%trunc_ln1 = partselect i8 @_ssdm_op_PartSelect.i8.i15.i32.i32, i15 %mul_ln146, i32 7, i32 14" [../../Labs/HLS_Lab/yuv_filter/yuv_filter.c:149]   --->   Operation 58 'partselect' 'trunc_ln1' <Predicate = true> <Delay = 0.00>
ST_5 : Operation 59 [1/1] (0.00ns)   --->   "%trunc_ln2 = partselect i8 @_ssdm_op_PartSelect.i8.i15.i32.i32, i15 %mul_ln147, i32 7, i32 14" [../../Labs/HLS_Lab/yuv_filter/yuv_filter.c:150]   --->   Operation 59 'partselect' 'trunc_ln2' <Predicate = true> <Delay = 0.00>

State 6 <SV = 5> <Delay = 3.25>
ST_6 : Operation 60 [1/1] (0.00ns)   --->   "%speclooptripcount_ln141 = speclooptripcount void @_ssdm_op_SpecLoopTripCount, i64 200, i64 1280, i64 740" [../../Labs/HLS_Lab/yuv_filter/yuv_filter.c:141]   --->   Operation 60 'speclooptripcount' 'speclooptripcount_ln141' <Predicate = true> <Delay = 0.00>
ST_6 : Operation 61 [1/1] (0.00ns)   --->   "%specloopname_ln123 = specloopname void @_ssdm_op_SpecLoopName, void @empty_3" [../../Labs/HLS_Lab/yuv_filter/yuv_filter.c:123]   --->   Operation 61 'specloopname' 'specloopname_ln123' <Predicate = true> <Delay = 0.00>
ST_6 : Operation 62 [1/1] (0.00ns)   --->   "%out_channels_ch1_addr = getelementptr i8 %out_channels_ch1, i64 0, i64 %zext_ln142_1" [../../Labs/HLS_Lab/yuv_filter/yuv_filter.c:148]   --->   Operation 62 'getelementptr' 'out_channels_ch1_addr' <Predicate = true> <Delay = 0.00>
ST_6 : Operation 63 [1/1] (0.00ns)   --->   "%out_channels_ch2_addr = getelementptr i8 %out_channels_ch2, i64 0, i64 %zext_ln142_1" [../../Labs/HLS_Lab/yuv_filter/yuv_filter.c:149]   --->   Operation 63 'getelementptr' 'out_channels_ch2_addr' <Predicate = true> <Delay = 0.00>
ST_6 : Operation 64 [1/1] (0.00ns)   --->   "%out_channels_ch3_addr = getelementptr i8 %out_channels_ch3, i64 0, i64 %zext_ln142_1" [../../Labs/HLS_Lab/yuv_filter/yuv_filter.c:150]   --->   Operation 64 'getelementptr' 'out_channels_ch3_addr' <Predicate = true> <Delay = 0.00>
ST_6 : Operation 65 [1/1] (3.25ns)   --->   "%store_ln148 = store i8 %trunc_ln, i22 %out_channels_ch1_addr" [../../Labs/HLS_Lab/yuv_filter/yuv_filter.c:148]   --->   Operation 65 'store' 'store_ln148' <Predicate = true> <Delay = 3.25> <CoreInst = "RAM">   --->   Core 82 'RAM' <Latency = 1> <II = 1> <Delay = 3.25> <Storage> <Opcode : 'load' 'store'> <Ports = 2> <Width = 8> <Depth = 2457600> <RAM>
ST_6 : Operation 66 [1/1] (3.25ns)   --->   "%store_ln149 = store i8 %trunc_ln1, i22 %out_channels_ch2_addr" [../../Labs/HLS_Lab/yuv_filter/yuv_filter.c:149]   --->   Operation 66 'store' 'store_ln149' <Predicate = true> <Delay = 3.25> <CoreInst = "RAM">   --->   Core 82 'RAM' <Latency = 1> <II = 1> <Delay = 3.25> <Storage> <Opcode : 'load' 'store'> <Ports = 2> <Width = 8> <Depth = 2457600> <RAM>
ST_6 : Operation 67 [1/1] (3.25ns)   --->   "%store_ln150 = store i8 %trunc_ln2, i22 %out_channels_ch3_addr" [../../Labs/HLS_Lab/yuv_filter/yuv_filter.c:150]   --->   Operation 67 'store' 'store_ln150' <Predicate = true> <Delay = 3.25> <CoreInst = "RAM">   --->   Core 82 'RAM' <Latency = 1> <II = 1> <Delay = 3.25> <Storage> <Opcode : 'load' 'store'> <Ports = 2> <Width = 8> <Depth = 2457600> <RAM>
ST_6 : Operation 68 [1/1] (0.00ns)   --->   "%br_ln138 = br void %for.inc" [../../Labs/HLS_Lab/yuv_filter/yuv_filter.c:138]   --->   Operation 68 'br' 'br_ln138' <Predicate = true> <Delay = 0.00>


============================================================
+ Verbose Summary: Binding
============================================================
STG Binding: 
---------------- STG Properties BEGIN ----------------
- Is combinational: 0
- Is one-state seq: 0
- Is datapath-only: 0
- Is pipelined: 0
- Is top level: 0
Port [ Return ] is wired: 1; IO mode=ap_ctrl_hs:ce=0
Port [ in_channels_ch1]:  wired=1; compound=1; hidden=0; nouse=0; global=0; static=0; extern=0; dir=0; type=1; pingpong=0; private_global=0; MemPort=[13]; IO mode=ap_memory:ce=0
Port [ in_channels_ch2]:  wired=1; compound=1; hidden=0; nouse=0; global=0; static=0; extern=0; dir=0; type=1; pingpong=0; private_global=0; MemPort=[13]; IO mode=ap_memory:ce=0
Port [ in_channels_ch3]:  wired=1; compound=1; hidden=0; nouse=0; global=0; static=0; extern=0; dir=0; type=1; pingpong=0; private_global=0; MemPort=[13]; IO mode=ap_memory:ce=0
Port [ in_width_read]:  wired=1; compound=0; hidden=0; nouse=0; global=0; static=0; extern=0; dir=0; type=0; pingpong=0; private_global=0; IO mode=ap_none:ce=0
Port [ in_height_read]:  wired=1; compound=0; hidden=0; nouse=0; global=0; static=0; extern=0; dir=0; type=0; pingpong=0; private_global=0; IO mode=ap_none:ce=0
Port [ out_channels_ch1]:  wired=1; compound=1; hidden=0; nouse=0; global=0; static=0; extern=0; dir=1; type=1; pingpong=0; private_global=0; MemPort=[03]; IO mode=ap_memory:ce=0
Port [ out_channels_ch2]:  wired=1; compound=1; hidden=0; nouse=0; global=0; static=0; extern=0; dir=1; type=1; pingpong=0; private_global=0; MemPort=[03]; IO mode=ap_memory:ce=0
Port [ out_channels_ch3]:  wired=1; compound=1; hidden=0; nouse=0; global=0; static=0; extern=0; dir=1; type=1; pingpong=0; private_global=0; MemPort=[03]; IO mode=ap_memory:ce=0
Port [ Y_scale]:  wired=1; compound=0; hidden=0; nouse=0; global=0; static=0; extern=0; dir=0; type=0; pingpong=0; private_global=0; IO mode=ap_none:ce=0
Port [ U_scale]:  wired=1; compound=0; hidden=0; nouse=0; global=0; static=0; extern=0; dir=0; type=0; pingpong=0; private_global=0; IO mode=ap_none:ce=0
Port [ V_scale]:  wired=1; compound=0; hidden=0; nouse=0; global=0; static=0; extern=0; dir=0; type=0; pingpong=0; private_global=0; IO mode=ap_none:ce=0
---------------- STG Properties END ------------------

---------------- Datapath Model BEGIN ----------------

<LifeTime>
<method=bitvector/>
x                       (alloca           ) [ 0111111]
V_scale_read            (read             ) [ 0000000]
U_scale_read            (read             ) [ 0000000]
Y_scale_read            (read             ) [ 0000000]
in_height_read_1        (read             ) [ 0011111]
in_width_read_1         (read             ) [ 0011111]
zext_ln145              (zext             ) [ 0011111]
zext_ln146              (zext             ) [ 0011111]
zext_ln147              (zext             ) [ 0011111]
store_ln134             (store            ) [ 0000000]
br_ln134                (br               ) [ 0000000]
x_1                     (load             ) [ 0000000]
trunc_ln134             (trunc            ) [ 0000000]
trunc_ln134_1           (trunc            ) [ 0000000]
icmp_ln134              (icmp             ) [ 0011111]
x_2                     (add              ) [ 0001111]
br_ln134                (br               ) [ 0000000]
speclooptripcount_ln136 (speclooptripcount) [ 0000000]
specloopname_ln123      (specloopname     ) [ 0000000]
tmp                     (bitconcatenate   ) [ 0000000]
tmp_1                   (bitconcatenate   ) [ 0000000]
add_ln142               (add              ) [ 0001111]
br_ln138                (br               ) [ 0011111]
mrv                     (insertvalue      ) [ 0000000]
mrv_1                   (insertvalue      ) [ 0000000]
ret_ln153               (ret              ) [ 0000000]
y                       (phi              ) [ 0001000]
icmp_ln138              (icmp             ) [ 0011111]
y_1                     (add              ) [ 0011111]
br_ln138                (br               ) [ 0000000]
zext_ln142              (zext             ) [ 0000000]
add_ln142_1             (add              ) [ 0000000]
zext_ln142_1            (zext             ) [ 0000111]
in_channels_ch1_addr    (getelementptr    ) [ 0000100]
in_channels_ch2_addr    (getelementptr    ) [ 0000100]
in_channels_ch3_addr    (getelementptr    ) [ 0000100]
store_ln134             (store            ) [ 0000000]
br_ln134                (br               ) [ 0000000]
Y                       (load             ) [ 0000010]
U                       (load             ) [ 0000010]
V                       (load             ) [ 0000010]
zext_ln145_1            (zext             ) [ 0000000]
mul_ln145               (mul              ) [ 0000000]
zext_ln146_1            (zext             ) [ 0000000]
mul_ln146               (mul              ) [ 0000000]
zext_ln147_1            (zext             ) [ 0000000]
mul_ln147               (mul              ) [ 0000000]
trunc_ln                (partselect       ) [ 0000001]
trunc_ln1               (partselect       ) [ 0000001]
trunc_ln2               (partselect       ) [ 0000001]
speclooptripcount_ln141 (speclooptripcount) [ 0000000]
specloopname_ln123      (specloopname     ) [ 0000000]
out_channels_ch1_addr   (getelementptr    ) [ 0000000]
out_channels_ch2_addr   (getelementptr    ) [ 0000000]
out_channels_ch3_addr   (getelementptr    ) [ 0000000]
store_ln148             (store            ) [ 0000000]
store_ln149             (store            ) [ 0000000]
store_ln150             (store            ) [ 0000000]
br_ln138                (br               ) [ 0011111]
</LifeTime>

<model>

<comp_list>
<comp id="0" class="1000" name="in_channels_ch1">
<pin_list>
<pin id="1" dir="1" index="0" bw="1" slack="0"/>
</pin_list>
<bind>
<StgValue><ssdm name="in_channels_ch1"/><MemPortTyVec>1 3 </MemPortTyVec>
</StgValue>
</bind>
</comp>

<comp id="2" class="1000" name="in_channels_ch2">
<pin_list>
<pin id="3" dir="1" index="0" bw="1" slack="0"/>
</pin_list>
<bind>
<StgValue><ssdm name="in_channels_ch2"/><MemPortTyVec>1 3 </MemPortTyVec>
</StgValue>
</bind>
</comp>

<comp id="4" class="1000" name="in_channels_ch3">
<pin_list>
<pin id="5" dir="1" index="0" bw="1" slack="0"/>
</pin_list>
<bind>
<StgValue><ssdm name="in_channels_ch3"/><MemPortTyVec>1 3 </MemPortTyVec>
</StgValue>
</bind>
</comp>

<comp id="6" class="1000" name="in_width_read">
<pin_list>
<pin id="7" dir="1" index="0" bw="1" slack="0"/>
</pin_list>
<bind>
<StgValue><ssdm name="in_width_read"/></StgValue>
</bind>
</comp>

<comp id="8" class="1000" name="in_height_read">
<pin_list>
<pin id="9" dir="1" index="0" bw="1" slack="0"/>
</pin_list>
<bind>
<StgValue><ssdm name="in_height_read"/></StgValue>
</bind>
</comp>

<comp id="10" class="1000" name="out_channels_ch1">
<pin_list>
<pin id="11" dir="1" index="0" bw="1" slack="0"/>
</pin_list>
<bind>
<StgValue><ssdm name="out_channels_ch1"/><MemPortTyVec>0 3 </MemPortTyVec>
</StgValue>
</bind>
</comp>

<comp id="12" class="1000" name="out_channels_ch2">
<pin_list>
<pin id="13" dir="1" index="0" bw="1" slack="0"/>
</pin_list>
<bind>
<StgValue><ssdm name="out_channels_ch2"/><MemPortTyVec>0 3 </MemPortTyVec>
</StgValue>
</bind>
</comp>

<comp id="14" class="1000" name="out_channels_ch3">
<pin_list>
<pin id="15" dir="1" index="0" bw="1" slack="0"/>
</pin_list>
<bind>
<StgValue><ssdm name="out_channels_ch3"/><MemPortTyVec>0 3 </MemPortTyVec>
</StgValue>
</bind>
</comp>

<comp id="16" class="1000" name="Y_scale">
<pin_list>
<pin id="17" dir="1" index="0" bw="1" slack="0"/>
</pin_list>
<bind>
<StgValue><ssdm name="Y_scale"/></StgValue>
</bind>
</comp>

<comp id="18" class="1000" name="U_scale">
<pin_list>
<pin id="19" dir="1" index="0" bw="1" slack="0"/>
</pin_list>
<bind>
<StgValue><ssdm name="U_scale"/></StgValue>
</bind>
</comp>

<comp id="20" class="1000" name="V_scale">
<pin_list>
<pin id="21" dir="1" index="0" bw="1" slack="0"/>
</pin_list>
<bind>
<StgValue><ssdm name="V_scale"/></StgValue>
</bind>
</comp>

<comp id="22" class="1001" name="const_22">
<pin_list>
<pin id="23" dir="1" index="0" bw="1" slack="0"/>
</pin_list>
<bind>
<StgValue><ssdm name=""/></StgValue>
</bind>
</comp>

<comp id="24" class="1001" name="const_24">
<pin_list>
<pin id="25" dir="1" index="0" bw="1" slack="0"/>
</pin_list>
<bind>
<StgValue><ssdm name="_ssdm_op_Read.ap_auto.i8"/></StgValue>
</bind>
</comp>

<comp id="26" class="1001" name="const_26">
<pin_list>
<pin id="27" dir="1" index="0" bw="1" slack="0"/>
</pin_list>
<bind>
<StgValue><ssdm name="_ssdm_op_Read.ap_auto.i16"/></StgValue>
</bind>
</comp>

<comp id="28" class="1001" name="const_28">
<pin_list>
<pin id="29" dir="1" index="0" bw="1" slack="0"/>
</pin_list>
<bind>
<StgValue><ssdm name=""/></StgValue>
</bind>
</comp>

<comp id="30" class="1001" name="const_30">
<pin_list>
<pin id="31" dir="1" index="0" bw="1" slack="0"/>
</pin_list>
<bind>
<StgValue><ssdm name=""/></StgValue>
</bind>
</comp>

<comp id="32" class="1001" name="const_32">
<pin_list>
<pin id="33" dir="1" index="0" bw="1" slack="2147483647"/>
</pin_list>
<bind>
<StgValue><ssdm name="_ssdm_op_SpecLoopTripCount"/></StgValue>
</bind>
</comp>

<comp id="34" class="1001" name="const_34">
<pin_list>
<pin id="35" dir="1" index="0" bw="1" slack="2147483647"/>
</pin_list>
<bind>
<StgValue><ssdm name=""/></StgValue>
</bind>
</comp>

<comp id="36" class="1001" name="const_36">
<pin_list>
<pin id="37" dir="1" index="0" bw="1" slack="2147483647"/>
</pin_list>
<bind>
<StgValue><ssdm name=""/></StgValue>
</bind>
</comp>

<comp id="38" class="1001" name="const_38">
<pin_list>
<pin id="39" dir="1" index="0" bw="1" slack="2147483647"/>
</pin_list>
<bind>
<StgValue><ssdm name=""/></StgValue>
</bind>
</comp>

<comp id="40" class="1001" name="const_40">
<pin_list>
<pin id="41" dir="1" index="0" bw="1" slack="2147483647"/>
</pin_list>
<bind>
<StgValue><ssdm name="_ssdm_op_SpecLoopName"/></StgValue>
</bind>
</comp>

<comp id="42" class="1001" name="const_42">
<pin_list>
<pin id="43" dir="1" index="0" bw="1" slack="2147483647"/>
</pin_list>
<bind>
<StgValue><ssdm name="empty_4"/></StgValue>
</bind>
</comp>

<comp id="44" class="1001" name="const_44">
<pin_list>
<pin id="45" dir="1" index="0" bw="1" slack="0"/>
</pin_list>
<bind>
<StgValue><ssdm name="_ssdm_op_BitConcatenate.i22.i12.i10"/></StgValue>
</bind>
</comp>

<comp id="46" class="1001" name="const_46">
<pin_list>
<pin id="47" dir="1" index="0" bw="1" slack="0"/>
</pin_list>
<bind>
<StgValue><ssdm name=""/></StgValue>
</bind>
</comp>

<comp id="48" class="1001" name="const_48">
<pin_list>
<pin id="49" dir="1" index="0" bw="1" slack="0"/>
</pin_list>
<bind>
<StgValue><ssdm name="_ssdm_op_BitConcatenate.i22.i14.i8"/></StgValue>
</bind>
</comp>

<comp id="50" class="1001" name="const_50">
<pin_list>
<pin id="51" dir="1" index="0" bw="1" slack="0"/>
</pin_list>
<bind>
<StgValue><ssdm name=""/></StgValue>
</bind>
</comp>

<comp id="52" class="1001" name="const_52">
<pin_list>
<pin id="53" dir="1" index="0" bw="1" slack="0"/>
</pin_list>
<bind>
<StgValue><ssdm name=""/></StgValue>
</bind>
</comp>

<comp id="54" class="1001" name="const_54">
<pin_list>
<pin id="55" dir="1" index="0" bw="1" slack="0"/>
</pin_list>
<bind>
<StgValue><ssdm name=""/></StgValue>
</bind>
</comp>

<comp id="56" class="1001" name="const_56">
<pin_list>
<pin id="57" dir="1" index="0" bw="1" slack="0"/>
</pin_list>
<bind>
<StgValue><ssdm name="_ssdm_op_PartSelect.i8.i15.i32.i32"/></StgValue>
</bind>
</comp>

<comp id="58" class="1001" name="const_58">
<pin_list>
<pin id="59" dir="1" index="0" bw="1" slack="0"/>
</pin_list>
<bind>
<StgValue><ssdm name=""/></StgValue>
</bind>
</comp>

<comp id="60" class="1001" name="const_60">
<pin_list>
<pin id="61" dir="1" index="0" bw="1" slack="0"/>
</pin_list>
<bind>
<StgValue><ssdm name=""/></StgValue>
</bind>
</comp>

<comp id="62" class="1001" name="const_62">
<pin_list>
<pin id="63" dir="1" index="0" bw="1" slack="2147483647"/>
</pin_list>
<bind>
<StgValue><ssdm name=""/></StgValue>
</bind>
</comp>

<comp id="64" class="1001" name="const_64">
<pin_list>
<pin id="65" dir="1" index="0" bw="1" slack="2147483647"/>
</pin_list>
<bind>
<StgValue><ssdm name=""/></StgValue>
</bind>
</comp>

<comp id="66" class="1001" name="const_66">
<pin_list>
<pin id="67" dir="1" index="0" bw="1" slack="2147483647"/>
</pin_list>
<bind>
<StgValue><ssdm name="empty_3"/></StgValue>
</bind>
</comp>

<comp id="68" class="1004" name="x_fu_68">
<pin_list>
<pin id="69" dir="0" index="0" bw="1" slack="0"/>
<pin id="70" dir="1" index="1" bw="16" slack="0"/>
</pin_list>
<bind>
<opcode="alloca(26) " fcode="alloca"/>
<opset="x/1 "/>
</bind>
</comp>

<comp id="72" class="1004" name="V_scale_read_read_fu_72">
<pin_list>
<pin id="73" dir="0" index="0" bw="8" slack="0"/>
<pin id="74" dir="0" index="1" bw="8" slack="0"/>
<pin id="75" dir="1" index="2" bw="8" slack="0"/>
</pin_list>
<bind>
<opcode="read(1150) " fcode="read"/>
<opset="V_scale_read/1 "/>
</bind>
</comp>

<comp id="78" class="1004" name="U_scale_read_read_fu_78">
<pin_list>
<pin id="79" dir="0" index="0" bw="8" slack="0"/>
<pin id="80" dir="0" index="1" bw="8" slack="0"/>
<pin id="81" dir="1" index="2" bw="8" slack="0"/>
</pin_list>
<bind>
<opcode="read(1150) " fcode="read"/>
<opset="U_scale_read/1 "/>
</bind>
</comp>

<comp id="84" class="1004" name="Y_scale_read_read_fu_84">
<pin_list>
<pin id="85" dir="0" index="0" bw="8" slack="0"/>
<pin id="86" dir="0" index="1" bw="8" slack="0"/>
<pin id="87" dir="1" index="2" bw="8" slack="0"/>
</pin_list>
<bind>
<opcode="read(1150) " fcode="read"/>
<opset="Y_scale_read/1 "/>
</bind>
</comp>

<comp id="90" class="1004" name="in_height_read_1_read_fu_90">
<pin_list>
<pin id="91" dir="0" index="0" bw="16" slack="0"/>
<pin id="92" dir="0" index="1" bw="16" slack="0"/>
<pin id="93" dir="1" index="2" bw="16" slack="1"/>
</pin_list>
<bind>
<opcode="read(1150) " fcode="read"/>
<opset="in_height_read_1/1 "/>
</bind>
</comp>

<comp id="96" class="1004" name="in_width_read_1_read_fu_96">
<pin_list>
<pin id="97" dir="0" index="0" bw="16" slack="0"/>
<pin id="98" dir="0" index="1" bw="16" slack="0"/>
<pin id="99" dir="1" index="2" bw="16" slack="1"/>
</pin_list>
<bind>
<opcode="read(1150) " fcode="read"/>
<opset="in_width_read_1/1 "/>
</bind>
</comp>

<comp id="102" class="1004" name="in_channels_ch1_addr_gep_fu_102">
<pin_list>
<pin id="103" dir="0" index="0" bw="8" slack="0"/>
<pin id="104" dir="0" index="1" bw="1" slack="0"/>
<pin id="105" dir="0" index="2" bw="22" slack="0"/>
<pin id="106" dir="1" index="3" bw="22" slack="0"/>
</pin_list>
<bind>
<opcode="getelementptr(29) " fcode="getelementptr"/>
<opset="in_channels_ch1_addr/3 "/>
</bind>
</comp>

<comp id="109" class="1004" name="in_channels_ch2_addr_gep_fu_109">
<pin_list>
<pin id="110" dir="0" index="0" bw="8" slack="0"/>
<pin id="111" dir="0" index="1" bw="1" slack="0"/>
<pin id="112" dir="0" index="2" bw="22" slack="0"/>
<pin id="113" dir="1" index="3" bw="22" slack="0"/>
</pin_list>
<bind>
<opcode="getelementptr(29) " fcode="getelementptr"/>
<opset="in_channels_ch2_addr/3 "/>
</bind>
</comp>

<comp id="116" class="1004" name="in_channels_ch3_addr_gep_fu_116">
<pin_list>
<pin id="117" dir="0" index="0" bw="8" slack="0"/>
<pin id="118" dir="0" index="1" bw="1" slack="0"/>
<pin id="119" dir="0" index="2" bw="22" slack="0"/>
<pin id="120" dir="1" index="3" bw="22" slack="0"/>
</pin_list>
<bind>
<opcode="getelementptr(29) " fcode="getelementptr"/>
<opset="in_channels_ch3_addr/3 "/>
</bind>
</comp>

<comp id="123" class="1004" name="grp_access_fu_123">
<pin_list>
<pin id="124" dir="0" index="0" bw="22" slack="0"/>
<pin id="125" dir="0" index="1" bw="8" slack="2147483647"/>
<pin id="126" dir="0" index="2" bw="0" slack="2147483647"/>
<pin id="127" dir="1" index="3" bw="8" slack="1"/>
</pin_list>
<bind>
<opcode="load(27) " fcode="load"/>
<opset="Y/3 "/>
</bind>
</comp>

<comp id="129" class="1004" name="grp_access_fu_129">
<pin_list>
<pin id="130" dir="0" index="0" bw="22" slack="0"/>
<pin id="131" dir="0" index="1" bw="8" slack="2147483647"/>
<pin id="132" dir="0" index="2" bw="0" slack="2147483647"/>
<pin id="133" dir="1" index="3" bw="8" slack="1"/>
</pin_list>
<bind>
<opcode="load(27) " fcode="load"/>
<opset="U/3 "/>
</bind>
</comp>

<comp id="135" class="1004" name="grp_access_fu_135">
<pin_list>
<pin id="136" dir="0" index="0" bw="22" slack="0"/>
<pin id="137" dir="0" index="1" bw="8" slack="2147483647"/>
<pin id="138" dir="0" index="2" bw="0" slack="2147483647"/>
<pin id="139" dir="1" index="3" bw="8" slack="1"/>
</pin_list>
<bind>
<opcode="load(27) " fcode="load"/>
<opset="V/3 "/>
</bind>
</comp>

<comp id="141" class="1004" name="out_channels_ch1_addr_gep_fu_141">
<pin_list>
<pin id="142" dir="0" index="0" bw="8" slack="0"/>
<pin id="143" dir="0" index="1" bw="1" slack="0"/>
<pin id="144" dir="0" index="2" bw="22" slack="3"/>
<pin id="145" dir="1" index="3" bw="22" slack="0"/>
</pin_list>
<bind>
<opcode="getelementptr(29) " fcode="getelementptr"/>
<opset="out_channels_ch1_addr/6 "/>
</bind>
</comp>

<comp id="148" class="1004" name="out_channels_ch2_addr_gep_fu_148">
<pin_list>
<pin id="149" dir="0" index="0" bw="8" slack="0"/>
<pin id="150" dir="0" index="1" bw="1" slack="0"/>
<pin id="151" dir="0" index="2" bw="22" slack="3"/>
<pin id="152" dir="1" index="3" bw="22" slack="0"/>
</pin_list>
<bind>
<opcode="getelementptr(29) " fcode="getelementptr"/>
<opset="out_channels_ch2_addr/6 "/>
</bind>
</comp>

<comp id="155" class="1004" name="out_channels_ch3_addr_gep_fu_155">
<pin_list>
<pin id="156" dir="0" index="0" bw="8" slack="0"/>
<pin id="157" dir="0" index="1" bw="1" slack="0"/>
<pin id="158" dir="0" index="2" bw="22" slack="3"/>
<pin id="159" dir="1" index="3" bw="22" slack="0"/>
</pin_list>
<bind>
<opcode="getelementptr(29) " fcode="getelementptr"/>
<opset="out_channels_ch3_addr/6 "/>
</bind>
</comp>

<comp id="162" class="1004" name="store_ln148_access_fu_162">
<pin_list>
<pin id="163" dir="0" index="0" bw="22" slack="0"/>
<pin id="164" dir="0" index="1" bw="8" slack="1"/>
<pin id="165" dir="0" index="2" bw="0" slack="2147483647"/>
<pin id="166" dir="1" index="3" bw="8" slack="2147483647"/>
</pin_list>
<bind>
<opcode="store(28) " fcode="store"/>
<opset="store_ln148/6 "/>
</bind>
</comp>

<comp id="168" class="1004" name="store_ln149_access_fu_168">
<pin_list>
<pin id="169" dir="0" index="0" bw="22" slack="0"/>
<pin id="170" dir="0" index="1" bw="8" slack="1"/>
<pin id="171" dir="0" index="2" bw="0" slack="2147483647"/>
<pin id="172" dir="1" index="3" bw="8" slack="2147483647"/>
</pin_list>
<bind>
<opcode="store(28) " fcode="store"/>
<opset="store_ln149/6 "/>
</bind>
</comp>

<comp id="174" class="1004" name="store_ln150_access_fu_174">
<pin_list>
<pin id="175" dir="0" index="0" bw="22" slack="0"/>
<pin id="176" dir="0" index="1" bw="8" slack="1"/>
<pin id="177" dir="0" index="2" bw="0" slack="2147483647"/>
<pin id="178" dir="1" index="3" bw="8" slack="2147483647"/>
</pin_list>
<bind>
<opcode="store(28) " fcode="store"/>
<opset="store_ln150/6 "/>
</bind>
</comp>

<comp id="180" class="1005" name="y_reg_180">
<pin_list>
<pin id="181" dir="0" index="0" bw="16" slack="1"/>
<pin id="182" dir="1" index="1" bw="16" slack="1"/>
</pin_list>
<bind>
<opset="y (phireg) "/>
</bind>
</comp>

<comp id="184" class="1004" name="y_phi_fu_184">
<pin_list>
<pin id="185" dir="0" index="0" bw="1" slack="1"/>
<pin id="186" dir="0" index="1" bw="0" slack="2147483647"/>
<pin id="187" dir="0" index="2" bw="16" slack="0"/>
<pin id="188" dir="0" index="3" bw="0" slack="2147483647"/>
<pin id="189" dir="1" index="4" bw="16" slack="0"/>
</pin_list>
<bind>
<opcode="phi(47) " fcode="phi"/>
<opset="y/3 "/>
</bind>
</comp>

<comp id="191" class="1004" name="zext_ln145_fu_191">
<pin_list>
<pin id="192" dir="0" index="0" bw="8" slack="0"/>
<pin id="193" dir="1" index="1" bw="15" slack="4"/>
</pin_list>
<bind>
<opcode="zext(34) " fcode="zext"/>
<opset="zext_ln145/1 "/>
</bind>
</comp>

<comp id="195" class="1004" name="zext_ln146_fu_195">
<pin_list>
<pin id="196" dir="0" index="0" bw="8" slack="0"/>
<pin id="197" dir="1" index="1" bw="15" slack="4"/>
</pin_list>
<bind>
<opcode="zext(34) " fcode="zext"/>
<opset="zext_ln146/1 "/>
</bind>
</comp>

<comp id="199" class="1004" name="zext_ln147_fu_199">
<pin_list>
<pin id="200" dir="0" index="0" bw="8" slack="0"/>
<pin id="201" dir="1" index="1" bw="15" slack="4"/>
</pin_list>
<bind>
<opcode="zext(34) " fcode="zext"/>
<opset="zext_ln147/1 "/>
</bind>
</comp>

<comp id="203" class="1004" name="store_ln134_store_fu_203">
<pin_list>
<pin id="204" dir="0" index="0" bw="1" slack="0"/>
<pin id="205" dir="0" index="1" bw="16" slack="0"/>
<pin id="206" dir="1" index="2" bw="0" slack="2147483647"/>
</pin_list>
<bind>
<opcode="store(28) " fcode="store"/>
<opset="store_ln134/1 "/>
</bind>
</comp>

<comp id="208" class="1004" name="x_1_load_fu_208">
<pin_list>
<pin id="209" dir="0" index="0" bw="16" slack="1"/>
<pin id="210" dir="1" index="1" bw="16" slack="0"/>
</pin_list>
<bind>
<opcode="load(27) " fcode="load"/>
<opset="x_1/2 "/>
</bind>
</comp>

<comp id="211" class="1004" name="trunc_ln134_fu_211">
<pin_list>
<pin id="212" dir="0" index="0" bw="16" slack="0"/>
<pin id="213" dir="1" index="1" bw="14" slack="0"/>
</pin_list>
<bind>
<opcode="trunc(33) " fcode="trunc"/>
<opset="trunc_ln134/2 "/>
</bind>
</comp>

<comp id="215" class="1004" name="trunc_ln134_1_fu_215">
<pin_list>
<pin id="216" dir="0" index="0" bw="16" slack="0"/>
<pin id="217" dir="1" index="1" bw="12" slack="0"/>
</pin_list>
<bind>
<opcode="trunc(33) " fcode="trunc"/>
<opset="trunc_ln134_1/2 "/>
</bind>
</comp>

<comp id="219" class="1004" name="icmp_ln134_fu_219">
<pin_list>
<pin id="220" dir="0" index="0" bw="16" slack="0"/>
<pin id="221" dir="0" index="1" bw="16" slack="1"/>
<pin id="222" dir="1" index="2" bw="1" slack="2147483647"/>
</pin_list>
<bind>
<opcode="icmp(45) " fcode="icmp"/>
<opset="icmp_ln134/2 "/>
</bind>
</comp>

<comp id="224" class="1004" name="x_2_fu_224">
<pin_list>
<pin id="225" dir="0" index="0" bw="16" slack="0"/>
<pin id="226" dir="0" index="1" bw="1" slack="0"/>
<pin id="227" dir="1" index="2" bw="16" slack="1"/>
</pin_list>
<bind>
<opcode="add(8) " fcode="add"/>
<opset="x_2/2 "/>
</bind>
</comp>

<comp id="230" class="1004" name="tmp_fu_230">
<pin_list>
<pin id="231" dir="0" index="0" bw="22" slack="0"/>
<pin id="232" dir="0" index="1" bw="12" slack="0"/>
<pin id="233" dir="0" index="2" bw="1" slack="0"/>
<pin id="234" dir="1" index="3" bw="22" slack="0"/>
</pin_list>
<bind>
<opcode="bitconcatenate(1004) " fcode="bitconcatenate"/>
<opset="tmp/2 "/>
</bind>
</comp>

<comp id="238" class="1004" name="tmp_1_fu_238">
<pin_list>
<pin id="239" dir="0" index="0" bw="22" slack="0"/>
<pin id="240" dir="0" index="1" bw="14" slack="0"/>
<pin id="241" dir="0" index="2" bw="1" slack="0"/>
<pin id="242" dir="1" index="3" bw="22" slack="0"/>
</pin_list>
<bind>
<opcode="bitconcatenate(1004) " fcode="bitconcatenate"/>
<opset="tmp_1/2 "/>
</bind>
</comp>

<comp id="246" class="1004" name="add_ln142_fu_246">
<pin_list>
<pin id="247" dir="0" index="0" bw="22" slack="0"/>
<pin id="248" dir="0" index="1" bw="22" slack="0"/>
<pin id="249" dir="1" index="2" bw="22" slack="1"/>
</pin_list>
<bind>
<opcode="add(8) " fcode="add"/>
<opset="add_ln142/2 "/>
</bind>
</comp>

<comp id="252" class="1004" name="mrv_fu_252">
<pin_list>
<pin id="253" dir="0" index="0" bw="32" slack="0"/>
<pin id="254" dir="0" index="1" bw="16" slack="1"/>
<pin id="255" dir="1" index="2" bw="32" slack="0"/>
</pin_list>
<bind>
<opcode="insertvalue(57) " fcode="insertvalue"/>
<opset="mrv/2 "/>
</bind>
</comp>

<comp id="257" class="1004" name="mrv_1_fu_257">
<pin_list>
<pin id="258" dir="0" index="0" bw="32" slack="0"/>
<pin id="259" dir="0" index="1" bw="16" slack="1"/>
<pin id="260" dir="1" index="2" bw="32" slack="2147483647"/>
</pin_list>
<bind>
<opcode="insertvalue(57) " fcode="insertvalue"/>
<opset="mrv_1/2 "/>
</bind>
</comp>

<comp id="262" class="1004" name="icmp_ln138_fu_262">
<pin_list>
<pin id="263" dir="0" index="0" bw="16" slack="0"/>
<pin id="264" dir="0" index="1" bw="16" slack="2"/>
<pin id="265" dir="1" index="2" bw="1" slack="2147483647"/>
</pin_list>
<bind>
<opcode="icmp(45) " fcode="icmp"/>
<opset="icmp_ln138/3 "/>
</bind>
</comp>

<comp id="267" class="1004" name="y_1_fu_267">
<pin_list>
<pin id="268" dir="0" index="0" bw="16" slack="0"/>
<pin id="269" dir="0" index="1" bw="1" slack="0"/>
<pin id="270" dir="1" index="2" bw="16" slack="0"/>
</pin_list>
<bind>
<opcode="add(8) " fcode="add"/>
<opset="y_1/3 "/>
</bind>
</comp>

<comp id="273" class="1004" name="zext_ln142_fu_273">
<pin_list>
<pin id="274" dir="0" index="0" bw="16" slack="0"/>
<pin id="275" dir="1" index="1" bw="22" slack="0"/>
</pin_list>
<bind>
<opcode="zext(34) " fcode="zext"/>
<opset="zext_ln142/3 "/>
</bind>
</comp>

<comp id="277" class="1004" name="add_ln142_1_fu_277">
<pin_list>
<pin id="278" dir="0" index="0" bw="22" slack="1"/>
<pin id="279" dir="0" index="1" bw="16" slack="0"/>
<pin id="280" dir="1" index="2" bw="22" slack="0"/>
</pin_list>
<bind>
<opcode="add(8) " fcode="add"/>
<opset="add_ln142_1/3 "/>
</bind>
</comp>

<comp id="282" class="1004" name="zext_ln142_1_fu_282">
<pin_list>
<pin id="283" dir="0" index="0" bw="22" slack="0"/>
<pin id="284" dir="1" index="1" bw="64" slack="0"/>
</pin_list>
<bind>
<opcode="zext(34) " fcode="zext"/>
<opset="zext_ln142_1/3 "/>
</bind>
</comp>

<comp id="289" class="1004" name="store_ln134_store_fu_289">
<pin_list>
<pin id="290" dir="0" index="0" bw="16" slack="1"/>
<pin id="291" dir="0" index="1" bw="16" slack="2"/>
<pin id="292" dir="1" index="2" bw="0" slack="2147483647"/>
</pin_list>
<bind>
<opcode="store(28) " fcode="store"/>
<opset="store_ln134/3 "/>
</bind>
</comp>

<comp id="293" class="1004" name="zext_ln145_1_fu_293">
<pin_list>
<pin id="294" dir="0" index="0" bw="8" slack="1"/>
<pin id="295" dir="1" index="1" bw="15" slack="0"/>
</pin_list>
<bind>
<opcode="zext(34) " fcode="zext"/>
<opset="zext_ln145_1/5 "/>
</bind>
</comp>

<comp id="296" class="1004" name="mul_ln145_fu_296">
<pin_list>
<pin id="297" dir="0" index="0" bw="8" slack="0"/>
<pin id="298" dir="0" index="1" bw="8" slack="4"/>
<pin id="299" dir="1" index="2" bw="15" slack="0"/>
</pin_list>
<bind>
<opcode="mul(12) " fcode="mul"/>
<opset="mul_ln145/5 "/>
</bind>
</comp>

<comp id="301" class="1004" name="zext_ln146_1_fu_301">
<pin_list>
<pin id="302" dir="0" index="0" bw="8" slack="1"/>
<pin id="303" dir="1" index="1" bw="15" slack="0"/>
</pin_list>
<bind>
<opcode="zext(34) " fcode="zext"/>
<opset="zext_ln146_1/5 "/>
</bind>
</comp>

<comp id="304" class="1004" name="mul_ln146_fu_304">
<pin_list>
<pin id="305" dir="0" index="0" bw="8" slack="0"/>
<pin id="306" dir="0" index="1" bw="8" slack="4"/>
<pin id="307" dir="1" index="2" bw="15" slack="0"/>
</pin_list>
<bind>
<opcode="mul(12) " fcode="mul"/>
<opset="mul_ln146/5 "/>
</bind>
</comp>

<comp id="309" class="1004" name="zext_ln147_1_fu_309">
<pin_list>
<pin id="310" dir="0" index="0" bw="8" slack="1"/>
<pin id="311" dir="1" index="1" bw="15" slack="0"/>
</pin_list>
<bind>
<opcode="zext(34) " fcode="zext"/>
<opset="zext_ln147_1/5 "/>
</bind>
</comp>

<comp id="312" class="1004" name="mul_ln147_fu_312">
<pin_list>
<pin id="313" dir="0" index="0" bw="8" slack="0"/>
<pin id="314" dir="0" index="1" bw="8" slack="4"/>
<pin id="315" dir="1" index="2" bw="15" slack="0"/>
</pin_list>
<bind>
<opcode="mul(12) " fcode="mul"/>
<opset="mul_ln147/5 "/>
</bind>
</comp>

<comp id="317" class="1004" name="trunc_ln_fu_317">
<pin_list>
<pin id="318" dir="0" index="0" bw="8" slack="0"/>
<pin id="319" dir="0" index="1" bw="15" slack="0"/>
<pin id="320" dir="0" index="2" bw="4" slack="0"/>
<pin id="321" dir="0" index="3" bw="5" slack="0"/>
<pin id="322" dir="1" index="4" bw="8" slack="1"/>
</pin_list>
<bind>
<opcode="partselect(1002) " fcode="partselect"/>
<opset="trunc_ln/5 "/>
</bind>
</comp>

<comp id="327" class="1004" name="trunc_ln1_fu_327">
<pin_list>
<pin id="328" dir="0" index="0" bw="8" slack="0"/>
<pin id="329" dir="0" index="1" bw="15" slack="0"/>
<pin id="330" dir="0" index="2" bw="4" slack="0"/>
<pin id="331" dir="0" index="3" bw="5" slack="0"/>
<pin id="332" dir="1" index="4" bw="8" slack="1"/>
</pin_list>
<bind>
<opcode="partselect(1002) " fcode="partselect"/>
<opset="trunc_ln1/5 "/>
</bind>
</comp>

<comp id="337" class="1004" name="trunc_ln2_fu_337">
<pin_list>
<pin id="338" dir="0" index="0" bw="8" slack="0"/>
<pin id="339" dir="0" index="1" bw="15" slack="0"/>
<pin id="340" dir="0" index="2" bw="4" slack="0"/>
<pin id="341" dir="0" index="3" bw="5" slack="0"/>
<pin id="342" dir="1" index="4" bw="8" slack="1"/>
</pin_list>
<bind>
<opcode="partselect(1002) " fcode="partselect"/>
<opset="trunc_ln2/5 "/>
</bind>
</comp>

<comp id="347" class="1005" name="x_reg_347">
<pin_list>
<pin id="348" dir="0" index="0" bw="16" slack="0"/>
<pin id="349" dir="1" index="1" bw="16" slack="0"/>
</pin_list>
<bind>
<opset="x "/>
</bind>
</comp>

<comp id="354" class="1005" name="in_height_read_1_reg_354">
<pin_list>
<pin id="355" dir="0" index="0" bw="16" slack="1"/>
<pin id="356" dir="1" index="1" bw="16" slack="1"/>
</pin_list>
<bind>
<opset="in_height_read_1 "/>
</bind>
</comp>

<comp id="360" class="1005" name="in_width_read_1_reg_360">
<pin_list>
<pin id="361" dir="0" index="0" bw="16" slack="1"/>
<pin id="362" dir="1" index="1" bw="16" slack="1"/>
</pin_list>
<bind>
<opset="in_width_read_1 "/>
</bind>
</comp>

<comp id="366" class="1005" name="zext_ln145_reg_366">
<pin_list>
<pin id="367" dir="0" index="0" bw="15" slack="4"/>
<pin id="368" dir="1" index="1" bw="15" slack="4"/>
</pin_list>
<bind>
<opset="zext_ln145 "/>
</bind>
</comp>

<comp id="371" class="1005" name="zext_ln146_reg_371">
<pin_list>
<pin id="372" dir="0" index="0" bw="15" slack="4"/>
<pin id="373" dir="1" index="1" bw="15" slack="4"/>
</pin_list>
<bind>
<opset="zext_ln146 "/>
</bind>
</comp>

<comp id="376" class="1005" name="zext_ln147_reg_376">
<pin_list>
<pin id="377" dir="0" index="0" bw="15" slack="4"/>
<pin id="378" dir="1" index="1" bw="15" slack="4"/>
</pin_list>
<bind>
<opset="zext_ln147 "/>
</bind>
</comp>

<comp id="384" class="1005" name="x_2_reg_384">
<pin_list>
<pin id="385" dir="0" index="0" bw="16" slack="1"/>
<pin id="386" dir="1" index="1" bw="16" slack="1"/>
</pin_list>
<bind>
<opset="x_2 "/>
</bind>
</comp>

<comp id="389" class="1005" name="add_ln142_reg_389">
<pin_list>
<pin id="390" dir="0" index="0" bw="22" slack="1"/>
<pin id="391" dir="1" index="1" bw="22" slack="1"/>
</pin_list>
<bind>
<opset="add_ln142 "/>
</bind>
</comp>

<comp id="397" class="1005" name="y_1_reg_397">
<pin_list>
<pin id="398" dir="0" index="0" bw="16" slack="0"/>
<pin id="399" dir="1" index="1" bw="16" slack="0"/>
</pin_list>
<bind>
<opset="y_1 "/>
</bind>
</comp>

<comp id="402" class="1005" name="zext_ln142_1_reg_402">
<pin_list>
<pin id="403" dir="0" index="0" bw="64" slack="3"/>
<pin id="404" dir="1" index="1" bw="64" slack="3"/>
</pin_list>
<bind>
<opset="zext_ln142_1 "/>
</bind>
</comp>

<comp id="409" class="1005" name="in_channels_ch1_addr_reg_409">
<pin_list>
<pin id="410" dir="0" index="0" bw="22" slack="1"/>
<pin id="411" dir="1" index="1" bw="22" slack="1"/>
</pin_list>
<bind>
<opset="in_channels_ch1_addr "/>
</bind>
</comp>

<comp id="414" class="1005" name="in_channels_ch2_addr_reg_414">
<pin_list>
<pin id="415" dir="0" index="0" bw="22" slack="1"/>
<pin id="416" dir="1" index="1" bw="22" slack="1"/>
</pin_list>
<bind>
<opset="in_channels_ch2_addr "/>
</bind>
</comp>

<comp id="419" class="1005" name="in_channels_ch3_addr_reg_419">
<pin_list>
<pin id="420" dir="0" index="0" bw="22" slack="1"/>
<pin id="421" dir="1" index="1" bw="22" slack="1"/>
</pin_list>
<bind>
<opset="in_channels_ch3_addr "/>
</bind>
</comp>

<comp id="424" class="1005" name="Y_reg_424">
<pin_list>
<pin id="425" dir="0" index="0" bw="8" slack="1"/>
<pin id="426" dir="1" index="1" bw="8" slack="1"/>
</pin_list>
<bind>
<opset="Y "/>
</bind>
</comp>

<comp id="429" class="1005" name="U_reg_429">
<pin_list>
<pin id="430" dir="0" index="0" bw="8" slack="1"/>
<pin id="431" dir="1" index="1" bw="8" slack="1"/>
</pin_list>
<bind>
<opset="U "/>
</bind>
</comp>

<comp id="434" class="1005" name="V_reg_434">
<pin_list>
<pin id="435" dir="0" index="0" bw="8" slack="1"/>
<pin id="436" dir="1" index="1" bw="8" slack="1"/>
</pin_list>
<bind>
<opset="V "/>
</bind>
</comp>

<comp id="439" class="1005" name="trunc_ln_reg_439">
<pin_list>
<pin id="440" dir="0" index="0" bw="8" slack="1"/>
<pin id="441" dir="1" index="1" bw="8" slack="1"/>
</pin_list>
<bind>
<opset="trunc_ln "/>
</bind>
</comp>

<comp id="444" class="1005" name="trunc_ln1_reg_444">
<pin_list>
<pin id="445" dir="0" index="0" bw="8" slack="1"/>
<pin id="446" dir="1" index="1" bw="8" slack="1"/>
</pin_list>
<bind>
<opset="trunc_ln1 "/>
</bind>
</comp>

<comp id="449" class="1005" name="trunc_ln2_reg_449">
<pin_list>
<pin id="450" dir="0" index="0" bw="8" slack="1"/>
<pin id="451" dir="1" index="1" bw="8" slack="1"/>
</pin_list>
<bind>
<opset="trunc_ln2 "/>
</bind>
</comp>

</comp_list>

<net_list>
<net id="71"><net_src comp="22" pin="0"/><net_sink comp="68" pin=0"/></net>

<net id="76"><net_src comp="24" pin="0"/><net_sink comp="72" pin=0"/></net>

<net id="77"><net_src comp="20" pin="0"/><net_sink comp="72" pin=1"/></net>

<net id="82"><net_src comp="24" pin="0"/><net_sink comp="78" pin=0"/></net>

<net id="83"><net_src comp="18" pin="0"/><net_sink comp="78" pin=1"/></net>

<net id="88"><net_src comp="24" pin="0"/><net_sink comp="84" pin=0"/></net>

<net id="89"><net_src comp="16" pin="0"/><net_sink comp="84" pin=1"/></net>

<net id="94"><net_src comp="26" pin="0"/><net_sink comp="90" pin=0"/></net>

<net id="95"><net_src comp="8" pin="0"/><net_sink comp="90" pin=1"/></net>

<net id="100"><net_src comp="26" pin="0"/><net_sink comp="96" pin=0"/></net>

<net id="101"><net_src comp="6" pin="0"/><net_sink comp="96" pin=1"/></net>

<net id="107"><net_src comp="0" pin="0"/><net_sink comp="102" pin=0"/></net>

<net id="108"><net_src comp="54" pin="0"/><net_sink comp="102" pin=1"/></net>

<net id="114"><net_src comp="2" pin="0"/><net_sink comp="109" pin=0"/></net>

<net id="115"><net_src comp="54" pin="0"/><net_sink comp="109" pin=1"/></net>

<net id="121"><net_src comp="4" pin="0"/><net_sink comp="116" pin=0"/></net>

<net id="122"><net_src comp="54" pin="0"/><net_sink comp="116" pin=1"/></net>

<net id="128"><net_src comp="102" pin="3"/><net_sink comp="123" pin=0"/></net>

<net id="134"><net_src comp="109" pin="3"/><net_sink comp="129" pin=0"/></net>

<net id="140"><net_src comp="116" pin="3"/><net_sink comp="135" pin=0"/></net>

<net id="146"><net_src comp="10" pin="0"/><net_sink comp="141" pin=0"/></net>

<net id="147"><net_src comp="54" pin="0"/><net_sink comp="141" pin=1"/></net>

<net id="153"><net_src comp="12" pin="0"/><net_sink comp="148" pin=0"/></net>

<net id="154"><net_src comp="54" pin="0"/><net_sink comp="148" pin=1"/></net>

<net id="160"><net_src comp="14" pin="0"/><net_sink comp="155" pin=0"/></net>

<net id="161"><net_src comp="54" pin="0"/><net_sink comp="155" pin=1"/></net>

<net id="167"><net_src comp="141" pin="3"/><net_sink comp="162" pin=0"/></net>

<net id="173"><net_src comp="148" pin="3"/><net_sink comp="168" pin=0"/></net>

<net id="179"><net_src comp="155" pin="3"/><net_sink comp="174" pin=0"/></net>

<net id="183"><net_src comp="28" pin="0"/><net_sink comp="180" pin=0"/></net>

<net id="190"><net_src comp="180" pin="1"/><net_sink comp="184" pin=0"/></net>

<net id="194"><net_src comp="84" pin="2"/><net_sink comp="191" pin=0"/></net>

<net id="198"><net_src comp="78" pin="2"/><net_sink comp="195" pin=0"/></net>

<net id="202"><net_src comp="72" pin="2"/><net_sink comp="199" pin=0"/></net>

<net id="207"><net_src comp="28" pin="0"/><net_sink comp="203" pin=0"/></net>

<net id="214"><net_src comp="208" pin="1"/><net_sink comp="211" pin=0"/></net>

<net id="218"><net_src comp="208" pin="1"/><net_sink comp="215" pin=0"/></net>

<net id="223"><net_src comp="208" pin="1"/><net_sink comp="219" pin=0"/></net>

<net id="228"><net_src comp="208" pin="1"/><net_sink comp="224" pin=0"/></net>

<net id="229"><net_src comp="30" pin="0"/><net_sink comp="224" pin=1"/></net>

<net id="235"><net_src comp="44" pin="0"/><net_sink comp="230" pin=0"/></net>

<net id="236"><net_src comp="215" pin="1"/><net_sink comp="230" pin=1"/></net>

<net id="237"><net_src comp="46" pin="0"/><net_sink comp="230" pin=2"/></net>

<net id="243"><net_src comp="48" pin="0"/><net_sink comp="238" pin=0"/></net>

<net id="244"><net_src comp="211" pin="1"/><net_sink comp="238" pin=1"/></net>

<net id="245"><net_src comp="50" pin="0"/><net_sink comp="238" pin=2"/></net>

<net id="250"><net_src comp="230" pin="3"/><net_sink comp="246" pin=0"/></net>

<net id="251"><net_src comp="238" pin="3"/><net_sink comp="246" pin=1"/></net>

<net id="256"><net_src comp="52" pin="0"/><net_sink comp="252" pin=0"/></net>

<net id="261"><net_src comp="252" pin="2"/><net_sink comp="257" pin=0"/></net>

<net id="266"><net_src comp="184" pin="4"/><net_sink comp="262" pin=0"/></net>

<net id="271"><net_src comp="184" pin="4"/><net_sink comp="267" pin=0"/></net>

<net id="272"><net_src comp="30" pin="0"/><net_sink comp="267" pin=1"/></net>

<net id="276"><net_src comp="184" pin="4"/><net_sink comp="273" pin=0"/></net>

<net id="281"><net_src comp="273" pin="1"/><net_sink comp="277" pin=1"/></net>

<net id="285"><net_src comp="277" pin="2"/><net_sink comp="282" pin=0"/></net>

<net id="286"><net_src comp="282" pin="1"/><net_sink comp="102" pin=2"/></net>

<net id="287"><net_src comp="282" pin="1"/><net_sink comp="109" pin=2"/></net>

<net id="288"><net_src comp="282" pin="1"/><net_sink comp="116" pin=2"/></net>

<net id="300"><net_src comp="293" pin="1"/><net_sink comp="296" pin=0"/></net>

<net id="308"><net_src comp="301" pin="1"/><net_sink comp="304" pin=0"/></net>

<net id="316"><net_src comp="309" pin="1"/><net_sink comp="312" pin=0"/></net>

<net id="323"><net_src comp="56" pin="0"/><net_sink comp="317" pin=0"/></net>

<net id="324"><net_src comp="296" pin="2"/><net_sink comp="317" pin=1"/></net>

<net id="325"><net_src comp="58" pin="0"/><net_sink comp="317" pin=2"/></net>

<net id="326"><net_src comp="60" pin="0"/><net_sink comp="317" pin=3"/></net>

<net id="333"><net_src comp="56" pin="0"/><net_sink comp="327" pin=0"/></net>

<net id="334"><net_src comp="304" pin="2"/><net_sink comp="327" pin=1"/></net>

<net id="335"><net_src comp="58" pin="0"/><net_sink comp="327" pin=2"/></net>

<net id="336"><net_src comp="60" pin="0"/><net_sink comp="327" pin=3"/></net>

<net id="343"><net_src comp="56" pin="0"/><net_sink comp="337" pin=0"/></net>

<net id="344"><net_src comp="312" pin="2"/><net_sink comp="337" pin=1"/></net>

<net id="345"><net_src comp="58" pin="0"/><net_sink comp="337" pin=2"/></net>

<net id="346"><net_src comp="60" pin="0"/><net_sink comp="337" pin=3"/></net>

<net id="350"><net_src comp="68" pin="1"/><net_sink comp="347" pin=0"/></net>

<net id="351"><net_src comp="347" pin="1"/><net_sink comp="203" pin=1"/></net>

<net id="352"><net_src comp="347" pin="1"/><net_sink comp="208" pin=0"/></net>

<net id="353"><net_src comp="347" pin="1"/><net_sink comp="289" pin=1"/></net>

<net id="357"><net_src comp="90" pin="2"/><net_sink comp="354" pin=0"/></net>

<net id="358"><net_src comp="354" pin="1"/><net_sink comp="257" pin=1"/></net>

<net id="359"><net_src comp="354" pin="1"/><net_sink comp="262" pin=1"/></net>

<net id="363"><net_src comp="96" pin="2"/><net_sink comp="360" pin=0"/></net>

<net id="364"><net_src comp="360" pin="1"/><net_sink comp="219" pin=1"/></net>

<net id="365"><net_src comp="360" pin="1"/><net_sink comp="252" pin=1"/></net>

<net id="369"><net_src comp="191" pin="1"/><net_sink comp="366" pin=0"/></net>

<net id="370"><net_src comp="366" pin="1"/><net_sink comp="296" pin=1"/></net>

<net id="374"><net_src comp="195" pin="1"/><net_sink comp="371" pin=0"/></net>

<net id="375"><net_src comp="371" pin="1"/><net_sink comp="304" pin=1"/></net>

<net id="379"><net_src comp="199" pin="1"/><net_sink comp="376" pin=0"/></net>

<net id="380"><net_src comp="376" pin="1"/><net_sink comp="312" pin=1"/></net>

<net id="387"><net_src comp="224" pin="2"/><net_sink comp="384" pin=0"/></net>

<net id="388"><net_src comp="384" pin="1"/><net_sink comp="289" pin=0"/></net>

<net id="392"><net_src comp="246" pin="2"/><net_sink comp="389" pin=0"/></net>

<net id="393"><net_src comp="389" pin="1"/><net_sink comp="277" pin=0"/></net>

<net id="400"><net_src comp="267" pin="2"/><net_sink comp="397" pin=0"/></net>

<net id="401"><net_src comp="397" pin="1"/><net_sink comp="184" pin=2"/></net>

<net id="405"><net_src comp="282" pin="1"/><net_sink comp="402" pin=0"/></net>

<net id="406"><net_src comp="402" pin="1"/><net_sink comp="141" pin=2"/></net>

<net id="407"><net_src comp="402" pin="1"/><net_sink comp="148" pin=2"/></net>

<net id="408"><net_src comp="402" pin="1"/><net_sink comp="155" pin=2"/></net>

<net id="412"><net_src comp="102" pin="3"/><net_sink comp="409" pin=0"/></net>

<net id="413"><net_src comp="409" pin="1"/><net_sink comp="123" pin=0"/></net>

<net id="417"><net_src comp="109" pin="3"/><net_sink comp="414" pin=0"/></net>

<net id="418"><net_src comp="414" pin="1"/><net_sink comp="129" pin=0"/></net>

<net id="422"><net_src comp="116" pin="3"/><net_sink comp="419" pin=0"/></net>

<net id="423"><net_src comp="419" pin="1"/><net_sink comp="135" pin=0"/></net>

<net id="427"><net_src comp="123" pin="3"/><net_sink comp="424" pin=0"/></net>

<net id="428"><net_src comp="424" pin="1"/><net_sink comp="293" pin=0"/></net>

<net id="432"><net_src comp="129" pin="3"/><net_sink comp="429" pin=0"/></net>

<net id="433"><net_src comp="429" pin="1"/><net_sink comp="301" pin=0"/></net>

<net id="437"><net_src comp="135" pin="3"/><net_sink comp="434" pin=0"/></net>

<net id="438"><net_src comp="434" pin="1"/><net_sink comp="309" pin=0"/></net>

<net id="442"><net_src comp="317" pin="4"/><net_sink comp="439" pin=0"/></net>

<net id="443"><net_src comp="439" pin="1"/><net_sink comp="162" pin=1"/></net>

<net id="447"><net_src comp="327" pin="4"/><net_sink comp="444" pin=0"/></net>

<net id="448"><net_src comp="444" pin="1"/><net_sink comp="168" pin=1"/></net>

<net id="452"><net_src comp="337" pin="4"/><net_sink comp="449" pin=0"/></net>

<net id="453"><net_src comp="449" pin="1"/><net_sink comp="174" pin=1"/></net>

</net_list>

</model> 
---------------- Datapath Model END ------------------

* FSMD analyzer results:
  - Output states:
	Port: out_channels_ch1 | {6 }
	Port: out_channels_ch2 | {6 }
	Port: out_channels_ch3 | {6 }
 - Input state : 
	Port: yuv_scale : in_channels_ch1 | {3 4 }
	Port: yuv_scale : in_channels_ch2 | {3 4 }
	Port: yuv_scale : in_channels_ch3 | {3 4 }
	Port: yuv_scale : in_width_read | {1 }
	Port: yuv_scale : in_height_read | {1 }
	Port: yuv_scale : Y_scale | {1 }
	Port: yuv_scale : U_scale | {1 }
	Port: yuv_scale : V_scale | {1 }
  - Chain level:
	State 1
		store_ln134 : 1
	State 2
		trunc_ln134 : 1
		trunc_ln134_1 : 1
		icmp_ln134 : 1
		x_2 : 1
		br_ln134 : 2
		tmp : 2
		tmp_1 : 2
		add_ln142 : 3
		mrv_1 : 1
		ret_ln153 : 2
	State 3
		icmp_ln138 : 1
		y_1 : 1
		br_ln138 : 2
		zext_ln142 : 1
		add_ln142_1 : 2
		zext_ln142_1 : 3
		in_channels_ch1_addr : 4
		in_channels_ch2_addr : 4
		in_channels_ch3_addr : 4
		Y : 5
		U : 5
		V : 5
	State 4
	State 5
		mul_ln145 : 1
		mul_ln146 : 1
		mul_ln147 : 1
		trunc_ln : 2
		trunc_ln1 : 2
		trunc_ln2 : 2
	State 6
		store_ln148 : 1
		store_ln149 : 1
		store_ln150 : 1


============================================================
+ Verbose Summary: Datapath Resource usage 
============================================================

* Functional unit list:
|----------|-----------------------------|---------|---------|---------|
| Operation|       Functional Unit       |   DSP   |    FF   |   LUT   |
|----------|-----------------------------|---------|---------|---------|
|          |       mul_ln145_fu_296      |    0    |    0    |    41   |
|    mul   |       mul_ln146_fu_304      |    0    |    0    |    41   |
|          |       mul_ln147_fu_312      |    0    |    0    |    41   |
|----------|-----------------------------|---------|---------|---------|
|          |          x_2_fu_224         |    0    |    0    |    23   |
|    add   |       add_ln142_fu_246      |    0    |    0    |    29   |
|          |          y_1_fu_267         |    0    |    0    |    23   |
|          |      add_ln142_1_fu_277     |    0    |    0    |    29   |
|----------|-----------------------------|---------|---------|---------|
|   icmp   |      icmp_ln134_fu_219      |    0    |    0    |    13   |
|          |      icmp_ln138_fu_262      |    0    |    0    |    13   |
|----------|-----------------------------|---------|---------|---------|
|          |   V_scale_read_read_fu_72   |    0    |    0    |    0    |
|          |   U_scale_read_read_fu_78   |    0    |    0    |    0    |
|   read   |   Y_scale_read_read_fu_84   |    0    |    0    |    0    |
|          | in_height_read_1_read_fu_90 |    0    |    0    |    0    |
|          |  in_width_read_1_read_fu_96 |    0    |    0    |    0    |
|----------|-----------------------------|---------|---------|---------|
|          |      zext_ln145_fu_191      |    0    |    0    |    0    |
|          |      zext_ln146_fu_195      |    0    |    0    |    0    |
|          |      zext_ln147_fu_199      |    0    |    0    |    0    |
|   zext   |      zext_ln142_fu_273      |    0    |    0    |    0    |
|          |     zext_ln142_1_fu_282     |    0    |    0    |    0    |
|          |     zext_ln145_1_fu_293     |    0    |    0    |    0    |
|          |     zext_ln146_1_fu_301     |    0    |    0    |    0    |
|          |     zext_ln147_1_fu_309     |    0    |    0    |    0    |
|----------|-----------------------------|---------|---------|---------|
|   trunc  |      trunc_ln134_fu_211     |    0    |    0    |    0    |
|          |     trunc_ln134_1_fu_215    |    0    |    0    |    0    |
|----------|-----------------------------|---------|---------|---------|
|bitconcatenate|          tmp_fu_230         |    0    |    0    |    0    |
|          |         tmp_1_fu_238        |    0    |    0    |    0    |
|----------|-----------------------------|---------|---------|---------|
|insertvalue|          mrv_fu_252         |    0    |    0    |    0    |
|          |         mrv_1_fu_257        |    0    |    0    |    0    |
|----------|-----------------------------|---------|---------|---------|
|          |       trunc_ln_fu_317       |    0    |    0    |    0    |
|partselect|       trunc_ln1_fu_327      |    0    |    0    |    0    |
|          |       trunc_ln2_fu_337      |    0    |    0    |    0    |
|----------|-----------------------------|---------|---------|---------|
|   Total  |                             |    0    |    0    |   253   |
|----------|-----------------------------|---------|---------|---------|

Memories:
N/A

* Register list:
+----------------------------+--------+
|                            |   FF   |
+----------------------------+--------+
|          U_reg_429         |    8   |
|          V_reg_434         |    8   |
|          Y_reg_424         |    8   |
|      add_ln142_reg_389     |   22   |
|in_channels_ch1_addr_reg_409|   22   |
|in_channels_ch2_addr_reg_414|   22   |
|in_channels_ch3_addr_reg_419|   22   |
|  in_height_read_1_reg_354  |   16   |
|   in_width_read_1_reg_360  |   16   |
|      trunc_ln1_reg_444     |    8   |
|      trunc_ln2_reg_449     |    8   |
|      trunc_ln_reg_439      |    8   |
|         x_2_reg_384        |   16   |
|          x_reg_347         |   16   |
|         y_1_reg_397        |   16   |
|          y_reg_180         |   16   |
|    zext_ln142_1_reg_402    |   64   |
|     zext_ln145_reg_366     |   15   |
|     zext_ln146_reg_371     |   15   |
|     zext_ln147_reg_376     |   15   |
+----------------------------+--------+
|            Total           |   341  |
+----------------------------+--------+

* Multiplexer (MUX) list: 
|-------------------|------|------|------|--------||---------||---------|
|        Comp       |  Pin | Size |  BW  | S x BW ||  Delay  ||   LUT   |
|-------------------|------|------|------|--------||---------||---------|
| grp_access_fu_123 |  p0  |   2  |  22  |   44   ||    9    |
| grp_access_fu_129 |  p0  |   2  |  22  |   44   ||    9    |
| grp_access_fu_135 |  p0  |   2  |  22  |   44   ||    9    |
|-------------------|------|------|------|--------||---------||---------|
|       Total       |      |      |      |   132  ||  4.764  ||    27   |
|-------------------|------|------|------|--------||---------||---------|



* Summary:
+-----------+--------+--------+--------+--------+
|           |   DSP  |  Delay |   FF   |   LUT  |
+-----------+--------+--------+--------+--------+
|  Function |    0   |    -   |    0   |   253  |
|   Memory  |    -   |    -   |    -   |    -   |
|Multiplexer|    -   |    4   |    -   |   27   |
|  Register |    -   |    -   |   341  |    -   |
+-----------+--------+--------+--------+--------+
|   Total   |    0   |    4   |   341  |   280  |
+-----------+--------+--------+--------+--------+
