17:39:29 DEBUG : Logs will be stored at '/scratch/smr3765/labs/Lab3_PWM_Simulation/lab_custom_ip/vitis/IDE.log'.
17:39:43 INFO  : Launching XSCT server: xsct -n  -interactive /scratch/smr3765/labs/Lab3_PWM_Simulation/lab_custom_ip/vitis/temp_xsdb_launch_script.tcl
17:39:45 INFO  : Registering command handlers for Vitis TCF services
17:39:50 INFO  : Platform repository initialization has completed.
17:40:28 INFO  : XSCT server has started successfully.
17:40:33 INFO  : plnx-install-location is set to ''
17:40:33 INFO  : Successfully done setting XSCT server connection channel  
17:40:33 INFO  : Successfully done query RDI_DATADIR 
17:40:33 INFO  : Successfully done setting workspace for the tool. 
17:43:58 INFO  : Result from executing command 'getProjects': lab_custom_ip
17:43:58 INFO  : Result from executing command 'getPlatforms': xilinx_zcu102_base_202210_1|/scratch/Xilinx/Vitis/2022.1/base_platforms/xilinx_zcu102_base_202210_1/xilinx_zcu102_base_202210_1.xpfm;xilinx_zcu102_base_dfx_202210_1|/scratch/Xilinx/Vitis/2022.1/base_platforms/xilinx_zcu102_base_dfx_202210_1/xilinx_zcu102_base_dfx_202210_1.xpfm;xilinx_zcu104_base_202210_1|/scratch/Xilinx/Vitis/2022.1/base_platforms/xilinx_zcu104_base_202210_1/xilinx_zcu104_base_202210_1.xpfm
17:43:59 WARN  : An unexpected exception occurred in the module 'platform project logging'
17:44:00 INFO  : Platform 'lab_custom_ip' is added to custom repositories.
17:44:04 ERROR : 
org.eclipse.core.runtime.CoreException: CDT Project already configured
	at org.eclipse.cdt.internal.core.settings.model.ExceptionFactory.createCoreException(ExceptionFactory.java:26) ~[org.eclipse.cdt.core_6.4.0.201802261533.jar:?]
	at org.eclipse.cdt.core.CCorePlugin.mapCProjectOwner(CCorePlugin.java:890) ~[org.eclipse.cdt.core_6.4.0.201802261533.jar:?]
	at org.eclipse.cdt.core.CCorePlugin$1.run(CCorePlugin.java:945) ~[org.eclipse.cdt.core_6.4.0.201802261533.jar:?]
	at org.eclipse.core.internal.resources.Workspace.run(Workspace.java:2292) ~[org.eclipse.core.resources_3.13.700.v20200209-1624.jar:?]
	at org.eclipse.cdt.core.CCorePlugin.createCProject(CCorePlugin.java:930) ~[org.eclipse.cdt.core_6.4.0.201802261533.jar:?]
	at com.xilinx.sdx.sdk.core.gen.AppCreationHandler.createCProject(AppCreationHandler.java:92) ~[?:?]
	at com.xilinx.sdx.sdk.core.gen.StandaloneProjectHandler.createCoreApp(StandaloneProjectHandler.java:67) ~[?:?]
	at com.xilinx.sdx.sdk.core.gen.AppCreationHandler.createApplication(AppCreationHandler.java:79) ~[?:?]
	at com.xilinx.sdx.sdk.core.gen.AppCreationHandler.execute(AppCreationHandler.java:69) ~[?:?]
	at com.xilinx.sdx.sdk.core.SdkAppCreationHandler.executeInternal(SdkAppCreationHandler.java:75) ~[?:?]
	at com.xilinx.sdx.sdk.core.SdkAppCreationHandler.lambda$1(SdkAppCreationHandler.java:67) ~[?:?]
	at org.eclipse.core.internal.resources.Workspace.run(Workspace.java:2292) ~[org.eclipse.core.resources_3.13.700.v20200209-1624.jar:?]
	at org.eclipse.core.internal.resources.Workspace.run(Workspace.java:2312) ~[org.eclipse.core.resources_3.13.700.v20200209-1624.jar:?]
	at com.xilinx.sdx.sdk.core.SdkAppCreationHandler.execute(SdkAppCreationHandler.java:66) ~[?:?]
	at com.xilinx.sdx.npw.NewProjectCreationHandler.createApplicationProject(NewProjectCreationHandler.java:237) ~[?:?]
	at com.xilinx.sdx.npw.NewProjectCreationHandler.internalExecute(NewProjectCreationHandler.java:385) ~[?:?]
	at com.xilinx.sdx.npw.NewProjectCreationHandler$1.execute(NewProjectCreationHandler.java:100) ~[?:?]
	at org.eclipse.ui.actions.WorkspaceModifyOperation.lambda$0(WorkspaceModifyOperation.java:110) ~[?:?]
	at org.eclipse.core.internal.resources.Workspace.run(Workspace.java:2292) [org.eclipse.core.resources_3.13.700.v20200209-1624.jar:?]
	at org.eclipse.core.internal.resources.Workspace.run(Workspace.java:2317) [org.eclipse.core.resources_3.13.700.v20200209-1624.jar:?]
	at org.eclipse.ui.actions.WorkspaceModifyOperation.run(WorkspaceModifyOperation.java:131) [org.eclipse.ui.ide_3.17.0.v20200217-1511.jar:?]
	at org.eclipse.jface.operation.ModalContext$ModalContextThread.run(ModalContext.java:122) [org.eclipse.jface_3.19.0.v20200218-1607.jar:?]
Caused by: org.eclipse.core.runtime.CoreException: CDT Project already configured
	at org.eclipse.cdt.internal.core.CConfigBasedDescriptorManager.configure(CConfigBasedDescriptorManager.java:160) ~[org.eclipse.cdt.core_6.4.0.201802261533.jar:?]
	at org.eclipse.cdt.core.CCorePlugin.mapCProjectOwner(CCorePlugin.java:885) ~[org.eclipse.cdt.core_6.4.0.201802261533.jar:?]
	... 20 more
17:44:05 ERROR : Failed to create application project
org.eclipse.core.runtime.CoreException: CDT Project already configured
	at com.xilinx.sdx.sdk.core.gen.StandaloneProjectHandler.createCoreApp(StandaloneProjectHandler.java:150) ~[?:?]
	at com.xilinx.sdx.sdk.core.gen.AppCreationHandler.createApplication(AppCreationHandler.java:79) ~[?:?]
	at com.xilinx.sdx.sdk.core.gen.AppCreationHandler.execute(AppCreationHandler.java:69) ~[?:?]
	at com.xilinx.sdx.sdk.core.SdkAppCreationHandler.executeInternal(SdkAppCreationHandler.java:75) ~[?:?]
	at com.xilinx.sdx.sdk.core.SdkAppCreationHandler.lambda$1(SdkAppCreationHandler.java:67) ~[?:?]
	at org.eclipse.core.internal.resources.Workspace.run(Workspace.java:2292) ~[org.eclipse.core.resources_3.13.700.v20200209-1624.jar:?]
	at org.eclipse.core.internal.resources.Workspace.run(Workspace.java:2312) ~[org.eclipse.core.resources_3.13.700.v20200209-1624.jar:?]
	at com.xilinx.sdx.sdk.core.SdkAppCreationHandler.execute(SdkAppCreationHandler.java:66) ~[?:?]
	at com.xilinx.sdx.npw.NewProjectCreationHandler.createApplicationProject(NewProjectCreationHandler.java:237) ~[?:?]
	at com.xilinx.sdx.npw.NewProjectCreationHandler.internalExecute(NewProjectCreationHandler.java:385) ~[?:?]
	at com.xilinx.sdx.npw.NewProjectCreationHandler$1.execute(NewProjectCreationHandler.java:100) ~[?:?]
	at org.eclipse.ui.actions.WorkspaceModifyOperation.lambda$0(WorkspaceModifyOperation.java:110) ~[?:?]
	at org.eclipse.core.internal.resources.Workspace.run(Workspace.java:2292) [org.eclipse.core.resources_3.13.700.v20200209-1624.jar:?]
	at org.eclipse.core.internal.resources.Workspace.run(Workspace.java:2317) [org.eclipse.core.resources_3.13.700.v20200209-1624.jar:?]
	at org.eclipse.ui.actions.WorkspaceModifyOperation.run(WorkspaceModifyOperation.java:131) [org.eclipse.ui.ide_3.17.0.v20200217-1511.jar:?]
	at org.eclipse.jface.operation.ModalContext$ModalContextThread.run(ModalContext.java:122) [org.eclipse.jface_3.19.0.v20200218-1607.jar:?]
17:47:04 INFO  : Result from executing command 'getProjects': lab_custom_ip
17:47:04 INFO  : Result from executing command 'getPlatforms': xilinx_zcu102_base_202210_1|/scratch/Xilinx/Vitis/2022.1/base_platforms/xilinx_zcu102_base_202210_1/xilinx_zcu102_base_202210_1.xpfm;xilinx_zcu102_base_dfx_202210_1|/scratch/Xilinx/Vitis/2022.1/base_platforms/xilinx_zcu102_base_dfx_202210_1/xilinx_zcu102_base_dfx_202210_1.xpfm;xilinx_zcu104_base_202210_1|/scratch/Xilinx/Vitis/2022.1/base_platforms/xilinx_zcu104_base_202210_1/xilinx_zcu104_base_202210_1.xpfm
17:47:05 INFO  : Platform 'lab_custom_ip' is added to custom repositories.
17:47:07 ERROR : 
org.eclipse.core.runtime.CoreException: CDT Project already configured
	at org.eclipse.cdt.internal.core.settings.model.ExceptionFactory.createCoreException(ExceptionFactory.java:26) ~[org.eclipse.cdt.core_6.4.0.201802261533.jar:?]
	at org.eclipse.cdt.core.CCorePlugin.mapCProjectOwner(CCorePlugin.java:890) ~[org.eclipse.cdt.core_6.4.0.201802261533.jar:?]
	at org.eclipse.cdt.core.CCorePlugin$1.run(CCorePlugin.java:945) ~[org.eclipse.cdt.core_6.4.0.201802261533.jar:?]
	at org.eclipse.core.internal.resources.Workspace.run(Workspace.java:2292) ~[org.eclipse.core.resources_3.13.700.v20200209-1624.jar:?]
	at org.eclipse.cdt.core.CCorePlugin.createCProject(CCorePlugin.java:930) ~[org.eclipse.cdt.core_6.4.0.201802261533.jar:?]
	at com.xilinx.sdx.sdk.core.gen.AppCreationHandler.createCProject(AppCreationHandler.java:92) ~[?:?]
	at com.xilinx.sdx.sdk.core.gen.StandaloneProjectHandler.createCoreApp(StandaloneProjectHandler.java:67) ~[?:?]
	at com.xilinx.sdx.sdk.core.gen.AppCreationHandler.createApplication(AppCreationHandler.java:79) ~[?:?]
	at com.xilinx.sdx.sdk.core.gen.AppCreationHandler.execute(AppCreationHandler.java:69) ~[?:?]
	at com.xilinx.sdx.sdk.core.SdkAppCreationHandler.executeInternal(SdkAppCreationHandler.java:75) ~[?:?]
	at com.xilinx.sdx.sdk.core.SdkAppCreationHandler.lambda$1(SdkAppCreationHandler.java:67) ~[?:?]
	at org.eclipse.core.internal.resources.Workspace.run(Workspace.java:2292) ~[org.eclipse.core.resources_3.13.700.v20200209-1624.jar:?]
	at org.eclipse.core.internal.resources.Workspace.run(Workspace.java:2312) ~[org.eclipse.core.resources_3.13.700.v20200209-1624.jar:?]
	at com.xilinx.sdx.sdk.core.SdkAppCreationHandler.execute(SdkAppCreationHandler.java:66) ~[?:?]
	at com.xilinx.sdx.npw.NewProjectCreationHandler.createApplicationProject(NewProjectCreationHandler.java:237) ~[?:?]
	at com.xilinx.sdx.npw.NewProjectCreationHandler.internalExecute(NewProjectCreationHandler.java:385) ~[?:?]
	at com.xilinx.sdx.npw.NewProjectCreationHandler$1.execute(NewProjectCreationHandler.java:100) ~[?:?]
	at org.eclipse.ui.actions.WorkspaceModifyOperation.lambda$0(WorkspaceModifyOperation.java:110) ~[?:?]
	at org.eclipse.core.internal.resources.Workspace.run(Workspace.java:2292) [org.eclipse.core.resources_3.13.700.v20200209-1624.jar:?]
	at org.eclipse.core.internal.resources.Workspace.run(Workspace.java:2317) [org.eclipse.core.resources_3.13.700.v20200209-1624.jar:?]
	at org.eclipse.ui.actions.WorkspaceModifyOperation.run(WorkspaceModifyOperation.java:131) [org.eclipse.ui.ide_3.17.0.v20200217-1511.jar:?]
	at org.eclipse.jface.operation.ModalContext$ModalContextThread.run(ModalContext.java:122) [org.eclipse.jface_3.19.0.v20200218-1607.jar:?]
Caused by: org.eclipse.core.runtime.CoreException: CDT Project already configured
	at org.eclipse.cdt.internal.core.CConfigBasedDescriptorManager.configure(CConfigBasedDescriptorManager.java:160) ~[org.eclipse.cdt.core_6.4.0.201802261533.jar:?]
	at org.eclipse.cdt.core.CCorePlugin.mapCProjectOwner(CCorePlugin.java:885) ~[org.eclipse.cdt.core_6.4.0.201802261533.jar:?]
	... 20 more
17:47:08 ERROR : Failed to create application project
org.eclipse.core.runtime.CoreException: CDT Project already configured
	at com.xilinx.sdx.sdk.core.gen.StandaloneProjectHandler.createCoreApp(StandaloneProjectHandler.java:150) ~[?:?]
	at com.xilinx.sdx.sdk.core.gen.AppCreationHandler.createApplication(AppCreationHandler.java:79) ~[?:?]
	at com.xilinx.sdx.sdk.core.gen.AppCreationHandler.execute(AppCreationHandler.java:69) ~[?:?]
	at com.xilinx.sdx.sdk.core.SdkAppCreationHandler.executeInternal(SdkAppCreationHandler.java:75) ~[?:?]
	at com.xilinx.sdx.sdk.core.SdkAppCreationHandler.lambda$1(SdkAppCreationHandler.java:67) ~[?:?]
	at org.eclipse.core.internal.resources.Workspace.run(Workspace.java:2292) ~[org.eclipse.core.resources_3.13.700.v20200209-1624.jar:?]
	at org.eclipse.core.internal.resources.Workspace.run(Workspace.java:2312) ~[org.eclipse.core.resources_3.13.700.v20200209-1624.jar:?]
	at com.xilinx.sdx.sdk.core.SdkAppCreationHandler.execute(SdkAppCreationHandler.java:66) ~[?:?]
	at com.xilinx.sdx.npw.NewProjectCreationHandler.createApplicationProject(NewProjectCreationHandler.java:237) ~[?:?]
	at com.xilinx.sdx.npw.NewProjectCreationHandler.internalExecute(NewProjectCreationHandler.java:385) ~[?:?]
	at com.xilinx.sdx.npw.NewProjectCreationHandler$1.execute(NewProjectCreationHandler.java:100) ~[?:?]
	at org.eclipse.ui.actions.WorkspaceModifyOperation.lambda$0(WorkspaceModifyOperation.java:110) ~[?:?]
	at org.eclipse.core.internal.resources.Workspace.run(Workspace.java:2292) [org.eclipse.core.resources_3.13.700.v20200209-1624.jar:?]
	at org.eclipse.core.internal.resources.Workspace.run(Workspace.java:2317) [org.eclipse.core.resources_3.13.700.v20200209-1624.jar:?]
	at org.eclipse.ui.actions.WorkspaceModifyOperation.run(WorkspaceModifyOperation.java:131) [org.eclipse.ui.ide_3.17.0.v20200217-1511.jar:?]
	at org.eclipse.jface.operation.ModalContext$ModalContextThread.run(ModalContext.java:122) [org.eclipse.jface_3.19.0.v20200218-1607.jar:?]
17:48:11 DEBUG : Logs will be stored at '/scratch/smr3765/labs/Lab3_PWM_Simulation/lab_custom_ip/vitis/IDE.log'.
17:48:18 INFO  : Platform repository initialization has completed.
17:48:20 INFO  : Launching XSCT server: xsct -n  -interactive /scratch/smr3765/labs/Lab3_PWM_Simulation/lab_custom_ip/vitis/temp_xsdb_launch_script.tcl
17:48:23 INFO  : Registering command handlers for Vitis TCF services
17:48:54 INFO  : XSCT server has started successfully.
17:48:55 INFO  : plnx-install-location is set to ''
17:48:55 INFO  : Successfully done setting XSCT server connection channel  
17:48:56 INFO  : Successfully done setting workspace for the tool. 
17:48:57 INFO  : Successfully done query RDI_DATADIR 
17:49:46 INFO  : Result from executing command 'getProjects': lab_custom_ip
17:49:46 INFO  : Result from executing command 'getPlatforms': xilinx_zcu102_base_202210_1|/scratch/Xilinx/Vitis/2022.1/base_platforms/xilinx_zcu102_base_202210_1/xilinx_zcu102_base_202210_1.xpfm;xilinx_zcu102_base_dfx_202210_1|/scratch/Xilinx/Vitis/2022.1/base_platforms/xilinx_zcu102_base_dfx_202210_1/xilinx_zcu102_base_dfx_202210_1.xpfm;xilinx_zcu104_base_202210_1|/scratch/Xilinx/Vitis/2022.1/base_platforms/xilinx_zcu104_base_202210_1/xilinx_zcu104_base_202210_1.xpfm
17:49:47 WARN  : An unexpected exception occurred in the module 'platform project logging'
17:49:47 INFO  : Platform 'lab_custom_ip' is added to custom repositories.
17:49:52 ERROR : 
org.eclipse.core.runtime.CoreException: CDT Project already configured
	at org.eclipse.cdt.internal.core.settings.model.ExceptionFactory.createCoreException(ExceptionFactory.java:26) ~[org.eclipse.cdt.core_6.4.0.201802261533.jar:?]
	at org.eclipse.cdt.core.CCorePlugin.mapCProjectOwner(CCorePlugin.java:890) ~[org.eclipse.cdt.core_6.4.0.201802261533.jar:?]
	at org.eclipse.cdt.core.CCorePlugin$1.run(CCorePlugin.java:945) ~[org.eclipse.cdt.core_6.4.0.201802261533.jar:?]
	at org.eclipse.core.internal.resources.Workspace.run(Workspace.java:2292) ~[org.eclipse.core.resources_3.13.700.v20200209-1624.jar:?]
	at org.eclipse.cdt.core.CCorePlugin.createCProject(CCorePlugin.java:930) ~[org.eclipse.cdt.core_6.4.0.201802261533.jar:?]
	at com.xilinx.sdx.sdk.core.gen.AppCreationHandler.createCProject(AppCreationHandler.java:92) ~[?:?]
	at com.xilinx.sdx.sdk.core.gen.StandaloneProjectHandler.createCoreApp(StandaloneProjectHandler.java:67) ~[?:?]
	at com.xilinx.sdx.sdk.core.gen.AppCreationHandler.createApplication(AppCreationHandler.java:79) ~[?:?]
	at com.xilinx.sdx.sdk.core.gen.AppCreationHandler.execute(AppCreationHandler.java:69) ~[?:?]
	at com.xilinx.sdx.sdk.core.SdkAppCreationHandler.executeInternal(SdkAppCreationHandler.java:75) ~[?:?]
	at com.xilinx.sdx.sdk.core.SdkAppCreationHandler.lambda$1(SdkAppCreationHandler.java:67) ~[?:?]
	at org.eclipse.core.internal.resources.Workspace.run(Workspace.java:2292) ~[org.eclipse.core.resources_3.13.700.v20200209-1624.jar:?]
	at org.eclipse.core.internal.resources.Workspace.run(Workspace.java:2312) ~[org.eclipse.core.resources_3.13.700.v20200209-1624.jar:?]
	at com.xilinx.sdx.sdk.core.SdkAppCreationHandler.execute(SdkAppCreationHandler.java:66) ~[?:?]
	at com.xilinx.sdx.npw.NewProjectCreationHandler.createApplicationProject(NewProjectCreationHandler.java:237) ~[?:?]
	at com.xilinx.sdx.npw.NewProjectCreationHandler.internalExecute(NewProjectCreationHandler.java:385) ~[?:?]
	at com.xilinx.sdx.npw.NewProjectCreationHandler$1.execute(NewProjectCreationHandler.java:100) ~[?:?]
	at org.eclipse.ui.actions.WorkspaceModifyOperation.lambda$0(WorkspaceModifyOperation.java:110) ~[?:?]
	at org.eclipse.core.internal.resources.Workspace.run(Workspace.java:2292) [org.eclipse.core.resources_3.13.700.v20200209-1624.jar:?]
	at org.eclipse.core.internal.resources.Workspace.run(Workspace.java:2317) [org.eclipse.core.resources_3.13.700.v20200209-1624.jar:?]
	at org.eclipse.ui.actions.WorkspaceModifyOperation.run(WorkspaceModifyOperation.java:131) [org.eclipse.ui.ide_3.17.0.v20200217-1511.jar:?]
	at org.eclipse.jface.operation.ModalContext$ModalContextThread.run(ModalContext.java:122) [org.eclipse.jface_3.19.0.v20200218-1607.jar:?]
Caused by: org.eclipse.core.runtime.CoreException: CDT Project already configured
	at org.eclipse.cdt.internal.core.CConfigBasedDescriptorManager.configure(CConfigBasedDescriptorManager.java:160) ~[org.eclipse.cdt.core_6.4.0.201802261533.jar:?]
	at org.eclipse.cdt.core.CCorePlugin.mapCProjectOwner(CCorePlugin.java:885) ~[org.eclipse.cdt.core_6.4.0.201802261533.jar:?]
	... 20 more
17:49:52 ERROR : Failed to create application project
org.eclipse.core.runtime.CoreException: CDT Project already configured
	at com.xilinx.sdx.sdk.core.gen.StandaloneProjectHandler.createCoreApp(StandaloneProjectHandler.java:150) ~[?:?]
	at com.xilinx.sdx.sdk.core.gen.AppCreationHandler.createApplication(AppCreationHandler.java:79) ~[?:?]
	at com.xilinx.sdx.sdk.core.gen.AppCreationHandler.execute(AppCreationHandler.java:69) ~[?:?]
	at com.xilinx.sdx.sdk.core.SdkAppCreationHandler.executeInternal(SdkAppCreationHandler.java:75) ~[?:?]
	at com.xilinx.sdx.sdk.core.SdkAppCreationHandler.lambda$1(SdkAppCreationHandler.java:67) ~[?:?]
	at org.eclipse.core.internal.resources.Workspace.run(Workspace.java:2292) ~[org.eclipse.core.resources_3.13.700.v20200209-1624.jar:?]
	at org.eclipse.core.internal.resources.Workspace.run(Workspace.java:2312) ~[org.eclipse.core.resources_3.13.700.v20200209-1624.jar:?]
	at com.xilinx.sdx.sdk.core.SdkAppCreationHandler.execute(SdkAppCreationHandler.java:66) ~[?:?]
	at com.xilinx.sdx.npw.NewProjectCreationHandler.createApplicationProject(NewProjectCreationHandler.java:237) ~[?:?]
	at com.xilinx.sdx.npw.NewProjectCreationHandler.internalExecute(NewProjectCreationHandler.java:385) ~[?:?]
	at com.xilinx.sdx.npw.NewProjectCreationHandler$1.execute(NewProjectCreationHandler.java:100) ~[?:?]
	at org.eclipse.ui.actions.WorkspaceModifyOperation.lambda$0(WorkspaceModifyOperation.java:110) ~[?:?]
	at org.eclipse.core.internal.resources.Workspace.run(Workspace.java:2292) [org.eclipse.core.resources_3.13.700.v20200209-1624.jar:?]
	at org.eclipse.core.internal.resources.Workspace.run(Workspace.java:2317) [org.eclipse.core.resources_3.13.700.v20200209-1624.jar:?]
	at org.eclipse.ui.actions.WorkspaceModifyOperation.run(WorkspaceModifyOperation.java:131) [org.eclipse.ui.ide_3.17.0.v20200217-1511.jar:?]
	at org.eclipse.jface.operation.ModalContext$ModalContextThread.run(ModalContext.java:122) [org.eclipse.jface_3.19.0.v20200218-1607.jar:?]
