

================================================================
== Synthesis Summary Report of 'yuv_filter'
================================================================
+ General Information: 
    * Date:           Fri Nov 18 12:23:56 2022
    * Version:        2022.1 (Build 3526262 on Mon Apr 18 15:47:01 MDT 2022)
    * Project:        yuv_filter
    * Solution:       solution1 (Vivado IP Flow Target)
    * Product family: zynq
    * Target device:  xc7z020-clg484-1
    

+ Performance & Resource Estimates: 
    
    PS: '+' for module; 'o' for loop; '*' for dataflow
    +------------------------------------------------------+------+------+----------+-----------+----------+----------+---------+----------+---------------+--------+-----------+-----------+-----+
    |                        Modules                       | Issue|      | Latency  |  Latency  | Iteration|          |   Trip  |          |               |        |           |           |     |
    |                        & Loops                       | Type | Slack| (cycles) |    (ns)   |  Latency | Interval |  Count  | Pipelined|     BRAM      |   DSP  |     FF    |    LUT    | URAM|
    +------------------------------------------------------+------+------+----------+-----------+----------+----------+---------+----------+---------------+--------+-----------+-----------+-----+
    |+ yuv_filter                                          |     -|  0.34|  14749474|  1.475e+08|         -|  14749475|        -|        no|  12288 (4388%)|  9 (4%)|  942 (~0%)|  1680 (3%)|    -|
    | + rgb2yuv_1                                          |     -|  0.34|   2457613|  2.458e+07|         -|   2457613|        -|        no|              -|  4 (1%)|  397 (~0%)|   653 (1%)|    -|
    |  + rgb2yuv_1_Pipeline_RGB2YUV_LOOP_X_RGB2YUV_LOOP_Y  |     -|  0.34|   2457608|  2.458e+07|         -|   2457608|        -|        no|              -|  3 (1%)|  358 (~0%)|   616 (1%)|    -|
    |   o RGB2YUV_LOOP_X_RGB2YUV_LOOP_Y                    |     -|  7.30|   2457606|  2.458e+07|         8|         1|  2457600|       yes|              -|       -|          -|          -|    -|
    | + yuv_scale                                          |     -|  1.79|   9834241|  9.834e+07|         -|   9834241|        -|        no|              -|       -|  178 (~0%)|  308 (~0%)|    -|
    |  o YUV_SCALE_LOOP_X                                  |     -|  7.30|   9834240|  9.834e+07|      5122|         -|     1920|        no|              -|       -|          -|          -|    -|
    |   o YUV_SCALE_LOOP_Y                                 |     -|  7.30|      5120|  5.120e+04|         4|         -|     1280|        no|              -|       -|          -|          -|    -|
    | + yuv2rgb_1                                          |     -|  0.34|   2457615|  2.458e+07|         -|   2457615|        -|        no|              -|  5 (2%)|  294 (~0%)|  460 (~0%)|    -|
    |  + yuv2rgb_1_Pipeline_YUV2RGB_LOOP_X_YUV2RGB_LOOP_Y  |     -|  0.34|   2457610|  2.458e+07|         -|   2457610|        -|        no|              -|  4 (1%)|  255 (~0%)|  423 (~0%)|    -|
    |   o YUV2RGB_LOOP_X_YUV2RGB_LOOP_Y                    |     -|  7.30|   2457608|  2.458e+07|        10|         1|  2457600|       yes|              -|       -|          -|          -|    -|
    +------------------------------------------------------+------+------+----------+-----------+----------+----------+---------+----------+---------------+--------+-----------+-----------+-----+


================================================================
== HW Interfaces
================================================================
* AP_MEMORY
+---------------------------+----------+
| Interface                 | Bitwidth |
+---------------------------+----------+
| in_channels_ch1_address0  | 22       |
| in_channels_ch1_q0        | 8        |
| in_channels_ch2_address0  | 22       |
| in_channels_ch2_q0        | 8        |
| in_channels_ch3_address0  | 22       |
| in_channels_ch3_q0        | 8        |
| out_channels_ch1_address0 | 22       |
| out_channels_ch1_d0       | 8        |
| out_channels_ch2_address0 | 22       |
| out_channels_ch2_d0       | 8        |
| out_channels_ch3_address0 | 22       |
| out_channels_ch3_d0       | 8        |
+---------------------------+----------+

* REGISTER
+------------+---------+----------+
| Interface  | Mode    | Bitwidth |
+------------+---------+----------+
| U_scale    | ap_none | 8        |
| V_scale    | ap_none | 8        |
| Y_scale    | ap_none | 8        |
| in_height  | ap_none | 16       |
| in_width   | ap_none | 16       |
| out_height | ap_none | 16       |
| out_width  | ap_none | 16       |
+------------+---------+----------+

* TOP LEVEL CONTROL
+-----------+------------+-----------------------------------+
| Interface | Type       | Ports                             |
+-----------+------------+-----------------------------------+
| ap_clk    | clock      | ap_clk                            |
| ap_rst    | reset      | ap_rst                            |
| ap_ctrl   | ap_ctrl_hs | ap_done ap_idle ap_ready ap_start |
+-----------+------------+-----------------------------------+


================================================================
== SW I/O Information
================================================================
* Top Function Arguments
+----------+-----------+---------------+
| Argument | Direction | Datatype      |
+----------+-----------+---------------+
| in       | in        | pointer       |
| out      | out       | pointer       |
| Y_scale  | in        | unsigned char |
| U_scale  | in        | unsigned char |
| V_scale  | in        | unsigned char |
+----------+-----------+---------------+

* SW-to-HW Mapping
+----------+---------------------------+---------+----------+
| Argument | HW Interface              | HW Type | HW Usage |
+----------+---------------------------+---------+----------+
| in       | in_channels_ch1_address0  | port    | offset   |
| in       | in_channels_ch1_ce0       | port    |          |
| in       | in_channels_ch1_q0        | port    |          |
| in       | in_channels_ch2_address0  | port    | offset   |
| in       | in_channels_ch2_ce0       | port    |          |
| in       | in_channels_ch2_q0        | port    |          |
| in       | in_channels_ch3_address0  | port    | offset   |
| in       | in_channels_ch3_ce0       | port    |          |
| in       | in_channels_ch3_q0        | port    |          |
| in       | in_width                  | port    |          |
| in       | in_height                 | port    |          |
| out      | out_channels_ch1_address0 | port    | offset   |
| out      | out_channels_ch1_ce0      | port    |          |
| out      | out_channels_ch1_we0      | port    |          |
| out      | out_channels_ch1_d0       | port    |          |
| out      | out_channels_ch2_address0 | port    | offset   |
| out      | out_channels_ch2_ce0      | port    |          |
| out      | out_channels_ch2_we0      | port    |          |
| out      | out_channels_ch2_d0       | port    |          |
| out      | out_channels_ch3_address0 | port    | offset   |
| out      | out_channels_ch3_ce0      | port    |          |
| out      | out_channels_ch3_we0      | port    |          |
| out      | out_channels_ch3_d0       | port    |          |
| out      | out_width                 | port    |          |
| out      | out_width_ap_vld          | port    |          |
| out      | out_height                | port    |          |
| out      | out_height_ap_vld         | port    |          |
| Y_scale  | Y_scale                   | port    |          |
| U_scale  | U_scale                   | port    |          |
| V_scale  | V_scale                   | port    |          |
+----------+---------------------------+---------+----------+


================================================================
== Bind Op Report
================================================================
+------------------------------------------------------+-----+--------+-------------+-----+--------+---------+
| Name                                                 | DSP | Pragma | Variable    | Op  | Impl   | Latency |
+------------------------------------------------------+-----+--------+-------------+-----+--------+---------+
| + yuv_filter                                         | 9   |        |             |     |        |         |
|  + rgb2yuv_1                                         | 4   |        |             |     |        |         |
|    mul_mul_16ns_16ns_32_4_1_U18                      | 1   |        | bound       | mul | dsp48  | 3       |
|   + rgb2yuv_1_Pipeline_RGB2YUV_LOOP_X_RGB2YUV_LOOP_Y | 3   |        |             |     |        |         |
|     add_ln52_fu_233_p2                               | -   |        | add_ln52    | add | fabric | 0       |
|     x_5_fu_274_p2                                    | -   |        | x_5         | add | fabric | 0       |
|     mac_muladd_8ns_5ns_9ns_13_4_1_U3                 | 1   |        | mul_ln60    | mul | dsp48  | 3       |
|     add_ln60_fu_470_p2                               | -   |        | add_ln60    | add | fabric | 0       |
|     add_ln60_3_fu_350_p2                             | -   |        | add_ln60_3  | add | fabric | 0       |
|     mac_muladd_8ns_5ns_9ns_13_4_1_U3                 | 1   |        | add_ln60_4  | add | dsp48  | 3       |
|     out_channels_ch1_d0                              | -   |        | Y           | add | fabric | 0       |
|     mac_muladd_8ns_7s_16s_16_4_1_U4                  | 1   |        | mul_ln61    | mul | dsp48  | 3       |
|     mul_8ns_8s_16_1_1_U1                             | -   |        | mul_ln61_1  | mul | auto   | 0       |
|     sub_ln61_fu_392_p2                               | -   |        | sub_ln61    | sub | fabric | 0       |
|     mac_muladd_8ns_7s_16s_16_4_1_U4                  | 1   |        | add_ln61    | add | dsp48  | 3       |
|     mac_muladd_8ns_7ns_16ns_16_4_1_U5                | 1   |        | mul_ln62    | mul | dsp48  | 3       |
|     mul_8ns_8s_16_1_1_U2                             | -   |        | mul_ln62_1  | mul | auto   | 0       |
|     sub_ln62_fu_404_p2                               | -   |        | sub_ln62    | sub | fabric | 0       |
|     mac_muladd_8ns_7ns_16ns_16_4_1_U5                | 1   |        | add_ln62    | add | dsp48  | 3       |
|     add_ln62_2_fu_524_p2                             | -   |        | add_ln62_2  | add | fabric | 0       |
|     y_fu_255_p2                                      | -   |        | y           | add | fabric | 0       |
|  + yuv_scale                                         | 0   |        |             |     |        |         |
|    x_2_fu_224_p2                                     | -   |        | x_2         | add | fabric | 0       |
|    add_ln142_fu_246_p2                               | -   |        | add_ln142   | add | fabric | 0       |
|    y_1_fu_267_p2                                     | -   |        | y_1         | add | fabric | 0       |
|    add_ln142_1_fu_277_p2                             | -   |        | add_ln142_1 | add | fabric | 0       |
|    mul_8ns_8ns_15_1_1_U28                            | -   |        | mul_ln145   | mul | auto   | 0       |
|    mul_8ns_8ns_15_1_1_U29                            | -   |        | mul_ln146   | mul | auto   | 0       |
|    mul_8ns_8ns_15_1_1_U30                            | -   |        | mul_ln147   | mul | auto   | 0       |
|  + yuv2rgb_1                                         | 5   |        |             |     |        |         |
|    mul_mul_16ns_16ns_32_4_1_U59                      | 1   |        | bound       | mul | dsp48  | 3       |
|   + yuv2rgb_1_Pipeline_YUV2RGB_LOOP_X_YUV2RGB_LOOP_Y | 4   |        |             |     |        |         |
|     add_ln93_fu_239_p2                               | -   |        | add_ln93    | add | fabric | 0       |
|     x_4_fu_280_p2                                    | -   |        | x_4         | add | fabric | 0       |
|     C_fu_345_p2                                      | -   |        | C           | add | fabric | 0       |
|     mac_muladd_9s_9ns_8ns_18_4_1_U43                 | 1   |        | mul_ln104   | mul | dsp48  | 3       |
|     mac_muladd_8s_9ns_18s_18_4_1_U44                 | 1   |        | mul_ln104_1 | mul | dsp48  | 3       |
|     mac_muladd_9s_9ns_8ns_18_4_1_U43                 | 1   |        | add_ln104   | add | dsp48  | 3       |
|     mac_muladd_8s_9ns_18s_18_4_1_U44                 | 1   |        | add_ln104_1 | add | dsp48  | 3       |
|     mac_muladd_8s_8s_18s_18_4_1_U46                  | 1   |        | mul_ln105   | mul | dsp48  | 3       |
|     mac_muladd_8s_9s_18s_18_4_1_U45                  | 1   |        | mul_ln105_1 | mul | dsp48  | 3       |
|     mac_muladd_8s_9s_18s_18_4_1_U45                  | 1   |        | add_ln105   | add | dsp48  | 3       |
|     mac_muladd_8s_8s_18s_18_4_1_U46                  | 1   |        | add_ln105_1 | add | dsp48  | 3       |
|     add_ln106_1_fu_401_p2                            | -   |        | add_ln106_1 | add | fabric | 0       |
|     add_ln106_fu_410_p2                              | -   |        | add_ln106   | add | fabric | 0       |
|     y_2_fu_261_p2                                    | -   |        | y_2         | add | fabric | 0       |
+------------------------------------------------------+-----+--------+-------------+-----+--------+---------+


================================================================
== Bind Storage Report
================================================================
+--------------------------+-------+------+--------+----------------------+---------+------+---------+
| Name                     | BRAM  | URAM | Pragma | Variable             | Storage | Impl | Latency |
+--------------------------+-------+------+--------+----------------------+---------+------+---------+
| + yuv_filter             | 12288 | 0    |        |                      |         |      |         |
|   p_yuv_channels_ch1_U   | 2048  | -    |        | p_yuv_channels_ch1   | ram_1p  | auto | 1       |
|   p_yuv_channels_ch2_U   | 2048  | -    |        | p_yuv_channels_ch2   | ram_1p  | auto | 1       |
|   p_yuv_channels_ch3_U   | 2048  | -    |        | p_yuv_channels_ch3   | ram_1p  | auto | 1       |
|   p_scale_channels_ch1_U | 2048  | -    |        | p_scale_channels_ch1 | ram_1p  | auto | 1       |
|   p_scale_channels_ch2_U | 2048  | -    |        | p_scale_channels_ch2 | ram_1p  | auto | 1       |
|   p_scale_channels_ch3_U | 2048  | -    |        | p_scale_channels_ch3 | ram_1p  | auto | 1       |
+--------------------------+-------+------+--------+----------------------+---------+------+---------+


================================================================
== Pragma Report
================================================================
* Valid Pragma Syntax
+----------------+------------------+-------------------------------------------------------------+
| Type           | Options          | Location                                                    |
+----------------+------------------+-------------------------------------------------------------+
| inline         | off              | ../../Labs/HLS_Lab/yuv_filter/yuv_filter.c:36 in rgb2yuv    |
| loop_tripcount | min=200 max=1920 | ../../Labs/HLS_Lab/yuv_filter/yuv_filter.c:53 in rgb2yuv    |
| loop_tripcount | min=200 max=1280 | ../../Labs/HLS_Lab/yuv_filter/yuv_filter.c:56 in rgb2yuv    |
| inline         | off              | ../../Labs/HLS_Lab/yuv_filter/yuv_filter.c:75 in yuv2rgb    |
| loop_tripcount | min=200 max=1920 | ../../Labs/HLS_Lab/yuv_filter/yuv_filter.c:94 in yuv2rgb    |
| loop_tripcount | min=200 max=1280 | ../../Labs/HLS_Lab/yuv_filter/yuv_filter.c:97 in yuv2rgb    |
| inline         | off              | ../../Labs/HLS_Lab/yuv_filter/yuv_filter.c:122 in yuv_scale |
| loop_flatten   | off              | ../../Labs/HLS_Lab/yuv_filter/yuv_filter.c:135 in yuv_scale |
| loop_tripcount | min=200 max=1920 | ../../Labs/HLS_Lab/yuv_filter/yuv_filter.c:136 in yuv_scale |
| pipeline       | off              | ../../Labs/HLS_Lab/yuv_filter/yuv_filter.c:139 in yuv_scale |
| loop_tripcount | min=200 max=1280 | ../../Labs/HLS_Lab/yuv_filter/yuv_filter.c:141 in yuv_scale |
+----------------+------------------+-------------------------------------------------------------+


