Copyright 1986-2022 Xilinx, Inc. All Rights Reserved.
--------------------------------------------------------------------------------------------
| Tool Version : Vivado v.2022.1 (lin64) Build 3526262 Mon Apr 18 15:47:01 MDT 2022
| Date         : Mon Nov 21 15:26:34 2022
| Host         : hp6g4-inf-21.ictp.it running 64-bit Linux Mint 19.1 Tessa
| Command      : report_control_sets -verbose -file lab_irq_wrapper_control_sets_placed.rpt
| Design       : lab_irq_wrapper
| Device       : xc7z020
--------------------------------------------------------------------------------------------

Control Set Information

Table of Contents
-----------------
1. Summary
2. Histogram
3. Flip-Flop Distribution
4. Detailed Control Set Information

1. Summary
----------

+----------------------------------------------------------+-------+
|                          Status                          | Count |
+----------------------------------------------------------+-------+
| Total control sets                                       |   127 |
|    Minimum number of control sets                        |   127 |
|    Addition due to synthesis replication                 |     0 |
|    Addition due to physical synthesis replication        |     0 |
| Unused register locations in slices containing registers |   179 |
+----------------------------------------------------------+-------+
* Control sets can be merged at opt_design using control_set_merge or merge_equivalent_drivers
** Run report_qor_suggestions for automated merging and remapping suggestions


2. Histogram
------------

+--------------------+-------+
|       Fanout       | Count |
+--------------------+-------+
| Total control sets |   127 |
| >= 0 to < 4        |     2 |
| >= 4 to < 6        |    16 |
| >= 6 to < 8        |     4 |
| >= 8 to < 10       |    71 |
| >= 10 to < 12      |     3 |
| >= 12 to < 14      |     8 |
| >= 14 to < 16      |     3 |
| >= 16              |    20 |
+--------------------+-------+
* Control sets can be remapped at either synth_design or opt_design


3. Flip-Flop Distribution
-------------------------

+--------------+-----------------------+------------------------+-----------------+--------------+
| Clock Enable | Synchronous Set/Reset | Asynchronous Set/Reset | Total Registers | Total Slices |
+--------------+-----------------------+------------------------+-----------------+--------------+
| No           | No                    | No                     |             197 |           69 |
| No           | No                    | Yes                    |               0 |            0 |
| No           | Yes                   | No                     |             117 |           39 |
| Yes          | No                    | No                     |             589 |          177 |
| Yes          | No                    | Yes                    |               0 |            0 |
| Yes          | Yes                   | No                     |            1302 |          427 |
+--------------+-----------------------+------------------------+-----------------+--------------+


4. Detailed Control Set Information
-----------------------------------

+------------------------------------------------+---------------------------------------------------------------------------------------------------------------------------------------------------------------+------------------------------------------------------------------------------------------------------------------------------------------------------+------------------+----------------+--------------+
|                  Clock Signal                  |                                                                         Enable Signal                                                                         |                                                                   Set/Reset Signal                                                                   | Slice Load Count | Bel Load Count | Bels / Slice |
+------------------------------------------------+---------------------------------------------------------------------------------------------------------------------------------------------------------------+------------------------------------------------------------------------------------------------------------------------------------------------------+------------------+----------------+--------------+
|  lab_irq_i/processing_system7_0/inst/FCLK_CLK0 | lab_irq_i/ps7_0_axi_periph/s00_couplers/auto_pc/inst/gen_axilite.gen_b2s_conv.axilite_b2s/WR.aw_channel_0/aw_cmd_fsm_0/FSM_sequential_state_reg[0]_1          | lab_irq_i/ps7_0_axi_periph/s00_couplers/auto_pc/inst/gen_axilite.gen_b2s_conv.axilite_b2s/WR.aw_channel_0/aw_cmd_fsm_0/FSM_sequential_state_reg[0]_0 |                1 |              1 |         1.00 |
|  lab_irq_i/processing_system7_0/inst/FCLK_CLK0 | lab_irq_i/ps7_0_axi_periph/s00_couplers/auto_pc/inst/gen_axilite.gen_b2s_conv.axilite_b2s/WR.b_channel_0/bid_fifo_0/sel                                       |                                                                                                                                                      |                1 |              2 |         2.00 |
|  lab_irq_i/processing_system7_0/inst/FCLK_CLK0 | lab_irq_i/ZedboardOLED_v1_0_0/U0/ZedboardOLED_v1_0_S00_AXI_inst/after_state[98]_i_1_n_0                                                                       | lab_irq_i/ZedboardOLED_v1_0_0/U0/ZedboardOLED_v1_0_S00_AXI_inst/after_state[62]_i_1_n_0                                                              |                3 |              4 |         1.33 |
|  lab_irq_i/processing_system7_0/inst/FCLK_CLK0 | lab_irq_i/ps7_0_axi_periph/s00_couplers/auto_pc/inst/gen_axilite.gen_b2s_conv.axilite_b2s/RD.ar_channel_0/ar_cmd_fsm_0/m_axi_arready_2                        | lab_irq_i/ps7_0_axi_periph/s00_couplers/auto_pc/inst/gen_axilite.gen_b2s_conv.axilite_b2s/RD.ar_channel_0/ar_cmd_fsm_0/FSM_sequential_state_reg[1]_0 |                2 |              4 |         2.00 |
|  lab_irq_i/processing_system7_0/inst/FCLK_CLK0 |                                                                                                                                                               | lab_irq_i/rst_ps7_0_100M/U0/EXT_LPF/lpf_int                                                                                                          |                2 |              4 |         2.00 |
|  lab_irq_i/processing_system7_0/inst/FCLK_CLK0 |                                                                                                                                                               | lab_irq_i/ps7_0_axi_periph/s00_couplers/auto_pc/inst/gen_axilite.gen_b2s_conv.axilite_b2s/SI_REG/aw.aw_pipe/aresetn_d_reg[0]_0                       |                2 |              4 |         2.00 |
|  lab_irq_i/processing_system7_0/inst/FCLK_CLK0 |                                                                                                                                                               | lab_irq_i/axi_gpio_0/U0/AXI_LITE_IPIF_I/I_SLAVE_ATTACHMENT/clear                                                                                     |                1 |              4 |         4.00 |
|  lab_irq_i/processing_system7_0/inst/FCLK_CLK0 |                                                                                                                                                               | lab_irq_i/ps7_0_axi_periph/s00_couplers/auto_pc/inst/gen_axilite.gen_b2s_conv.axilite_b2s/SI_REG/ar.ar_pipe/aresetn_d_reg[1]_inv_0                   |                3 |              4 |         1.33 |
|  lab_irq_i/processing_system7_0/inst/FCLK_CLK0 | lab_irq_i/ZedboardOLED_v1_0_0/U0/ZedboardOLED_v1_0_S00_AXI_inst/after_state[98]_i_1_n_0                                                                       | lab_irq_i/ZedboardOLED_v1_0_0/U0/ZedboardOLED_v1_0_S00_AXI_inst/after_state[60]_i_1_n_0                                                              |                3 |              5 |         1.67 |
|  lab_irq_i/processing_system7_0/inst/FCLK_CLK0 | lab_irq_i/ZedboardOLED_v1_0_0/U0/ZedboardOLED_v1_0_S00_AXI_inst/axi_arready0                                                                                  | lab_irq_i/ZedboardOLED_v1_0_0/U0/ZedboardOLED_v1_0_S00_AXI_inst/axi_awready_i_1_n_0                                                                  |                1 |              5 |         5.00 |
|  lab_irq_i/processing_system7_0/inst/FCLK_CLK0 | lab_irq_i/ZedboardOLED_v1_0_0/U0/ZedboardOLED_v1_0_S00_AXI_inst/SPI_COMP/temp_sdo                                                                             | lab_irq_i/ZedboardOLED_v1_0_0/U0/ZedboardOLED_v1_0_S00_AXI_inst/SPI_COMP/FSM_onehot_current_state_reg_n_0_[0]                                        |                2 |              5 |         2.50 |
|  lab_irq_i/processing_system7_0/inst/FCLK_CLK0 | lab_irq_i/ZedboardOLED_v1_0_0/U0/ZedboardOLED_v1_0_S00_AXI_inst/axi_awready0                                                                                  | lab_irq_i/ZedboardOLED_v1_0_0/U0/ZedboardOLED_v1_0_S00_AXI_inst/axi_awready_i_1_n_0                                                                  |                1 |              5 |         5.00 |
|  lab_irq_i/processing_system7_0/inst/FCLK_CLK0 |                                                                                                                                                               | lab_irq_i/axi_gpio_0/U0/gpio_core_1/Not_Dual.ALLIN1_ND.READ_REG_GEN[4].reg1[31]_i_1_n_0                                                              |                2 |              5 |         2.50 |
|  lab_irq_i/processing_system7_0/inst/FCLK_CLK0 |                                                                                                                                                               | lab_irq_i/ZedboardOLED_v1_0_0/U0/ZedboardOLED_v1_0_S00_AXI_inst/axi_awready_i_1_n_0                                                                  |                2 |              5 |         2.50 |
|  lab_irq_i/processing_system7_0/inst/FCLK_CLK0 | lab_irq_i/ps7_0_axi_periph/s00_couplers/auto_pc/inst/gen_axilite.gen_b2s_conv.axilite_b2s/RD.r_channel_0/transaction_fifo_0/cnt_read[4]_i_1_n_0               | lab_irq_i/ps7_0_axi_periph/s00_couplers/auto_pc/inst/gen_axilite.gen_b2s_conv.axilite_b2s/areset_d1                                                  |                2 |              5 |         2.50 |
|  lab_irq_i/processing_system7_0/inst/FCLK_CLK0 | lab_irq_i/ps7_0_axi_periph/s00_couplers/auto_pc/inst/gen_axilite.gen_b2s_conv.axilite_b2s/RD.r_channel_0/rd_data_fifo_0/cnt_read[4]_i_1__0_n_0                | lab_irq_i/ps7_0_axi_periph/s00_couplers/auto_pc/inst/gen_axilite.gen_b2s_conv.axilite_b2s/areset_d1                                                  |                2 |              5 |         2.50 |
|  lab_irq_i/processing_system7_0/inst/FCLK_CLK0 |                                                                                                                                                               | lab_irq_i/ZedboardOLED_v1_0_0/U0/ZedboardOLED_v1_0_S00_AXI_inst/SPI_COMP/counter                                                                     |                1 |              5 |         5.00 |
|  lab_irq_i/processing_system7_0/inst/FCLK_CLK0 | lab_irq_i/axi_gpio_0/U0/AXI_LITE_IPIF_I/I_SLAVE_ATTACHMENT/I_DECODER/E[0]                                                                                     | lab_irq_i/axi_gpio_0/U0/AXI_LITE_IPIF_I/I_SLAVE_ATTACHMENT/SR[0]                                                                                     |                2 |              5 |         2.50 |
|  lab_irq_i/processing_system7_0/inst/FCLK_CLK0 | lab_irq_i/rst_ps7_0_100M/U0/SEQ/seq_cnt_en                                                                                                                    | lab_irq_i/rst_ps7_0_100M/U0/SEQ/SEQ_COUNTER/clear                                                                                                    |                1 |              6 |         6.00 |
|  lab_irq_i/processing_system7_0/inst/FCLK_CLK0 |                                                                                                                                                               | lab_irq_i/ZedboardOLED_v1_0_0/U0/ZedboardOLED_v1_0_S00_AXI_inst/RST_internal_reg_n_0                                                                 |                2 |              6 |         3.00 |
|  lab_irq_i/processing_system7_0/inst/FCLK_CLK0 | lab_irq_i/axi_gpio_0/U0/AXI_LITE_IPIF_I/I_SLAVE_ATTACHMENT/s_axi_rresp_i                                                                                      | lab_irq_i/axi_gpio_0/U0/AXI_LITE_IPIF_I/I_SLAVE_ATTACHMENT/SR[0]                                                                                     |                1 |              7 |         7.00 |
|  lab_irq_i/processing_system7_0/inst/FCLK_CLK0 | lab_irq_i/ZedboardOLED_v1_0_0/U0/ZedboardOLED_v1_0_S00_AXI_inst/SPI_COMP/shift_register                                                                       |                                                                                                                                                      |                1 |              7 |         7.00 |
|  lab_irq_i/processing_system7_0/inst/FCLK_CLK0 | lab_irq_i/ZedboardOLED_v1_0_0/U0/ZedboardOLED_v1_0_S00_AXI_inst/slv_reg14[23]_i_1_n_0                                                                         | lab_irq_i/ZedboardOLED_v1_0_0/U0/ZedboardOLED_v1_0_S00_AXI_inst/axi_awready_i_1_n_0                                                                  |                3 |              8 |         2.67 |
|  lab_irq_i/processing_system7_0/inst/FCLK_CLK0 | lab_irq_i/ZedboardOLED_v1_0_0/U0/ZedboardOLED_v1_0_S00_AXI_inst/slv_reg5[15]_i_1_n_0                                                                          | lab_irq_i/ZedboardOLED_v1_0_0/U0/ZedboardOLED_v1_0_S00_AXI_inst/axi_awready_i_1_n_0                                                                  |                3 |              8 |         2.67 |
|  lab_irq_i/processing_system7_0/inst/FCLK_CLK0 | lab_irq_i/ZedboardOLED_v1_0_0/U0/ZedboardOLED_v1_0_S00_AXI_inst/slv_reg4[31]_i_1_n_0                                                                          | lab_irq_i/ZedboardOLED_v1_0_0/U0/ZedboardOLED_v1_0_S00_AXI_inst/axi_awready_i_1_n_0                                                                  |                3 |              8 |         2.67 |
|  lab_irq_i/processing_system7_0/inst/FCLK_CLK0 | lab_irq_i/ZedboardOLED_v1_0_0/U0/ZedboardOLED_v1_0_S00_AXI_inst/slv_reg4[15]_i_1_n_0                                                                          | lab_irq_i/ZedboardOLED_v1_0_0/U0/ZedboardOLED_v1_0_S00_AXI_inst/axi_awready_i_1_n_0                                                                  |                3 |              8 |         2.67 |
|  lab_irq_i/processing_system7_0/inst/FCLK_CLK0 | lab_irq_i/ZedboardOLED_v1_0_0/U0/ZedboardOLED_v1_0_S00_AXI_inst/slv_reg3[7]_i_1_n_0                                                                           | lab_irq_i/ZedboardOLED_v1_0_0/U0/ZedboardOLED_v1_0_S00_AXI_inst/axi_awready_i_1_n_0                                                                  |                4 |              8 |         2.00 |
|  lab_irq_i/processing_system7_0/inst/FCLK_CLK0 | lab_irq_i/ZedboardOLED_v1_0_0/U0/ZedboardOLED_v1_0_S00_AXI_inst/slv_reg9[31]_i_1_n_0                                                                          | lab_irq_i/ZedboardOLED_v1_0_0/U0/ZedboardOLED_v1_0_S00_AXI_inst/axi_awready_i_1_n_0                                                                  |                2 |              8 |         4.00 |
|  lab_irq_i/processing_system7_0/inst/FCLK_CLK0 | lab_irq_i/ZedboardOLED_v1_0_0/U0/ZedboardOLED_v1_0_S00_AXI_inst/slv_reg9[15]_i_1_n_0                                                                          | lab_irq_i/ZedboardOLED_v1_0_0/U0/ZedboardOLED_v1_0_S00_AXI_inst/axi_awready_i_1_n_0                                                                  |                4 |              8 |         2.00 |
|  lab_irq_i/processing_system7_0/inst/FCLK_CLK0 | lab_irq_i/ZedboardOLED_v1_0_0/U0/ZedboardOLED_v1_0_S00_AXI_inst/slv_reg3[15]_i_1_n_0                                                                          | lab_irq_i/ZedboardOLED_v1_0_0/U0/ZedboardOLED_v1_0_S00_AXI_inst/axi_awready_i_1_n_0                                                                  |                1 |              8 |         8.00 |
|  lab_irq_i/processing_system7_0/inst/FCLK_CLK0 | lab_irq_i/ZedboardOLED_v1_0_0/U0/ZedboardOLED_v1_0_S00_AXI_inst/slv_reg15[31]_i_1_n_0                                                                         | lab_irq_i/ZedboardOLED_v1_0_0/U0/ZedboardOLED_v1_0_S00_AXI_inst/axi_awready_i_1_n_0                                                                  |                2 |              8 |         4.00 |
|  lab_irq_i/processing_system7_0/inst/FCLK_CLK0 | lab_irq_i/ZedboardOLED_v1_0_0/U0/ZedboardOLED_v1_0_S00_AXI_inst/slv_reg15[23]_i_1_n_0                                                                         | lab_irq_i/ZedboardOLED_v1_0_0/U0/ZedboardOLED_v1_0_S00_AXI_inst/axi_awready_i_1_n_0                                                                  |                3 |              8 |         2.67 |
|  lab_irq_i/processing_system7_0/inst/FCLK_CLK0 | lab_irq_i/ZedboardOLED_v1_0_0/U0/ZedboardOLED_v1_0_S00_AXI_inst/slv_reg15[15]_i_1_n_0                                                                         | lab_irq_i/ZedboardOLED_v1_0_0/U0/ZedboardOLED_v1_0_S00_AXI_inst/axi_awready_i_1_n_0                                                                  |                2 |              8 |         4.00 |
|  lab_irq_i/processing_system7_0/inst/FCLK_CLK0 | lab_irq_i/ZedboardOLED_v1_0_0/U0/ZedboardOLED_v1_0_S00_AXI_inst/slv_reg6[15]_i_1_n_0                                                                          | lab_irq_i/ZedboardOLED_v1_0_0/U0/ZedboardOLED_v1_0_S00_AXI_inst/axi_awready_i_1_n_0                                                                  |                4 |              8 |         2.00 |
|  lab_irq_i/processing_system7_0/inst/FCLK_CLK0 | lab_irq_i/ZedboardOLED_v1_0_0/U0/ZedboardOLED_v1_0_S00_AXI_inst/slv_reg14[15]_i_1_n_0                                                                         | lab_irq_i/ZedboardOLED_v1_0_0/U0/ZedboardOLED_v1_0_S00_AXI_inst/axi_awready_i_1_n_0                                                                  |                4 |              8 |         2.00 |
|  lab_irq_i/processing_system7_0/inst/FCLK_CLK0 | lab_irq_i/ZedboardOLED_v1_0_0/U0/ZedboardOLED_v1_0_S00_AXI_inst/slv_reg13[7]_i_1_n_0                                                                          | lab_irq_i/ZedboardOLED_v1_0_0/U0/ZedboardOLED_v1_0_S00_AXI_inst/axi_awready_i_1_n_0                                                                  |                3 |              8 |         2.67 |
|  lab_irq_i/processing_system7_0/inst/FCLK_CLK0 | lab_irq_i/ZedboardOLED_v1_0_0/U0/ZedboardOLED_v1_0_S00_AXI_inst/slv_reg13[23]_i_1_n_0                                                                         | lab_irq_i/ZedboardOLED_v1_0_0/U0/ZedboardOLED_v1_0_S00_AXI_inst/axi_awready_i_1_n_0                                                                  |                1 |              8 |         8.00 |
|  lab_irq_i/processing_system7_0/inst/FCLK_CLK0 | lab_irq_i/ZedboardOLED_v1_0_0/U0/ZedboardOLED_v1_0_S00_AXI_inst/slv_reg12[23]_i_1_n_0                                                                         | lab_irq_i/ZedboardOLED_v1_0_0/U0/ZedboardOLED_v1_0_S00_AXI_inst/axi_awready_i_1_n_0                                                                  |                4 |              8 |         2.00 |
|  lab_irq_i/processing_system7_0/inst/FCLK_CLK0 | lab_irq_i/ZedboardOLED_v1_0_0/U0/ZedboardOLED_v1_0_S00_AXI_inst/slv_reg11[7]_i_1_n_0                                                                          | lab_irq_i/ZedboardOLED_v1_0_0/U0/ZedboardOLED_v1_0_S00_AXI_inst/axi_awready_i_1_n_0                                                                  |                2 |              8 |         4.00 |
|  lab_irq_i/processing_system7_0/inst/FCLK_CLK0 | lab_irq_i/ZedboardOLED_v1_0_0/U0/ZedboardOLED_v1_0_S00_AXI_inst/slv_reg0[31]_i_1_n_0                                                                          | lab_irq_i/ZedboardOLED_v1_0_0/U0/ZedboardOLED_v1_0_S00_AXI_inst/axi_awready_i_1_n_0                                                                  |                2 |              8 |         4.00 |
|  lab_irq_i/processing_system7_0/inst/FCLK_CLK0 | lab_irq_i/ZedboardOLED_v1_0_0/U0/ZedboardOLED_v1_0_S00_AXI_inst/slv_reg0[15]_i_1_n_0                                                                          | lab_irq_i/ZedboardOLED_v1_0_0/U0/ZedboardOLED_v1_0_S00_AXI_inst/axi_awready_i_1_n_0                                                                  |                2 |              8 |         4.00 |
|  lab_irq_i/processing_system7_0/inst/FCLK_CLK0 | lab_irq_i/ZedboardOLED_v1_0_0/U0/ZedboardOLED_v1_0_S00_AXI_inst/slv_reg11[31]_i_1_n_0                                                                         | lab_irq_i/ZedboardOLED_v1_0_0/U0/ZedboardOLED_v1_0_S00_AXI_inst/axi_awready_i_1_n_0                                                                  |                4 |              8 |         2.00 |
|  lab_irq_i/processing_system7_0/inst/FCLK_CLK0 | lab_irq_i/ZedboardOLED_v1_0_0/U0/ZedboardOLED_v1_0_S00_AXI_inst/slv_reg11[15]_i_1_n_0                                                                         | lab_irq_i/ZedboardOLED_v1_0_0/U0/ZedboardOLED_v1_0_S00_AXI_inst/axi_awready_i_1_n_0                                                                  |                2 |              8 |         4.00 |
|  lab_irq_i/processing_system7_0/inst/FCLK_CLK0 | lab_irq_i/ZedboardOLED_v1_0_0/U0/ZedboardOLED_v1_0_S00_AXI_inst/slv_reg12[7]_i_1_n_0                                                                          | lab_irq_i/ZedboardOLED_v1_0_0/U0/ZedboardOLED_v1_0_S00_AXI_inst/axi_awready_i_1_n_0                                                                  |                2 |              8 |         4.00 |
|  lab_irq_i/processing_system7_0/inst/FCLK_CLK0 | lab_irq_i/ps7_0_axi_periph/s00_couplers/auto_pc/inst/gen_axilite.gen_b2s_conv.axilite_b2s/WR.b_channel_0/mhandshake_r                                         | lab_irq_i/ps7_0_axi_periph/s00_couplers/auto_pc/inst/gen_axilite.gen_b2s_conv.axilite_b2s/WR.b_channel_0/bid_fifo_0/SR[0]                            |                4 |              8 |         2.00 |
|  lab_irq_i/processing_system7_0/inst/FCLK_CLK0 | lab_irq_i/axi_gpio_0/U0/AXI_LITE_IPIF_I/I_SLAVE_ATTACHMENT/bus2ip_addr_i[8]_i_1_n_0                                                                           | lab_irq_i/axi_gpio_0/U0/AXI_LITE_IPIF_I/I_SLAVE_ATTACHMENT/SR[0]                                                                                     |                2 |              8 |         4.00 |
|  lab_irq_i/processing_system7_0/inst/FCLK_CLK0 | lab_irq_i/ZedboardOLED_v1_0_0/U0/ZedboardOLED_v1_0_S00_AXI_inst/slv_reg2[23]_i_1_n_0                                                                          | lab_irq_i/ZedboardOLED_v1_0_0/U0/ZedboardOLED_v1_0_S00_AXI_inst/axi_awready_i_1_n_0                                                                  |                2 |              8 |         4.00 |
|  lab_irq_i/processing_system7_0/inst/FCLK_CLK0 | lab_irq_i/ZedboardOLED_v1_0_0/U0/ZedboardOLED_v1_0_S00_AXI_inst/slv_reg7[7]_i_1_n_0                                                                           | lab_irq_i/ZedboardOLED_v1_0_0/U0/ZedboardOLED_v1_0_S00_AXI_inst/axi_awready_i_1_n_0                                                                  |                2 |              8 |         4.00 |
|  lab_irq_i/processing_system7_0/inst/FCLK_CLK0 | lab_irq_i/ZedboardOLED_v1_0_0/U0/ZedboardOLED_v1_0_S00_AXI_inst/slv_reg8[23]_i_1_n_0                                                                          | lab_irq_i/ZedboardOLED_v1_0_0/U0/ZedboardOLED_v1_0_S00_AXI_inst/axi_awready_i_1_n_0                                                                  |                2 |              8 |         4.00 |
|  lab_irq_i/processing_system7_0/inst/FCLK_CLK0 | lab_irq_i/ZedboardOLED_v1_0_0/U0/ZedboardOLED_v1_0_S00_AXI_inst/p_1_in[23]                                                                                    | lab_irq_i/ZedboardOLED_v1_0_0/U0/ZedboardOLED_v1_0_S00_AXI_inst/axi_awready_i_1_n_0                                                                  |                1 |              8 |         8.00 |
|  lab_irq_i/processing_system7_0/inst/FCLK_CLK0 | lab_irq_i/ZedboardOLED_v1_0_0/U0/ZedboardOLED_v1_0_S00_AXI_inst/slv_reg15[7]_i_1_n_0                                                                          | lab_irq_i/ZedboardOLED_v1_0_0/U0/ZedboardOLED_v1_0_S00_AXI_inst/axi_awready_i_1_n_0                                                                  |                4 |              8 |         2.00 |
|  lab_irq_i/processing_system7_0/inst/FCLK_CLK0 | lab_irq_i/ZedboardOLED_v1_0_0/U0/ZedboardOLED_v1_0_S00_AXI_inst/slv_reg12[31]_i_1_n_0                                                                         | lab_irq_i/ZedboardOLED_v1_0_0/U0/ZedboardOLED_v1_0_S00_AXI_inst/axi_awready_i_1_n_0                                                                  |                4 |              8 |         2.00 |
|  lab_irq_i/processing_system7_0/inst/FCLK_CLK0 | lab_irq_i/ZedboardOLED_v1_0_0/U0/ZedboardOLED_v1_0_S00_AXI_inst/slv_reg14[7]_i_1_n_0                                                                          | lab_irq_i/ZedboardOLED_v1_0_0/U0/ZedboardOLED_v1_0_S00_AXI_inst/axi_awready_i_1_n_0                                                                  |                8 |              8 |         1.00 |
|  lab_irq_i/processing_system7_0/inst/FCLK_CLK0 | lab_irq_i/ZedboardOLED_v1_0_0/U0/ZedboardOLED_v1_0_S00_AXI_inst/slv_reg5[31]_i_1_n_0                                                                          | lab_irq_i/ZedboardOLED_v1_0_0/U0/ZedboardOLED_v1_0_S00_AXI_inst/axi_awready_i_1_n_0                                                                  |                3 |              8 |         2.67 |
|  lab_irq_i/processing_system7_0/inst/FCLK_CLK0 | lab_irq_i/ZedboardOLED_v1_0_0/U0/ZedboardOLED_v1_0_S00_AXI_inst/slv_reg12[15]_i_1_n_0                                                                         | lab_irq_i/ZedboardOLED_v1_0_0/U0/ZedboardOLED_v1_0_S00_AXI_inst/axi_awready_i_1_n_0                                                                  |                3 |              8 |         2.67 |
|  lab_irq_i/processing_system7_0/inst/FCLK_CLK0 | lab_irq_i/ZedboardOLED_v1_0_0/U0/ZedboardOLED_v1_0_S00_AXI_inst/slv_reg3[31]_i_1_n_0                                                                          | lab_irq_i/ZedboardOLED_v1_0_0/U0/ZedboardOLED_v1_0_S00_AXI_inst/axi_awready_i_1_n_0                                                                  |                3 |              8 |         2.67 |
|  lab_irq_i/processing_system7_0/inst/FCLK_CLK0 | lab_irq_i/ZedboardOLED_v1_0_0/U0/ZedboardOLED_v1_0_S00_AXI_inst/slv_reg9[7]_i_1_n_0                                                                           | lab_irq_i/ZedboardOLED_v1_0_0/U0/ZedboardOLED_v1_0_S00_AXI_inst/axi_awready_i_1_n_0                                                                  |                6 |              8 |         1.33 |
|  lab_irq_i/processing_system7_0/inst/FCLK_CLK0 | lab_irq_i/ZedboardOLED_v1_0_0/U0/ZedboardOLED_v1_0_S00_AXI_inst/slv_reg8[15]_i_1_n_0                                                                          | lab_irq_i/ZedboardOLED_v1_0_0/U0/ZedboardOLED_v1_0_S00_AXI_inst/axi_awready_i_1_n_0                                                                  |                3 |              8 |         2.67 |
|  lab_irq_i/processing_system7_0/inst/FCLK_CLK0 | lab_irq_i/ZedboardOLED_v1_0_0/U0/ZedboardOLED_v1_0_S00_AXI_inst/slv_reg7[31]_i_1_n_0                                                                          | lab_irq_i/ZedboardOLED_v1_0_0/U0/ZedboardOLED_v1_0_S00_AXI_inst/axi_awready_i_1_n_0                                                                  |                3 |              8 |         2.67 |
|  lab_irq_i/processing_system7_0/inst/FCLK_CLK0 | lab_irq_i/ZedboardOLED_v1_0_0/U0/ZedboardOLED_v1_0_S00_AXI_inst/slv_reg7[15]_i_1_n_0                                                                          | lab_irq_i/ZedboardOLED_v1_0_0/U0/ZedboardOLED_v1_0_S00_AXI_inst/axi_awready_i_1_n_0                                                                  |                7 |              8 |         1.14 |
|  lab_irq_i/processing_system7_0/inst/FCLK_CLK0 | lab_irq_i/ZedboardOLED_v1_0_0/U0/ZedboardOLED_v1_0_S00_AXI_inst/slv_reg6[7]_i_1_n_0                                                                           | lab_irq_i/ZedboardOLED_v1_0_0/U0/ZedboardOLED_v1_0_S00_AXI_inst/axi_awready_i_1_n_0                                                                  |                1 |              8 |         8.00 |
|  lab_irq_i/processing_system7_0/inst/FCLK_CLK0 | lab_irq_i/ZedboardOLED_v1_0_0/U0/ZedboardOLED_v1_0_S00_AXI_inst/slv_reg6[23]_i_1_n_0                                                                          | lab_irq_i/ZedboardOLED_v1_0_0/U0/ZedboardOLED_v1_0_S00_AXI_inst/axi_awready_i_1_n_0                                                                  |                3 |              8 |         2.67 |
|  lab_irq_i/processing_system7_0/inst/FCLK_CLK0 | lab_irq_i/ZedboardOLED_v1_0_0/U0/ZedboardOLED_v1_0_S00_AXI_inst/slv_reg5[23]_i_1_n_0                                                                          | lab_irq_i/ZedboardOLED_v1_0_0/U0/ZedboardOLED_v1_0_S00_AXI_inst/axi_awready_i_1_n_0                                                                  |                4 |              8 |         2.00 |
|  lab_irq_i/processing_system7_0/inst/FCLK_CLK0 | lab_irq_i/ZedboardOLED_v1_0_0/U0/ZedboardOLED_v1_0_S00_AXI_inst/temp_spi_data[7]_i_1_n_0                                                                      |                                                                                                                                                      |                5 |              8 |         1.60 |
|  lab_irq_i/processing_system7_0/inst/FCLK_CLK0 | lab_irq_i/ZedboardOLED_v1_0_0/U0/ZedboardOLED_v1_0_S00_AXI_inst/slv_reg1[23]_i_1_n_0                                                                          | lab_irq_i/ZedboardOLED_v1_0_0/U0/ZedboardOLED_v1_0_S00_AXI_inst/axi_awready_i_1_n_0                                                                  |                1 |              8 |         8.00 |
|  lab_irq_i/processing_system7_0/inst/FCLK_CLK0 | lab_irq_i/ZedboardOLED_v1_0_0/U0/ZedboardOLED_v1_0_S00_AXI_inst/slv_reg10[31]_i_1_n_0                                                                         | lab_irq_i/ZedboardOLED_v1_0_0/U0/ZedboardOLED_v1_0_S00_AXI_inst/axi_awready_i_1_n_0                                                                  |                5 |              8 |         1.60 |
|  lab_irq_i/processing_system7_0/inst/FCLK_CLK0 | lab_irq_i/ZedboardOLED_v1_0_0/U0/ZedboardOLED_v1_0_S00_AXI_inst/slv_reg14[31]_i_1_n_0                                                                         | lab_irq_i/ZedboardOLED_v1_0_0/U0/ZedboardOLED_v1_0_S00_AXI_inst/axi_awready_i_1_n_0                                                                  |                4 |              8 |         2.00 |
|  lab_irq_i/processing_system7_0/inst/FCLK_CLK0 | lab_irq_i/ZedboardOLED_v1_0_0/U0/ZedboardOLED_v1_0_S00_AXI_inst/p_1_in[15]                                                                                    | lab_irq_i/ZedboardOLED_v1_0_0/U0/ZedboardOLED_v1_0_S00_AXI_inst/axi_awready_i_1_n_0                                                                  |                3 |              8 |         2.67 |
|  lab_irq_i/processing_system7_0/inst/FCLK_CLK0 | lab_irq_i/ZedboardOLED_v1_0_0/U0/ZedboardOLED_v1_0_S00_AXI_inst/slv_reg8[31]_i_1_n_0                                                                          | lab_irq_i/ZedboardOLED_v1_0_0/U0/ZedboardOLED_v1_0_S00_AXI_inst/axi_awready_i_1_n_0                                                                  |                5 |              8 |         1.60 |
|  lab_irq_i/processing_system7_0/inst/FCLK_CLK0 | lab_irq_i/ZedboardOLED_v1_0_0/U0/ZedboardOLED_v1_0_S00_AXI_inst/p_1_in[1]                                                                                     | lab_irq_i/ZedboardOLED_v1_0_0/U0/ZedboardOLED_v1_0_S00_AXI_inst/axi_awready_i_1_n_0                                                                  |                3 |              8 |         2.67 |
|  lab_irq_i/processing_system7_0/inst/FCLK_CLK0 | lab_irq_i/ZedboardOLED_v1_0_0/U0/ZedboardOLED_v1_0_S00_AXI_inst/slv_reg2[15]_i_1_n_0                                                                          | lab_irq_i/ZedboardOLED_v1_0_0/U0/ZedboardOLED_v1_0_S00_AXI_inst/axi_awready_i_1_n_0                                                                  |                2 |              8 |         4.00 |
|  lab_irq_i/processing_system7_0/inst/FCLK_CLK0 | lab_irq_i/ZedboardOLED_v1_0_0/U0/ZedboardOLED_v1_0_S00_AXI_inst/slv_reg2[31]_i_1_n_0                                                                          | lab_irq_i/ZedboardOLED_v1_0_0/U0/ZedboardOLED_v1_0_S00_AXI_inst/axi_awready_i_1_n_0                                                                  |                6 |              8 |         1.33 |
|  lab_irq_i/processing_system7_0/inst/FCLK_CLK0 | lab_irq_i/ZedboardOLED_v1_0_0/U0/ZedboardOLED_v1_0_S00_AXI_inst/slv_reg10[23]_i_1_n_0                                                                         | lab_irq_i/ZedboardOLED_v1_0_0/U0/ZedboardOLED_v1_0_S00_AXI_inst/axi_awready_i_1_n_0                                                                  |                2 |              8 |         4.00 |
|  lab_irq_i/processing_system7_0/inst/FCLK_CLK0 | lab_irq_i/ZedboardOLED_v1_0_0/U0/ZedboardOLED_v1_0_S00_AXI_inst/slv_reg3[23]_i_1_n_0                                                                          | lab_irq_i/ZedboardOLED_v1_0_0/U0/ZedboardOLED_v1_0_S00_AXI_inst/axi_awready_i_1_n_0                                                                  |                2 |              8 |         4.00 |
|  lab_irq_i/processing_system7_0/inst/FCLK_CLK0 | lab_irq_i/ZedboardOLED_v1_0_0/U0/ZedboardOLED_v1_0_S00_AXI_inst/slv_reg1[31]_i_1_n_0                                                                          | lab_irq_i/ZedboardOLED_v1_0_0/U0/ZedboardOLED_v1_0_S00_AXI_inst/axi_awready_i_1_n_0                                                                  |                4 |              8 |         2.00 |
|  lab_irq_i/processing_system7_0/inst/FCLK_CLK0 | lab_irq_i/ZedboardOLED_v1_0_0/U0/ZedboardOLED_v1_0_S00_AXI_inst/slv_reg13[31]_i_1_n_0                                                                         | lab_irq_i/ZedboardOLED_v1_0_0/U0/ZedboardOLED_v1_0_S00_AXI_inst/axi_awready_i_1_n_0                                                                  |                3 |              8 |         2.67 |
|  lab_irq_i/processing_system7_0/inst/FCLK_CLK0 | lab_irq_i/ZedboardOLED_v1_0_0/U0/ZedboardOLED_v1_0_S00_AXI_inst/slv_reg13[15]_i_1_n_0                                                                         | lab_irq_i/ZedboardOLED_v1_0_0/U0/ZedboardOLED_v1_0_S00_AXI_inst/axi_awready_i_1_n_0                                                                  |                2 |              8 |         4.00 |
|  lab_irq_i/processing_system7_0/inst/FCLK_CLK0 | lab_irq_i/ZedboardOLED_v1_0_0/U0/ZedboardOLED_v1_0_S00_AXI_inst/slv_reg9[23]_i_1_n_0                                                                          | lab_irq_i/ZedboardOLED_v1_0_0/U0/ZedboardOLED_v1_0_S00_AXI_inst/axi_awready_i_1_n_0                                                                  |                2 |              8 |         4.00 |
|  lab_irq_i/processing_system7_0/inst/FCLK_CLK0 | lab_irq_i/ZedboardOLED_v1_0_0/U0/ZedboardOLED_v1_0_S00_AXI_inst/slv_reg4[23]_i_1_n_0                                                                          | lab_irq_i/ZedboardOLED_v1_0_0/U0/ZedboardOLED_v1_0_S00_AXI_inst/axi_awready_i_1_n_0                                                                  |                4 |              8 |         2.00 |
|  lab_irq_i/processing_system7_0/inst/FCLK_CLK0 | lab_irq_i/ZedboardOLED_v1_0_0/U0/ZedboardOLED_v1_0_S00_AXI_inst/slv_reg5[7]_i_1_n_0                                                                           | lab_irq_i/ZedboardOLED_v1_0_0/U0/ZedboardOLED_v1_0_S00_AXI_inst/axi_awready_i_1_n_0                                                                  |                2 |              8 |         4.00 |
|  lab_irq_i/processing_system7_0/inst/FCLK_CLK0 | lab_irq_i/ZedboardOLED_v1_0_0/U0/ZedboardOLED_v1_0_S00_AXI_inst/slv_reg4[7]_i_1_n_0                                                                           | lab_irq_i/ZedboardOLED_v1_0_0/U0/ZedboardOLED_v1_0_S00_AXI_inst/axi_awready_i_1_n_0                                                                  |                4 |              8 |         2.00 |
|  lab_irq_i/processing_system7_0/inst/FCLK_CLK0 | lab_irq_i/ZedboardOLED_v1_0_0/U0/ZedboardOLED_v1_0_S00_AXI_inst/slv_reg7[23]_i_1_n_0                                                                          | lab_irq_i/ZedboardOLED_v1_0_0/U0/ZedboardOLED_v1_0_S00_AXI_inst/axi_awready_i_1_n_0                                                                  |                4 |              8 |         2.00 |
|  lab_irq_i/processing_system7_0/inst/FCLK_CLK0 | lab_irq_i/ZedboardOLED_v1_0_0/U0/ZedboardOLED_v1_0_S00_AXI_inst/slv_reg6[31]_i_1_n_0                                                                          | lab_irq_i/ZedboardOLED_v1_0_0/U0/ZedboardOLED_v1_0_S00_AXI_inst/axi_awready_i_1_n_0                                                                  |                6 |              8 |         1.33 |
|  lab_irq_i/processing_system7_0/inst/FCLK_CLK0 | lab_irq_i/ZedboardOLED_v1_0_0/U0/ZedboardOLED_v1_0_S00_AXI_inst/slv_reg0[23]_i_1_n_0                                                                          | lab_irq_i/ZedboardOLED_v1_0_0/U0/ZedboardOLED_v1_0_S00_AXI_inst/axi_awready_i_1_n_0                                                                  |                1 |              8 |         8.00 |
|  lab_irq_i/processing_system7_0/inst/FCLK_CLK0 | lab_irq_i/ZedboardOLED_v1_0_0/U0/ZedboardOLED_v1_0_S00_AXI_inst/p_1_in[31]                                                                                    | lab_irq_i/ZedboardOLED_v1_0_0/U0/ZedboardOLED_v1_0_S00_AXI_inst/axi_awready_i_1_n_0                                                                  |                2 |              8 |         4.00 |
|  lab_irq_i/processing_system7_0/inst/FCLK_CLK0 | lab_irq_i/ZedboardOLED_v1_0_0/U0/ZedboardOLED_v1_0_S00_AXI_inst/slv_reg2[7]_i_1_n_0                                                                           | lab_irq_i/ZedboardOLED_v1_0_0/U0/ZedboardOLED_v1_0_S00_AXI_inst/axi_awready_i_1_n_0                                                                  |                3 |              8 |         2.67 |
|  lab_irq_i/processing_system7_0/inst/FCLK_CLK0 | lab_irq_i/ZedboardOLED_v1_0_0/U0/ZedboardOLED_v1_0_S00_AXI_inst/slv_reg1[7]_i_1_n_0                                                                           | lab_irq_i/ZedboardOLED_v1_0_0/U0/ZedboardOLED_v1_0_S00_AXI_inst/axi_awready_i_1_n_0                                                                  |                5 |              8 |         1.60 |
|  lab_irq_i/processing_system7_0/inst/FCLK_CLK0 | lab_irq_i/ZedboardOLED_v1_0_0/U0/ZedboardOLED_v1_0_S00_AXI_inst/slv_reg10[15]_i_1_n_0                                                                         | lab_irq_i/ZedboardOLED_v1_0_0/U0/ZedboardOLED_v1_0_S00_AXI_inst/axi_awready_i_1_n_0                                                                  |                2 |              8 |         4.00 |
|  lab_irq_i/processing_system7_0/inst/FCLK_CLK0 | lab_irq_i/ZedboardOLED_v1_0_0/U0/ZedboardOLED_v1_0_S00_AXI_inst/slv_reg0[7]_i_1_n_0                                                                           | lab_irq_i/ZedboardOLED_v1_0_0/U0/ZedboardOLED_v1_0_S00_AXI_inst/axi_awready_i_1_n_0                                                                  |                1 |              8 |         8.00 |
|  lab_irq_i/processing_system7_0/inst/FCLK_CLK0 | lab_irq_i/ZedboardOLED_v1_0_0/U0/ZedboardOLED_v1_0_S00_AXI_inst/slv_reg1[15]_i_1_n_0                                                                          | lab_irq_i/ZedboardOLED_v1_0_0/U0/ZedboardOLED_v1_0_S00_AXI_inst/axi_awready_i_1_n_0                                                                  |                6 |              8 |         1.33 |
|  lab_irq_i/processing_system7_0/inst/FCLK_CLK0 | lab_irq_i/ZedboardOLED_v1_0_0/U0/ZedboardOLED_v1_0_S00_AXI_inst/slv_reg8[7]_i_1_n_0                                                                           | lab_irq_i/ZedboardOLED_v1_0_0/U0/ZedboardOLED_v1_0_S00_AXI_inst/axi_awready_i_1_n_0                                                                  |                3 |              8 |         2.67 |
|  lab_irq_i/processing_system7_0/inst/FCLK_CLK0 | lab_irq_i/ZedboardOLED_v1_0_0/U0/ZedboardOLED_v1_0_S00_AXI_inst/slv_reg11[23]_i_1_n_0                                                                         | lab_irq_i/ZedboardOLED_v1_0_0/U0/ZedboardOLED_v1_0_S00_AXI_inst/axi_awready_i_1_n_0                                                                  |                2 |              8 |         4.00 |
|  lab_irq_i/processing_system7_0/inst/FCLK_CLK0 | lab_irq_i/ZedboardOLED_v1_0_0/U0/ZedboardOLED_v1_0_S00_AXI_inst/slv_reg10[7]_i_1_n_0                                                                          | lab_irq_i/ZedboardOLED_v1_0_0/U0/ZedboardOLED_v1_0_S00_AXI_inst/axi_awready_i_1_n_0                                                                  |                2 |              8 |         4.00 |
|  lab_irq_i/processing_system7_0/inst/FCLK_CLK0 |                                                                                                                                                               | lab_irq_i/ps7_0_axi_periph/s00_couplers/auto_pc/inst/gen_axilite.gen_b2s_conv.axilite_b2s/areset_d1                                                  |                4 |             10 |         2.50 |
|  lab_irq_i/processing_system7_0/inst/FCLK_CLK0 | lab_irq_i/ZedboardOLED_v1_0_0/U0/ZedboardOLED_v1_0_S00_AXI_inst/temp_addr[10]_i_1_n_0                                                                         |                                                                                                                                                      |                4 |             11 |         2.75 |
|  lab_irq_i/processing_system7_0/inst/FCLK_CLK0 |                                                                                                                                                               | lab_irq_i/ps7_0_axi_periph/xbar/inst/gen_sasd.crossbar_sasd_0/addr_arbiter_inst/SR[0]                                                                |                4 |             11 |         2.75 |
|  lab_irq_i/processing_system7_0/inst/FCLK_CLK0 | lab_irq_i/ps7_0_axi_periph/s00_couplers/auto_pc/inst/gen_axilite.gen_b2s_conv.axilite_b2s/WR.aw_channel_0/aw_cmd_fsm_0/m_valid_i_reg[0]                       |                                                                                                                                                      |                6 |             12 |         2.00 |
|  lab_irq_i/processing_system7_0/inst/FCLK_CLK0 | lab_irq_i/ps7_0_axi_periph/s00_couplers/auto_pc/inst/gen_axilite.gen_b2s_conv.axilite_b2s/WR.aw_channel_0/cmd_translator_0/incr_cmd_0/axaddr_incr[11]_i_1_n_0 |                                                                                                                                                      |                2 |             12 |         6.00 |
|  lab_irq_i/processing_system7_0/inst/FCLK_CLK0 | lab_irq_i/ZedboardOLED_v1_0_0/U0/ZedboardOLED_v1_0_S00_AXI_inst/DELAY_COMP/ms_counter                                                                         | lab_irq_i/ZedboardOLED_v1_0_0/U0/ZedboardOLED_v1_0_S00_AXI_inst/DELAY_COMP/clk_counter__0                                                            |                3 |             12 |         4.00 |
|  lab_irq_i/processing_system7_0/inst/FCLK_CLK0 | lab_irq_i/ps7_0_axi_periph/s00_couplers/auto_pc/inst/gen_axilite.gen_b2s_conv.axilite_b2s/RD.ar_channel_0/ar_cmd_fsm_0/E[0]                                   |                                                                                                                                                      |                6 |             12 |         2.00 |
|  lab_irq_i/processing_system7_0/inst/FCLK_CLK0 | lab_irq_i/ZedboardOLED_v1_0_0/U0/ZedboardOLED_v1_0_S00_AXI_inst/temp_page[1]_i_1_n_0                                                                          |                                                                                                                                                      |                6 |             12 |         2.00 |
|  lab_irq_i/processing_system7_0/inst/FCLK_CLK0 | lab_irq_i/ps7_0_axi_periph/s00_couplers/auto_pc/inst/gen_axilite.gen_b2s_conv.axilite_b2s/RD.ar_channel_0/ar_cmd_fsm_0/sel_first_reg[0]                       |                                                                                                                                                      |                3 |             12 |         4.00 |
|  lab_irq_i/processing_system7_0/inst/FCLK_CLK0 | lab_irq_i/ZedboardOLED_v1_0_0/U0/ZedboardOLED_v1_0_S00_AXI_inst/RST_internal_reg_n_0                                                                          |                                                                                                                                                      |                3 |             12 |         4.00 |
|  lab_irq_i/processing_system7_0/inst/FCLK_CLK0 | lab_irq_i/ps7_0_axi_periph/s00_couplers/auto_pc/inst/gen_axilite.gen_b2s_conv.axilite_b2s/RD.r_channel_0/r_push_r                                             |                                                                                                                                                      |                4 |             13 |         3.25 |
|  lab_irq_i/processing_system7_0/inst/FCLK_CLK0 | lab_irq_i/ZedboardOLED_v1_0_0/U0/ZedboardOLED_v1_0_S00_AXI_inst/temp_index[3]_i_1_n_0                                                                         |                                                                                                                                                      |               11 |             14 |         1.27 |
|  lab_irq_i/processing_system7_0/inst/FCLK_CLK0 | lab_irq_i/ps7_0_axi_periph/s00_couplers/auto_pc/inst/gen_axilite.gen_b2s_conv.axilite_b2s/SI_REG/b.b_pipe/p_1_in                                              |                                                                                                                                                      |                3 |             14 |         4.67 |
|  lab_irq_i/processing_system7_0/inst/FCLK_CLK0 | lab_irq_i/ps7_0_axi_periph/s00_couplers/auto_pc/inst/gen_axilite.gen_b2s_conv.axilite_b2s/SI_REG/b.b_pipe/s_ready_i_reg_0                                     |                                                                                                                                                      |                2 |             14 |         7.00 |
|  lab_irq_i/processing_system7_0/inst/FCLK_CLK0 | lab_irq_i/ps7_0_axi_periph/s00_couplers/auto_pc/inst/gen_axilite.gen_b2s_conv.axilite_b2s/WR.aw_channel_0/aw_cmd_fsm_0/m_axi_awready_0                        |                                                                                                                                                      |                3 |             16 |         5.33 |
|  lab_irq_i/processing_system7_0/inst/FCLK_CLK0 |                                                                                                                                                               | lab_irq_i/ZedboardOLED_v1_0_0/U0/ZedboardOLED_v1_0_S00_AXI_inst/DELAY_COMP/clk_counter__0                                                            |                4 |             17 |         4.25 |
|  lab_irq_i/processing_system7_0/inst/FCLK_CLK0 | lab_irq_i/axi_gpio_0/U0/AXI_LITE_IPIF_I/I_SLAVE_ATTACHMENT/start2                                                                                             | lab_irq_i/axi_gpio_0/U0/AXI_LITE_IPIF_I/I_SLAVE_ATTACHMENT/I_DECODER/cs_ce_clr                                                                       |                4 |             21 |         5.25 |
|  lab_irq_i/processing_system7_0/inst/FCLK_CLK0 | lab_irq_i/ps7_0_axi_periph/s00_couplers/auto_pc/inst/gen_axilite.gen_b2s_conv.axilite_b2s/RD.ar_channel_0/ar_cmd_fsm_0/m_axi_arready_2                        |                                                                                                                                                      |                8 |             21 |         2.62 |
|  lab_irq_i/processing_system7_0/inst/FCLK_CLK0 | lab_irq_i/ps7_0_axi_periph/s00_couplers/auto_pc/inst/gen_axilite.gen_b2s_conv.axilite_b2s/WR.aw_channel_0/aw_cmd_fsm_0/FSM_sequential_state_reg[0]_1          |                                                                                                                                                      |               11 |             24 |         2.18 |
|  lab_irq_i/processing_system7_0/inst/FCLK_CLK0 | lab_irq_i/ps7_0_axi_periph/xbar/inst/gen_sasd.crossbar_sasd_0/addr_arbiter_inst/p_0_in1_in                                                                    | lab_irq_i/ps7_0_axi_periph/xbar/inst/gen_sasd.crossbar_sasd_0/addr_arbiter_inst/SR[0]                                                                |               10 |             27 |         2.70 |
|  lab_irq_i/processing_system7_0/inst/FCLK_CLK0 | lab_irq_i/ZedboardOLED_v1_0_0/U0/ZedboardOLED_v1_0_S00_AXI_inst/slv_reg_rden                                                                                  | lab_irq_i/ZedboardOLED_v1_0_0/U0/ZedboardOLED_v1_0_S00_AXI_inst/axi_awready_i_1_n_0                                                                  |               13 |             32 |         2.46 |
|  lab_irq_i/processing_system7_0/inst/FCLK_CLK0 | lab_irq_i/ps7_0_axi_periph/s00_couplers/auto_pc/inst/gen_axilite.gen_b2s_conv.axilite_b2s/RD.r_channel_0/rd_data_fifo_0/wr_en0                                |                                                                                                                                                      |                9 |             34 |         3.78 |
|  lab_irq_i/processing_system7_0/inst/FCLK_CLK0 | lab_irq_i/ps7_0_axi_periph/xbar/inst/gen_sasd.crossbar_sasd_0/addr_arbiter_inst/E[0]                                                                          |                                                                                                                                                      |                7 |             35 |         5.00 |
|  lab_irq_i/processing_system7_0/inst/FCLK_CLK0 |                                                                                                                                                               | lab_irq_i/axi_gpio_0/U0/AXI_LITE_IPIF_I/I_SLAVE_ATTACHMENT/SR[0]                                                                                     |               12 |             42 |         3.50 |
|  lab_irq_i/processing_system7_0/inst/FCLK_CLK0 | lab_irq_i/ps7_0_axi_periph/s00_couplers/auto_pc/inst/gen_axilite.gen_b2s_conv.axilite_b2s/SI_REG/r.r_pipe/s_ready_i_reg_0                                     |                                                                                                                                                      |               10 |             47 |         4.70 |
|  lab_irq_i/processing_system7_0/inst/FCLK_CLK0 | lab_irq_i/ps7_0_axi_periph/s00_couplers/auto_pc/inst/gen_axilite.gen_b2s_conv.axilite_b2s/SI_REG/r.r_pipe/p_1_in                                              |                                                                                                                                                      |                8 |             47 |         5.88 |
|  lab_irq_i/processing_system7_0/inst/FCLK_CLK0 | lab_irq_i/ps7_0_axi_periph/s00_couplers/auto_pc/inst/gen_axilite.gen_b2s_conv.axilite_b2s/WR.aw_channel_0/aw_cmd_fsm_0/E[0]                                   |                                                                                                                                                      |               12 |             52 |         4.33 |
|  lab_irq_i/processing_system7_0/inst/FCLK_CLK0 | lab_irq_i/ps7_0_axi_periph/s00_couplers/auto_pc/inst/gen_axilite.gen_b2s_conv.axilite_b2s/RD.ar_channel_0/ar_cmd_fsm_0/m_valid_i_reg[0]                       |                                                                                                                                                      |               11 |             52 |         4.73 |
|  lab_irq_i/processing_system7_0/inst/FCLK_CLK0 | lab_irq_i/ps7_0_axi_periph/s00_couplers/auto_pc/inst/gen_axilite.gen_b2s_conv.axilite_b2s/SI_REG/ar.ar_pipe/s_ready_i_reg_0                                   |                                                                                                                                                      |               14 |             52 |         3.71 |
|  lab_irq_i/processing_system7_0/inst/FCLK_CLK0 | lab_irq_i/ps7_0_axi_periph/s00_couplers/auto_pc/inst/gen_axilite.gen_b2s_conv.axilite_b2s/SI_REG/aw.aw_pipe/s_ready_i_reg_0                                   |                                                                                                                                                      |               11 |             52 |         4.73 |
|  lab_irq_i/processing_system7_0/inst/FCLK_CLK0 | lab_irq_i/ZedboardOLED_v1_0_0/U0/ZedboardOLED_v1_0_S00_AXI_inst/after_state[98]_i_1_n_0                                                                       |                                                                                                                                                      |               33 |             67 |         2.03 |
|  lab_irq_i/processing_system7_0/inst/FCLK_CLK0 | lab_irq_i/ZedboardOLED_v1_0_0/U0/ZedboardOLED_v1_0_S00_AXI_inst/SPI_COMP/E[0]                                                                                 | lab_irq_i/ZedboardOLED_v1_0_0/U0/ZedboardOLED_v1_0_S00_AXI_inst/RST_internal_reg_n_0                                                                 |               31 |             81 |         2.61 |
|  lab_irq_i/processing_system7_0/inst/FCLK_CLK0 |                                                                                                                                                               |                                                                                                                                                      |               70 |            198 |         2.83 |
|  lab_irq_i/processing_system7_0/inst/FCLK_CLK0 | lab_irq_i/ZedboardOLED_v1_0_0/U0/ZedboardOLED_v1_0_S00_AXI_inst/current_screen[3][0][7]_i_2_n_0                                                               | lab_irq_i/ZedboardOLED_v1_0_0/U0/ZedboardOLED_v1_0_S00_AXI_inst/current_screen[3][0][7]_i_1_n_0                                                      |              129 |            512 |         3.97 |
+------------------------------------------------+---------------------------------------------------------------------------------------------------------------------------------------------------------------+------------------------------------------------------------------------------------------------------------------------------------------------------+------------------+----------------+--------------+


