Copyright 1986-2022 Xilinx, Inc. All Rights Reserved.
-------------------------------------------------------------------------------------------------
| Tool Version : Vivado v.2022.1 (lin64) Build 3526262 Mon Apr 18 15:47:01 MDT 2022
| Date         : Thu Nov 24 12:27:11 2022
| Host         : hp6g4-inf-21.ictp.it running 64-bit Linux Mint 19.1 Tessa
| Command      : report_control_sets -verbose -file lab_freeRTOS_wrapper_control_sets_placed.rpt
| Design       : lab_freeRTOS_wrapper
| Device       : xc7z020
-------------------------------------------------------------------------------------------------

Control Set Information

Table of Contents
-----------------
1. Summary
2. Histogram
3. Flip-Flop Distribution
4. Detailed Control Set Information

1. Summary
----------

+----------------------------------------------------------+-------+
|                          Status                          | Count |
+----------------------------------------------------------+-------+
| Total control sets                                       |    54 |
|    Minimum number of control sets                        |    54 |
|    Addition due to synthesis replication                 |     0 |
|    Addition due to physical synthesis replication        |     0 |
| Unused register locations in slices containing registers |   107 |
+----------------------------------------------------------+-------+
* Control sets can be merged at opt_design using control_set_merge or merge_equivalent_drivers
** Run report_qor_suggestions for automated merging and remapping suggestions


2. Histogram
------------

+--------------------+-------+
|       Fanout       | Count |
+--------------------+-------+
| Total control sets |    54 |
| >= 0 to < 4        |     2 |
| >= 4 to < 6        |    10 |
| >= 6 to < 8        |     1 |
| >= 8 to < 10       |    13 |
| >= 10 to < 12      |     2 |
| >= 12 to < 14      |     5 |
| >= 14 to < 16      |     2 |
| >= 16              |    19 |
+--------------------+-------+
* Control sets can be remapped at either synth_design or opt_design


3. Flip-Flop Distribution
-------------------------

+--------------+-----------------------+------------------------+-----------------+--------------+
| Clock Enable | Synchronous Set/Reset | Asynchronous Set/Reset | Total Registers | Total Slices |
+--------------+-----------------------+------------------------+-----------------+--------------+
| No           | No                    | No                     |             207 |           66 |
| No           | No                    | Yes                    |               0 |            0 |
| No           | Yes                   | No                     |              94 |           28 |
| Yes          | No                    | No                     |             511 |          113 |
| Yes          | No                    | Yes                    |               0 |            0 |
| Yes          | Yes                   | No                     |             185 |           49 |
+--------------+-----------------------+------------------------+-----------------+--------------+


4. Detailed Control Set Information
-----------------------------------

+-----------------------------------------------------+----------------------------------------------------------------------------------------------------------------------------------------------------------------------+-------------------------------------------------------------------------------------------------------------------------------------------------------------+------------------+----------------+--------------+
|                     Clock Signal                    |                                                                             Enable Signal                                                                            |                                                                       Set/Reset Signal                                                                      | Slice Load Count | Bel Load Count | Bels / Slice |
+-----------------------------------------------------+----------------------------------------------------------------------------------------------------------------------------------------------------------------------+-------------------------------------------------------------------------------------------------------------------------------------------------------------+------------------+----------------+--------------+
|  lab_freeRTOS_i/processing_system7_0/inst/FCLK_CLK0 | lab_freeRTOS_i/axi_interconnect_0/s00_couplers/auto_pc/inst/gen_axilite.gen_b2s_conv.axilite_b2s/WR.aw_channel_0/aw_cmd_fsm_0/FSM_sequential_state_reg[0]_1          | lab_freeRTOS_i/axi_interconnect_0/s00_couplers/auto_pc/inst/gen_axilite.gen_b2s_conv.axilite_b2s/WR.aw_channel_0/aw_cmd_fsm_0/FSM_sequential_state_reg[0]_0 |                1 |              1 |         1.00 |
|  lab_freeRTOS_i/processing_system7_0/inst/FCLK_CLK0 | lab_freeRTOS_i/axi_interconnect_0/s00_couplers/auto_pc/inst/gen_axilite.gen_b2s_conv.axilite_b2s/WR.b_channel_0/bid_fifo_0/sel                                       |                                                                                                                                                             |                1 |              2 |         2.00 |
|  lab_freeRTOS_i/processing_system7_0/inst/FCLK_CLK0 |                                                                                                                                                                      | lab_freeRTOS_i/axi_interconnect_0/s00_couplers/auto_pc/inst/gen_axilite.gen_b2s_conv.axilite_b2s/SI_REG/ar.ar_pipe/aresetn_d_reg[1]_inv_0                   |                1 |              4 |         4.00 |
|  lab_freeRTOS_i/processing_system7_0/inst/FCLK_CLK0 |                                                                                                                                                                      | lab_freeRTOS_i/axi_interconnect_0/s00_couplers/auto_pc/inst/gen_axilite.gen_b2s_conv.axilite_b2s/SI_REG/aw.aw_pipe/aresetn_d_reg[0]_0                       |                1 |              4 |         4.00 |
|  lab_freeRTOS_i/processing_system7_0/inst/FCLK_CLK0 | lab_freeRTOS_i/axi_gpio_0/U0/AXI_LITE_IPIF_I/I_SLAVE_ATTACHMENT/start2                                                                                               | lab_freeRTOS_i/axi_gpio_0/U0/AXI_LITE_IPIF_I/I_SLAVE_ATTACHMENT/I_DECODER/cs_ce_clr                                                                         |                2 |              4 |         2.00 |
|  lab_freeRTOS_i/processing_system7_0/inst/FCLK_CLK0 | lab_freeRTOS_i/axi_interconnect_0/s00_couplers/auto_pc/inst/gen_axilite.gen_b2s_conv.axilite_b2s/RD.ar_channel_0/ar_cmd_fsm_0/m_axi_arready_2                        | lab_freeRTOS_i/axi_interconnect_0/s00_couplers/auto_pc/inst/gen_axilite.gen_b2s_conv.axilite_b2s/RD.ar_channel_0/ar_cmd_fsm_0/FSM_sequential_state_reg[1]_0 |                1 |              4 |         4.00 |
|  lab_freeRTOS_i/processing_system7_0/inst/FCLK_CLK0 |                                                                                                                                                                      | lab_freeRTOS_i/axi_gpio_0/U0/AXI_LITE_IPIF_I/I_SLAVE_ATTACHMENT/clear                                                                                       |                1 |              4 |         4.00 |
|  lab_freeRTOS_i/processing_system7_0/inst/FCLK_CLK0 |                                                                                                                                                                      | lab_freeRTOS_i/proc_sys_reset_0/U0/EXT_LPF/lpf_int                                                                                                          |                1 |              4 |         4.00 |
|  lab_freeRTOS_i/processing_system7_0/inst/FCLK_CLK0 | lab_freeRTOS_i/axi_gpio_0/U0/AXI_LITE_IPIF_I/I_SLAVE_ATTACHMENT/bus2ip_addr_i[8]_i_1_n_0                                                                             | lab_freeRTOS_i/axi_gpio_0/U0/AXI_LITE_IPIF_I/I_SLAVE_ATTACHMENT/SR[0]                                                                                       |                2 |              4 |         2.00 |
|  lab_freeRTOS_i/processing_system7_0/inst/FCLK_CLK0 | lab_freeRTOS_i/axi_interconnect_0/s00_couplers/auto_pc/inst/gen_axilite.gen_b2s_conv.axilite_b2s/RD.r_channel_0/transaction_fifo_0/cnt_read[4]_i_1_n_0               | lab_freeRTOS_i/axi_interconnect_0/s00_couplers/auto_pc/inst/gen_axilite.gen_b2s_conv.axilite_b2s/areset_d1                                                  |                1 |              5 |         5.00 |
|  lab_freeRTOS_i/processing_system7_0/inst/FCLK_CLK0 | lab_freeRTOS_i/axi_interconnect_0/s00_couplers/auto_pc/inst/gen_axilite.gen_b2s_conv.axilite_b2s/RD.r_channel_0/rd_data_fifo_0/cnt_read[4]_i_1__0_n_0                | lab_freeRTOS_i/axi_interconnect_0/s00_couplers/auto_pc/inst/gen_axilite.gen_b2s_conv.axilite_b2s/areset_d1                                                  |                2 |              5 |         2.50 |
|  lab_freeRTOS_i/processing_system7_0/inst/FCLK_CLK0 | lab_freeRTOS_i/PMOD_AD1_0/U0/PMOD_AD1_v1_0_S00_AXI_inst/pAD7576t.BitNr[4]_i_1_n_0                                                                                    |                                                                                                                                                             |                1 |              5 |         5.00 |
|  lab_freeRTOS_i/processing_system7_0/inst/FCLK_CLK0 | lab_freeRTOS_i/proc_sys_reset_0/U0/SEQ/seq_cnt_en                                                                                                                    | lab_freeRTOS_i/proc_sys_reset_0/U0/SEQ/SEQ_COUNTER/clear                                                                                                    |                2 |              6 |         3.00 |
|  lab_freeRTOS_i/processing_system7_0/inst/FCLK_CLK0 | lab_freeRTOS_i/PMOD_AD1_0/U0/PMOD_AD1_v1_0_S00_AXI_inst/slv_reg2[23]_i_1_n_0                                                                                         | lab_freeRTOS_i/PMOD_AD1_0/U0/PMOD_AD1_v1_0_S00_AXI_inst/axi_awready_i_1_n_0                                                                                 |                2 |              8 |         4.00 |
|  lab_freeRTOS_i/processing_system7_0/inst/FCLK_CLK0 | lab_freeRTOS_i/PMOD_AD1_0/U0/PMOD_AD1_v1_0_S00_AXI_inst/p_1_in[23]                                                                                                   | lab_freeRTOS_i/PMOD_AD1_0/U0/PMOD_AD1_v1_0_S00_AXI_inst/axi_awready_i_1_n_0                                                                                 |                1 |              8 |         8.00 |
|  lab_freeRTOS_i/processing_system7_0/inst/FCLK_CLK0 | lab_freeRTOS_i/PMOD_AD1_0/U0/PMOD_AD1_v1_0_S00_AXI_inst/p_1_in[31]                                                                                                   | lab_freeRTOS_i/PMOD_AD1_0/U0/PMOD_AD1_v1_0_S00_AXI_inst/axi_awready_i_1_n_0                                                                                 |                2 |              8 |         4.00 |
|  lab_freeRTOS_i/processing_system7_0/inst/FCLK_CLK0 | lab_freeRTOS_i/axi_interconnect_0/s00_couplers/auto_pc/inst/gen_axilite.gen_b2s_conv.axilite_b2s/WR.b_channel_0/mhandshake_r                                         | lab_freeRTOS_i/axi_interconnect_0/s00_couplers/auto_pc/inst/gen_axilite.gen_b2s_conv.axilite_b2s/WR.b_channel_0/bid_fifo_0/SR[0]                            |                3 |              8 |         2.67 |
|  lab_freeRTOS_i/processing_system7_0/inst/FCLK_CLK0 | lab_freeRTOS_i/PMOD_AD1_0/U0/PMOD_AD1_v1_0_S00_AXI_inst/p_1_in[7]                                                                                                    | lab_freeRTOS_i/PMOD_AD1_0/U0/PMOD_AD1_v1_0_S00_AXI_inst/axi_awready_i_1_n_0                                                                                 |                1 |              8 |         8.00 |
|  lab_freeRTOS_i/processing_system7_0/inst/FCLK_CLK0 |                                                                                                                                                                      | lab_freeRTOS_i/PMOD_AD1_0/U0/PMOD_AD1_v1_0_S00_AXI_inst/p1Mhz.Prediv[7]_i_1_n_0                                                                             |                3 |              8 |         2.67 |
|  lab_freeRTOS_i/processing_system7_0/inst/FCLK_CLK0 | lab_freeRTOS_i/PMOD_AD1_0/U0/PMOD_AD1_v1_0_S00_AXI_inst/p_1_in[15]                                                                                                   | lab_freeRTOS_i/PMOD_AD1_0/U0/PMOD_AD1_v1_0_S00_AXI_inst/axi_awready_i_1_n_0                                                                                 |                1 |              8 |         8.00 |
|  lab_freeRTOS_i/processing_system7_0/inst/FCLK_CLK0 | lab_freeRTOS_i/PMOD_AD1_0/U0/PMOD_AD1_v1_0_S00_AXI_inst/slv_reg2[15]_i_1_n_0                                                                                         | lab_freeRTOS_i/PMOD_AD1_0/U0/PMOD_AD1_v1_0_S00_AXI_inst/axi_awready_i_1_n_0                                                                                 |                1 |              8 |         8.00 |
|  lab_freeRTOS_i/processing_system7_0/inst/FCLK_CLK0 | lab_freeRTOS_i/PMOD_AD1_0/U0/PMOD_AD1_v1_0_S00_AXI_inst/slv_reg2[7]_i_1_n_0                                                                                          | lab_freeRTOS_i/PMOD_AD1_0/U0/PMOD_AD1_v1_0_S00_AXI_inst/axi_awready_i_1_n_0                                                                                 |                1 |              8 |         8.00 |
|  lab_freeRTOS_i/processing_system7_0/inst/FCLK_CLK0 | lab_freeRTOS_i/axi_gpio_0/U0/AXI_LITE_IPIF_I/I_SLAVE_ATTACHMENT/I_DECODER/bus2ip_rnw_i_reg[0]                                                                        | lab_freeRTOS_i/axi_gpio_0/U0/AXI_LITE_IPIF_I/I_SLAVE_ATTACHMENT/SR[0]                                                                                       |                1 |              8 |         8.00 |
|  lab_freeRTOS_i/processing_system7_0/inst/FCLK_CLK0 | lab_freeRTOS_i/PMOD_AD1_0/U0/PMOD_AD1_v1_0_S00_AXI_inst/slv_reg2[31]_i_1_n_0                                                                                         | lab_freeRTOS_i/PMOD_AD1_0/U0/PMOD_AD1_v1_0_S00_AXI_inst/axi_awready_i_1_n_0                                                                                 |                1 |              8 |         8.00 |
|  lab_freeRTOS_i/processing_system7_0/inst/FCLK_CLK0 | lab_freeRTOS_i/axi_gpio_0/U0/AXI_LITE_IPIF_I/I_SLAVE_ATTACHMENT/s_axi_rresp_i                                                                                        | lab_freeRTOS_i/axi_gpio_0/U0/AXI_LITE_IPIF_I/I_SLAVE_ATTACHMENT/SR[0]                                                                                       |                2 |              9 |         4.50 |
|  lab_freeRTOS_i/processing_system7_0/inst/FCLK_CLK0 |                                                                                                                                                                      | lab_freeRTOS_i/PMOD_AD1_0/U0/PMOD_AD1_v1_0_S00_AXI_inst/axi_awready_i_1_n_0                                                                                 |                3 |              9 |         3.00 |
|  lab_freeRTOS_i/processing_system7_0/inst/FCLK_CLK0 |                                                                                                                                                                      | lab_freeRTOS_i/axi_interconnect_0/s00_couplers/auto_pc/inst/gen_axilite.gen_b2s_conv.axilite_b2s/areset_d1                                                  |                4 |             10 |         2.50 |
|  lab_freeRTOS_i/processing_system7_0/inst/FCLK_CLK0 |                                                                                                                                                                      | lab_freeRTOS_i/axi_interconnect_0/xbar/inst/gen_sasd.crossbar_sasd_0/addr_arbiter_inst/SR[0]                                                                |                4 |             11 |         2.75 |
|  lab_freeRTOS_i/processing_system7_0/inst/FCLK_CLK0 | lab_freeRTOS_i/axi_interconnect_0/s00_couplers/auto_pc/inst/gen_axilite.gen_b2s_conv.axilite_b2s/WR.aw_channel_0/cmd_translator_0/incr_cmd_0/axaddr_incr[11]_i_1_n_0 |                                                                                                                                                             |                3 |             12 |         4.00 |
|  lab_freeRTOS_i/processing_system7_0/inst/FCLK_CLK0 | lab_freeRTOS_i/axi_interconnect_0/s00_couplers/auto_pc/inst/gen_axilite.gen_b2s_conv.axilite_b2s/RD.ar_channel_0/ar_cmd_fsm_0/E[0]                                   |                                                                                                                                                             |                5 |             12 |         2.40 |
|  lab_freeRTOS_i/processing_system7_0/inst/FCLK_CLK0 | lab_freeRTOS_i/axi_interconnect_0/s00_couplers/auto_pc/inst/gen_axilite.gen_b2s_conv.axilite_b2s/RD.ar_channel_0/ar_cmd_fsm_0/sel_first_reg[0]                       |                                                                                                                                                             |                3 |             12 |         4.00 |
|  lab_freeRTOS_i/processing_system7_0/inst/FCLK_CLK0 | lab_freeRTOS_i/axi_interconnect_0/s00_couplers/auto_pc/inst/gen_axilite.gen_b2s_conv.axilite_b2s/WR.aw_channel_0/aw_cmd_fsm_0/m_valid_i_reg[0]                       |                                                                                                                                                             |                5 |             12 |         2.40 |
|  lab_freeRTOS_i/processing_system7_0/inst/FCLK_CLK0 | lab_freeRTOS_i/axi_interconnect_0/s00_couplers/auto_pc/inst/gen_axilite.gen_b2s_conv.axilite_b2s/RD.r_channel_0/r_push_r                                             |                                                                                                                                                             |                5 |             13 |         2.60 |
|  lab_freeRTOS_i/processing_system7_0/inst/FCLK_CLK0 | lab_freeRTOS_i/axi_interconnect_0/s00_couplers/auto_pc/inst/gen_axilite.gen_b2s_conv.axilite_b2s/SI_REG/b.b_pipe/p_1_in                                              |                                                                                                                                                             |                2 |             14 |         7.00 |
|  lab_freeRTOS_i/processing_system7_0/inst/FCLK_CLK0 | lab_freeRTOS_i/axi_interconnect_0/s00_couplers/auto_pc/inst/gen_axilite.gen_b2s_conv.axilite_b2s/SI_REG/b.b_pipe/s_ready_i_reg_0                                     |                                                                                                                                                             |                3 |             14 |         4.67 |
|  lab_freeRTOS_i/processing_system7_0/inst/FCLK_CLK0 | lab_freeRTOS_i/axi_interconnect_0/s00_couplers/auto_pc/inst/gen_axilite.gen_b2s_conv.axilite_b2s/WR.aw_channel_0/aw_cmd_fsm_0/m_axi_awready_0                        |                                                                                                                                                             |                3 |             16 |         5.33 |
|  lab_freeRTOS_i/processing_system7_0/inst/FCLK_CLK0 |                                                                                                                                                                      | lab_freeRTOS_i/axi_gpio_0/U0/AXI_LITE_IPIF_I/I_SLAVE_ATTACHMENT/I_DECODER/bus2ip_rnw_i_reg_0                                                                |                3 |             16 |         5.33 |
|  lab_freeRTOS_i/processing_system7_0/inst/FCLK_CLK0 | lab_freeRTOS_i/axi_gpio_0/U0/AXI_LITE_IPIF_I/I_SLAVE_ATTACHMENT/I_DECODER/E[0]                                                                                       | lab_freeRTOS_i/axi_gpio_0/U0/AXI_LITE_IPIF_I/I_SLAVE_ATTACHMENT/SR[0]                                                                                       |                4 |             16 |         4.00 |
|  lab_freeRTOS_i/processing_system7_0/inst/FCLK_CLK0 | lab_freeRTOS_i/axi_interconnect_0/xbar/inst/gen_sasd.crossbar_sasd_0/addr_arbiter_inst/p_0_in1_in                                                                    | lab_freeRTOS_i/axi_interconnect_0/xbar/inst/gen_sasd.crossbar_sasd_0/addr_arbiter_inst/SR[0]                                                                |                7 |             19 |         2.71 |
|  lab_freeRTOS_i/processing_system7_0/inst/FCLK_CLK0 | lab_freeRTOS_i/axi_interconnect_0/s00_couplers/auto_pc/inst/gen_axilite.gen_b2s_conv.axilite_b2s/RD.ar_channel_0/ar_cmd_fsm_0/m_axi_arready_2                        |                                                                                                                                                             |                9 |             21 |         2.33 |
|  lab_freeRTOS_i/processing_system7_0/inst/FCLK_CLK0 | lab_freeRTOS_i/axi_interconnect_0/s00_couplers/auto_pc/inst/gen_axilite.gen_b2s_conv.axilite_b2s/WR.aw_channel_0/aw_cmd_fsm_0/FSM_sequential_state_reg[0]_1          |                                                                                                                                                             |               11 |             24 |         2.18 |
|  lab_freeRTOS_i/processing_system7_0/inst/FCLK_CLK0 |                                                                                                                                                                      | lab_freeRTOS_i/axi_gpio_0/U0/AXI_LITE_IPIF_I/I_SLAVE_ATTACHMENT/SR[0]                                                                                       |                7 |             24 |         3.43 |
|  lab_freeRTOS_i/processing_system7_0/inst/FCLK_CLK0 | lab_freeRTOS_i/PMOD_AD1_0/U0/PMOD_AD1_v1_0_S00_AXI_inst/InDat1_0                                                                                                     |                                                                                                                                                             |                5 |             32 |         6.40 |
|  lab_freeRTOS_i/processing_system7_0/inst/FCLK_CLK0 | lab_freeRTOS_i/PMOD_AD1_0/U0/PMOD_AD1_v1_0_S00_AXI_inst/slv_reg_rden                                                                                                 | lab_freeRTOS_i/PMOD_AD1_0/U0/PMOD_AD1_v1_0_S00_AXI_inst/axi_awready_i_1_n_0                                                                                 |               11 |             32 |         2.91 |
|  lab_freeRTOS_i/processing_system7_0/inst/FCLK_CLK0 | lab_freeRTOS_i/PMOD_AD1_0/U0/PMOD_AD1_v1_0_S00_AXI_inst/AdcData1_1                                                                                                   |                                                                                                                                                             |                5 |             32 |         6.40 |
|  lab_freeRTOS_i/processing_system7_0/inst/FCLK_CLK0 | lab_freeRTOS_i/axi_interconnect_0/s00_couplers/auto_pc/inst/gen_axilite.gen_b2s_conv.axilite_b2s/RD.r_channel_0/rd_data_fifo_0/wr_en0                                |                                                                                                                                                             |                9 |             34 |         3.78 |
|  lab_freeRTOS_i/processing_system7_0/inst/FCLK_CLK0 | lab_freeRTOS_i/axi_interconnect_0/xbar/inst/gen_sasd.crossbar_sasd_0/addr_arbiter_inst/E[0]                                                                          |                                                                                                                                                             |                8 |             35 |         4.38 |
|  lab_freeRTOS_i/processing_system7_0/inst/FCLK_CLK0 | lab_freeRTOS_i/axi_interconnect_0/s00_couplers/auto_pc/inst/gen_axilite.gen_b2s_conv.axilite_b2s/SI_REG/r.r_pipe/s_ready_i_reg_0                                     |                                                                                                                                                             |                9 |             47 |         5.22 |
|  lab_freeRTOS_i/processing_system7_0/inst/FCLK_CLK0 | lab_freeRTOS_i/axi_interconnect_0/s00_couplers/auto_pc/inst/gen_axilite.gen_b2s_conv.axilite_b2s/SI_REG/r.r_pipe/p_1_in                                              |                                                                                                                                                             |                8 |             47 |         5.88 |
|  lab_freeRTOS_i/processing_system7_0/inst/FCLK_CLK0 | lab_freeRTOS_i/axi_interconnect_0/s00_couplers/auto_pc/inst/gen_axilite.gen_b2s_conv.axilite_b2s/WR.aw_channel_0/aw_cmd_fsm_0/E[0]                                   |                                                                                                                                                             |                8 |             48 |         6.00 |
|  lab_freeRTOS_i/processing_system7_0/inst/FCLK_CLK0 | lab_freeRTOS_i/axi_interconnect_0/s00_couplers/auto_pc/inst/gen_axilite.gen_b2s_conv.axilite_b2s/RD.ar_channel_0/ar_cmd_fsm_0/m_valid_i_reg[0]                       |                                                                                                                                                             |                9 |             48 |         5.33 |
|  lab_freeRTOS_i/processing_system7_0/inst/FCLK_CLK0 | lab_freeRTOS_i/axi_interconnect_0/s00_couplers/auto_pc/inst/gen_axilite.gen_b2s_conv.axilite_b2s/SI_REG/ar.ar_pipe/s_ready_i_reg_0                                   |                                                                                                                                                             |               11 |             48 |         4.36 |
|  lab_freeRTOS_i/processing_system7_0/inst/FCLK_CLK0 | lab_freeRTOS_i/axi_interconnect_0/s00_couplers/auto_pc/inst/gen_axilite.gen_b2s_conv.axilite_b2s/SI_REG/aw.aw_pipe/s_ready_i_reg_0                                   |                                                                                                                                                             |                8 |             48 |         6.00 |
|  lab_freeRTOS_i/processing_system7_0/inst/FCLK_CLK0 |                                                                                                                                                                      |                                                                                                                                                             |               67 |            208 |         3.10 |
+-----------------------------------------------------+----------------------------------------------------------------------------------------------------------------------------------------------------------------------+-------------------------------------------------------------------------------------------------------------------------------------------------------------+------------------+----------------+--------------+


