12:20:45 DEBUG : Logs will be stored at '/scratch/smr3765/labs/lab_freeRTOS/Vitis/IDE.log'.
12:20:51 INFO  : Launching XSCT server: xsct -n  -interactive /scratch/smr3765/labs/lab_freeRTOS/Vitis/temp_xsdb_launch_script.tcl
12:20:52 INFO  : Registering command handlers for Vitis TCF services
12:20:53 INFO  : Platform repository initialization has completed.
12:20:56 INFO  : XSCT server has started successfully.
12:21:02 INFO  : plnx-install-location is set to ''
12:21:02 INFO  : Successfully done setting XSCT server connection channel  
12:21:02 INFO  : Successfully done query RDI_DATADIR 
12:21:02 INFO  : Successfully done setting workspace for the tool. 
12:30:23 INFO  : Result from executing command 'getProjects': lab_freeRTOS_1
12:30:23 INFO  : Result from executing command 'getPlatforms': xilinx_zcu102_base_202210_1|/scratch/Xilinx/Vitis/2022.1/base_platforms/xilinx_zcu102_base_202210_1/xilinx_zcu102_base_202210_1.xpfm;xilinx_zcu102_base_dfx_202210_1|/scratch/Xilinx/Vitis/2022.1/base_platforms/xilinx_zcu102_base_dfx_202210_1/xilinx_zcu102_base_dfx_202210_1.xpfm;xilinx_zcu104_base_202210_1|/scratch/Xilinx/Vitis/2022.1/base_platforms/xilinx_zcu104_base_202210_1/xilinx_zcu104_base_202210_1.xpfm
12:30:23 WARN  : An unexpected exception occurred in the module 'platform project logging'
12:30:23 INFO  : Platform 'lab_freeRTOS_1' is added to custom repositories.
12:30:32 INFO  : Platform 'lab_freeRTOS_1' is added to custom repositories.
12:31:09 INFO  : Result from executing command 'getProjects': lab_freeRTOS_1
12:31:09 INFO  : Result from executing command 'getPlatforms': lab_freeRTOS_1|/scratch/smr3765/labs/lab_freeRTOS/Vitis/lab_freeRTOS_1/export/lab_freeRTOS_1/lab_freeRTOS_1.xpfm;xilinx_zcu102_base_202210_1|/scratch/Xilinx/Vitis/2022.1/base_platforms/xilinx_zcu102_base_202210_1/xilinx_zcu102_base_202210_1.xpfm;xilinx_zcu102_base_dfx_202210_1|/scratch/Xilinx/Vitis/2022.1/base_platforms/xilinx_zcu102_base_dfx_202210_1/xilinx_zcu102_base_dfx_202210_1.xpfm;xilinx_zcu104_base_202210_1|/scratch/Xilinx/Vitis/2022.1/base_platforms/xilinx_zcu104_base_202210_1/xilinx_zcu104_base_202210_1.xpfm
12:31:12 INFO  : Checking for BSP changes to sync application flags for project 'lab_freeRTOS_echo'...
12:33:37 INFO  : Checking for BSP changes to sync application flags for project 'lab_freeRTOS_echo'...
12:34:51 INFO  : Checking for BSP changes to sync application flags for project 'lab_freeRTOS_echo'...
12:35:17 INFO  : Connected to target on host '127.0.0.1' and port '3121'.
12:35:18 INFO  : Jtag cable 'Digilent Zed 210248A39C5D' is selected.
12:35:18 INFO  : 'jtag frequency' command is executed.
12:35:18 INFO  : Context for 'APU' is selected.
12:35:18 INFO  : System reset is completed.
12:35:21 INFO  : 'after 3000' command is executed.
12:35:21 INFO  : 'targets -set -filter {jtag_cable_name =~ "Digilent Zed 210248A39C5D" && level==0 && jtag_device_ctx=="jsn-Zed-210248A39C5D-23727093-0"}' command is executed.
12:35:24 INFO  : Device configured successfully with "/scratch/smr3765/labs/lab_freeRTOS/Vitis/lab_freeRTOS_echo/_ide/bitstream/lab_freeRTOS_wrapper.bit"
12:35:24 INFO  : Context for 'APU' is selected.
12:35:24 INFO  : Hardware design and registers information is loaded from '/scratch/smr3765/labs/lab_freeRTOS/Vitis/lab_freeRTOS_1/export/lab_freeRTOS_1/hw/lab_freeRTOS_wrapper.xsa'.
12:35:24 INFO  : 'configparams force-mem-access 1' command is executed.
12:35:24 INFO  : Context for 'APU' is selected.
12:35:24 INFO  : Sourcing of '/scratch/smr3765/labs/lab_freeRTOS/Vitis/lab_freeRTOS_echo/_ide/psinit/ps7_init.tcl' is done.
12:35:24 INFO  : 'ps7_init' command is executed.
12:35:24 INFO  : 'ps7_post_config' command is executed.
12:35:24 INFO  : Context for processor 'ps7_cortexa9_0' is selected.
12:35:24 INFO  : The application '/scratch/smr3765/labs/lab_freeRTOS/Vitis/lab_freeRTOS_echo/Debug/lab_freeRTOS_echo.elf' is downloaded to processor 'ps7_cortexa9_0'.
12:35:24 INFO  : 'configparams force-mem-access 0' command is executed.
12:35:24 INFO  : ----------------XSDB Script----------------
connect -url tcp:127.0.0.1:3121
targets -set -nocase -filter {name =~"APU*"}
rst -system
after 3000
targets -set -filter {jtag_cable_name =~ "Digilent Zed 210248A39C5D" && level==0 && jtag_device_ctx=="jsn-Zed-210248A39C5D-23727093-0"}
fpga -file /scratch/smr3765/labs/lab_freeRTOS/Vitis/lab_freeRTOS_echo/_ide/bitstream/lab_freeRTOS_wrapper.bit
targets -set -nocase -filter {name =~"APU*"}
loadhw -hw /scratch/smr3765/labs/lab_freeRTOS/Vitis/lab_freeRTOS_1/export/lab_freeRTOS_1/hw/lab_freeRTOS_wrapper.xsa -mem-ranges [list {0x40000000 0xbfffffff}] -regs
configparams force-mem-access 1
targets -set -nocase -filter {name =~"APU*"}
source /scratch/smr3765/labs/lab_freeRTOS/Vitis/lab_freeRTOS_echo/_ide/psinit/ps7_init.tcl
ps7_init
ps7_post_config
targets -set -nocase -filter {name =~ "*A9*#0"}
dow /scratch/smr3765/labs/lab_freeRTOS/Vitis/lab_freeRTOS_echo/Debug/lab_freeRTOS_echo.elf
configparams force-mem-access 0
----------------End of Script----------------

12:35:25 INFO  : Context for processor 'ps7_cortexa9_0' is selected.
12:35:25 INFO  : 'con' command is executed.
12:35:25 INFO  : ----------------XSDB Script (After Launch)----------------
targets -set -nocase -filter {name =~ "*A9*#0"}
con
----------------End of Script----------------

12:35:25 INFO  : Launch script is exported to file '/scratch/smr3765/labs/lab_freeRTOS/Vitis/lab_freeRTOS_echo_system/_ide/scripts/debugger_lab_freertos_echo-default.tcl'
12:43:28 INFO  : Checking for BSP changes to sync application flags for project 'lab_freeRTOS_echo'...
12:43:41 INFO  : Disconnected from the channel tcfchan#3.
12:43:42 INFO  : Connected to target on host '127.0.0.1' and port '3121'.
12:43:42 INFO  : Jtag cable 'Digilent Zed 210248A39C5D' is selected.
12:43:42 ERROR : port closed
12:43:42 INFO  : ----------------XSDB Script----------------
connect -url tcp:127.0.0.1:3121
----------------End of Script----------------

12:43:42 ERROR : port closed
12:44:09 INFO  : Connected to target on host '127.0.0.1' and port '3121'.
12:44:09 INFO  : Jtag cable 'Digilent Zed 210248A39C5D' is selected.
12:44:09 INFO  : 'jtag frequency' command is executed.
12:44:09 INFO  : Context for 'APU' is selected.
12:44:09 INFO  : System reset is completed.
12:44:12 INFO  : 'after 3000' command is executed.
12:44:12 INFO  : 'targets -set -filter {jtag_cable_name =~ "Digilent Zed 210248A39C5D" && level==0 && jtag_device_ctx=="jsn-Zed-210248A39C5D-23727093-0"}' command is executed.
12:44:14 INFO  : Device configured successfully with "/scratch/smr3765/labs/lab_freeRTOS/Vitis/lab_freeRTOS_echo/_ide/bitstream/lab_freeRTOS_wrapper.bit"
12:44:14 INFO  : Context for 'APU' is selected.
12:44:14 INFO  : Hardware design and registers information is loaded from '/scratch/smr3765/labs/lab_freeRTOS/Vitis/lab_freeRTOS_1/export/lab_freeRTOS_1/hw/lab_freeRTOS_wrapper.xsa'.
12:44:14 INFO  : 'configparams force-mem-access 1' command is executed.
12:44:14 INFO  : Context for 'APU' is selected.
12:44:14 INFO  : Sourcing of '/scratch/smr3765/labs/lab_freeRTOS/Vitis/lab_freeRTOS_echo/_ide/psinit/ps7_init.tcl' is done.
12:44:15 INFO  : 'ps7_init' command is executed.
12:44:15 INFO  : 'ps7_post_config' command is executed.
12:44:15 INFO  : Context for processor 'ps7_cortexa9_0' is selected.
12:44:15 INFO  : The application '/scratch/smr3765/labs/lab_freeRTOS/Vitis/lab_freeRTOS_echo/Debug/lab_freeRTOS_echo.elf' is downloaded to processor 'ps7_cortexa9_0'.
12:44:15 INFO  : 'configparams force-mem-access 0' command is executed.
12:44:15 INFO  : ----------------XSDB Script----------------
connect -url tcp:127.0.0.1:3121
targets -set -nocase -filter {name =~"APU*"}
rst -system
after 3000
targets -set -filter {jtag_cable_name =~ "Digilent Zed 210248A39C5D" && level==0 && jtag_device_ctx=="jsn-Zed-210248A39C5D-23727093-0"}
fpga -file /scratch/smr3765/labs/lab_freeRTOS/Vitis/lab_freeRTOS_echo/_ide/bitstream/lab_freeRTOS_wrapper.bit
targets -set -nocase -filter {name =~"APU*"}
loadhw -hw /scratch/smr3765/labs/lab_freeRTOS/Vitis/lab_freeRTOS_1/export/lab_freeRTOS_1/hw/lab_freeRTOS_wrapper.xsa -mem-ranges [list {0x40000000 0xbfffffff}] -regs
configparams force-mem-access 1
targets -set -nocase -filter {name =~"APU*"}
source /scratch/smr3765/labs/lab_freeRTOS/Vitis/lab_freeRTOS_echo/_ide/psinit/ps7_init.tcl
ps7_init
ps7_post_config
targets -set -nocase -filter {name =~ "*A9*#0"}
dow /scratch/smr3765/labs/lab_freeRTOS/Vitis/lab_freeRTOS_echo/Debug/lab_freeRTOS_echo.elf
configparams force-mem-access 0
----------------End of Script----------------

12:44:15 INFO  : Context for processor 'ps7_cortexa9_0' is selected.
12:44:15 INFO  : 'con' command is executed.
12:44:15 INFO  : ----------------XSDB Script (After Launch)----------------
targets -set -nocase -filter {name =~ "*A9*#0"}
con
----------------End of Script----------------

12:44:15 INFO  : Launch script is exported to file '/scratch/smr3765/labs/lab_freeRTOS/Vitis/lab_freeRTOS_echo_system/_ide/scripts/debugger_lab_freertos_echo-default.tcl'
14:04:43 INFO  : Checking for BSP changes to sync application flags for project 'lab_freeRTOS_echo'...
14:05:12 INFO  : Disconnected from the channel tcfchan#5.
14:05:13 INFO  : Connected to target on host '127.0.0.1' and port '3121'.
14:05:13 INFO  : Jtag cable 'Digilent Zed 210248A39C5D' is selected.
14:05:13 ERROR : port closed
14:05:13 INFO  : ----------------XSDB Script----------------
connect -url tcp:127.0.0.1:3121
----------------End of Script----------------

14:05:13 ERROR : port closed
14:05:16 INFO  : Connected to target on host '127.0.0.1' and port '3121'.
14:05:16 INFO  : Jtag cable 'Digilent Zed 210248A39C5D' is selected.
14:05:16 INFO  : 'jtag frequency' command is executed.
14:05:16 INFO  : Context for 'APU' is selected.
14:05:16 INFO  : System reset is completed.
14:05:19 INFO  : 'after 3000' command is executed.
14:05:19 INFO  : 'targets -set -filter {jtag_cable_name =~ "Digilent Zed 210248A39C5D" && level==0 && jtag_device_ctx=="jsn-Zed-210248A39C5D-23727093-0"}' command is executed.
14:05:21 INFO  : Device configured successfully with "/scratch/smr3765/labs/lab_freeRTOS/Vitis/lab_freeRTOS_echo/_ide/bitstream/lab_freeRTOS_wrapper.bit"
14:05:21 INFO  : Context for 'APU' is selected.
14:05:21 INFO  : Hardware design and registers information is loaded from '/scratch/smr3765/labs/lab_freeRTOS/Vitis/lab_freeRTOS_1/export/lab_freeRTOS_1/hw/lab_freeRTOS_wrapper.xsa'.
14:05:21 INFO  : 'configparams force-mem-access 1' command is executed.
14:05:21 INFO  : Context for 'APU' is selected.
14:05:21 INFO  : Sourcing of '/scratch/smr3765/labs/lab_freeRTOS/Vitis/lab_freeRTOS_echo/_ide/psinit/ps7_init.tcl' is done.
14:05:21 INFO  : 'ps7_init' command is executed.
14:05:21 INFO  : 'ps7_post_config' command is executed.
14:05:21 INFO  : Context for processor 'ps7_cortexa9_0' is selected.
14:05:22 INFO  : The application '/scratch/smr3765/labs/lab_freeRTOS/Vitis/lab_freeRTOS_echo/Debug/lab_freeRTOS_echo.elf' is downloaded to processor 'ps7_cortexa9_0'.
14:05:22 INFO  : 'configparams force-mem-access 0' command is executed.
14:05:22 INFO  : ----------------XSDB Script----------------
connect -url tcp:127.0.0.1:3121
targets -set -nocase -filter {name =~"APU*"}
rst -system
after 3000
targets -set -filter {jtag_cable_name =~ "Digilent Zed 210248A39C5D" && level==0 && jtag_device_ctx=="jsn-Zed-210248A39C5D-23727093-0"}
fpga -file /scratch/smr3765/labs/lab_freeRTOS/Vitis/lab_freeRTOS_echo/_ide/bitstream/lab_freeRTOS_wrapper.bit
targets -set -nocase -filter {name =~"APU*"}
loadhw -hw /scratch/smr3765/labs/lab_freeRTOS/Vitis/lab_freeRTOS_1/export/lab_freeRTOS_1/hw/lab_freeRTOS_wrapper.xsa -mem-ranges [list {0x40000000 0xbfffffff}] -regs
configparams force-mem-access 1
targets -set -nocase -filter {name =~"APU*"}
source /scratch/smr3765/labs/lab_freeRTOS/Vitis/lab_freeRTOS_echo/_ide/psinit/ps7_init.tcl
ps7_init
ps7_post_config
targets -set -nocase -filter {name =~ "*A9*#0"}
dow /scratch/smr3765/labs/lab_freeRTOS/Vitis/lab_freeRTOS_echo/Debug/lab_freeRTOS_echo.elf
configparams force-mem-access 0
----------------End of Script----------------

14:05:22 INFO  : Context for processor 'ps7_cortexa9_0' is selected.
14:05:22 INFO  : 'con' command is executed.
14:05:22 INFO  : ----------------XSDB Script (After Launch)----------------
targets -set -nocase -filter {name =~ "*A9*#0"}
con
----------------End of Script----------------

14:05:22 INFO  : Launch script is exported to file '/scratch/smr3765/labs/lab_freeRTOS/Vitis/lab_freeRTOS_echo_system/_ide/scripts/debugger_lab_freertos_echo-default.tcl'
14:15:40 INFO  : Checking for BSP changes to sync application flags for project 'lab_freeRTOS_echo'...
14:15:52 INFO  : Disconnected from the channel tcfchan#7.
14:15:53 INFO  : Connected to target on host '127.0.0.1' and port '3121'.
14:15:53 INFO  : Jtag cable 'Digilent Zed 210248A39C5D' is selected.
14:15:53 ERROR : port closed
14:15:53 INFO  : ----------------XSDB Script----------------
connect -url tcp:127.0.0.1:3121
----------------End of Script----------------

14:15:53 ERROR : port closed
14:15:56 INFO  : Connected to target on host '127.0.0.1' and port '3121'.
14:15:56 INFO  : Jtag cable 'Digilent Zed 210248A39C5D' is selected.
14:15:56 INFO  : 'jtag frequency' command is executed.
14:15:56 INFO  : Context for 'APU' is selected.
14:15:56 INFO  : System reset is completed.
14:15:59 INFO  : 'after 3000' command is executed.
14:15:59 INFO  : 'targets -set -filter {jtag_cable_name =~ "Digilent Zed 210248A39C5D" && level==0 && jtag_device_ctx=="jsn-Zed-210248A39C5D-23727093-0"}' command is executed.
14:16:02 INFO  : Device configured successfully with "/scratch/smr3765/labs/lab_freeRTOS/Vitis/lab_freeRTOS_echo/_ide/bitstream/lab_freeRTOS_wrapper.bit"
14:16:02 INFO  : Context for 'APU' is selected.
14:16:02 INFO  : Hardware design and registers information is loaded from '/scratch/smr3765/labs/lab_freeRTOS/Vitis/lab_freeRTOS_1/export/lab_freeRTOS_1/hw/lab_freeRTOS_wrapper.xsa'.
14:16:02 INFO  : 'configparams force-mem-access 1' command is executed.
14:16:02 INFO  : Context for 'APU' is selected.
14:16:02 INFO  : Sourcing of '/scratch/smr3765/labs/lab_freeRTOS/Vitis/lab_freeRTOS_echo/_ide/psinit/ps7_init.tcl' is done.
14:16:02 INFO  : 'ps7_init' command is executed.
14:16:02 INFO  : 'ps7_post_config' command is executed.
14:16:02 INFO  : Context for processor 'ps7_cortexa9_0' is selected.
14:16:02 INFO  : The application '/scratch/smr3765/labs/lab_freeRTOS/Vitis/lab_freeRTOS_echo/Debug/lab_freeRTOS_echo.elf' is downloaded to processor 'ps7_cortexa9_0'.
14:16:02 INFO  : 'configparams force-mem-access 0' command is executed.
14:16:02 INFO  : ----------------XSDB Script----------------
connect -url tcp:127.0.0.1:3121
targets -set -nocase -filter {name =~"APU*"}
rst -system
after 3000
targets -set -filter {jtag_cable_name =~ "Digilent Zed 210248A39C5D" && level==0 && jtag_device_ctx=="jsn-Zed-210248A39C5D-23727093-0"}
fpga -file /scratch/smr3765/labs/lab_freeRTOS/Vitis/lab_freeRTOS_echo/_ide/bitstream/lab_freeRTOS_wrapper.bit
targets -set -nocase -filter {name =~"APU*"}
loadhw -hw /scratch/smr3765/labs/lab_freeRTOS/Vitis/lab_freeRTOS_1/export/lab_freeRTOS_1/hw/lab_freeRTOS_wrapper.xsa -mem-ranges [list {0x40000000 0xbfffffff}] -regs
configparams force-mem-access 1
targets -set -nocase -filter {name =~"APU*"}
source /scratch/smr3765/labs/lab_freeRTOS/Vitis/lab_freeRTOS_echo/_ide/psinit/ps7_init.tcl
ps7_init
ps7_post_config
targets -set -nocase -filter {name =~ "*A9*#0"}
dow /scratch/smr3765/labs/lab_freeRTOS/Vitis/lab_freeRTOS_echo/Debug/lab_freeRTOS_echo.elf
configparams force-mem-access 0
----------------End of Script----------------

14:16:02 INFO  : Context for processor 'ps7_cortexa9_0' is selected.
14:16:02 INFO  : 'con' command is executed.
14:16:02 INFO  : ----------------XSDB Script (After Launch)----------------
targets -set -nocase -filter {name =~ "*A9*#0"}
con
----------------End of Script----------------

14:16:02 INFO  : Launch script is exported to file '/scratch/smr3765/labs/lab_freeRTOS/Vitis/lab_freeRTOS_echo_system/_ide/scripts/debugger_lab_freertos_echo-default.tcl'
14:17:53 INFO  : Checking for BSP changes to sync application flags for project 'lab_freeRTOS_echo'...
14:18:07 INFO  : Disconnected from the channel tcfchan#9.
14:18:08 INFO  : Connected to target on host '127.0.0.1' and port '3121'.
14:18:08 INFO  : Jtag cable 'Digilent Zed 210248A39C5D' is selected.
14:18:08 INFO  : 'jtag frequency' command is executed.
14:18:08 INFO  : Context for 'APU' is selected.
14:18:08 INFO  : System reset is completed.
14:18:11 INFO  : 'after 3000' command is executed.
14:18:11 INFO  : Connected to target on host '127.0.0.1' and port '3121'.
14:18:11 INFO  : 'targets -set -filter {jtag_cable_name =~ "Digilent Zed 210248A39C5D" && level==0 && jtag_device_ctx=="jsn-Zed-210248A39C5D-23727093-0"}' command is executed.
14:18:14 INFO  : Device configured successfully with "/scratch/smr3765/labs/lab_freeRTOS/Vitis/lab_freeRTOS_echo/_ide/bitstream/lab_freeRTOS_wrapper.bit"
14:18:14 INFO  : Context for 'APU' is selected.
14:18:14 INFO  : Hardware design and registers information is loaded from '/scratch/smr3765/labs/lab_freeRTOS/Vitis/lab_freeRTOS_1/export/lab_freeRTOS_1/hw/lab_freeRTOS_wrapper.xsa'.
14:18:14 INFO  : 'configparams force-mem-access 1' command is executed.
14:18:14 INFO  : Context for 'APU' is selected.
14:18:14 INFO  : Sourcing of '/scratch/smr3765/labs/lab_freeRTOS/Vitis/lab_freeRTOS_echo/_ide/psinit/ps7_init.tcl' is done.
14:18:14 INFO  : 'ps7_init' command is executed.
14:18:14 INFO  : 'ps7_post_config' command is executed.
14:18:14 INFO  : Jtag cable 'Digilent Zed 210248A39C5D' is selected.
14:18:14 INFO  : Context for processor 'ps7_cortexa9_0' is selected.
14:18:14 INFO  : 'jtag frequency' command is executed.
14:18:15 INFO  : The application '/scratch/smr3765/labs/lab_freeRTOS/Vitis/lab_freeRTOS_echo/Debug/lab_freeRTOS_echo.elf' is downloaded to processor 'ps7_cortexa9_0'.
14:18:15 INFO  : Context for 'APU' is selected.
14:18:15 INFO  : 'configparams force-mem-access 0' command is executed.
14:18:15 INFO  : ----------------XSDB Script----------------
connect -url tcp:127.0.0.1:3121
targets -set -nocase -filter {name =~"APU*"}
rst -system
after 3000
targets -set -filter {jtag_cable_name =~ "Digilent Zed 210248A39C5D" && level==0 && jtag_device_ctx=="jsn-Zed-210248A39C5D-23727093-0"}
fpga -file /scratch/smr3765/labs/lab_freeRTOS/Vitis/lab_freeRTOS_echo/_ide/bitstream/lab_freeRTOS_wrapper.bit
targets -set -nocase -filter {name =~"APU*"}
loadhw -hw /scratch/smr3765/labs/lab_freeRTOS/Vitis/lab_freeRTOS_1/export/lab_freeRTOS_1/hw/lab_freeRTOS_wrapper.xsa -mem-ranges [list {0x40000000 0xbfffffff}] -regs
configparams force-mem-access 1
targets -set -nocase -filter {name =~"APU*"}
source /scratch/smr3765/labs/lab_freeRTOS/Vitis/lab_freeRTOS_echo/_ide/psinit/ps7_init.tcl
ps7_init
ps7_post_config
targets -set -nocase -filter {name =~ "*A9*#0"}
dow /scratch/smr3765/labs/lab_freeRTOS/Vitis/lab_freeRTOS_echo/Debug/lab_freeRTOS_echo.elf
configparams force-mem-access 0
----------------End of Script----------------

14:18:15 INFO  : System reset is completed.
14:18:15 INFO  : Context for processor 'ps7_cortexa9_0' is selected.
14:18:18 INFO  : 'after 3000' command is executed.
14:18:18 ERROR : Already running
14:18:18 INFO  : 'targets -set -filter {jtag_cable_name =~ "Digilent Zed 210248A39C5D" && level==0 && jtag_device_ctx=="jsn-Zed-210248A39C5D-23727093-0"}' command is executed.
14:18:20 INFO  : Device configured successfully with "/scratch/smr3765/labs/lab_freeRTOS/Vitis/lab_freeRTOS_echo/_ide/bitstream/lab_freeRTOS_wrapper.bit"
14:18:20 INFO  : Context for 'APU' is selected.
14:18:20 INFO  : Hardware design and registers information is loaded from '/scratch/smr3765/labs/lab_freeRTOS/Vitis/lab_freeRTOS_1/export/lab_freeRTOS_1/hw/lab_freeRTOS_wrapper.xsa'.
14:18:20 INFO  : 'configparams force-mem-access 1' command is executed.
14:18:20 INFO  : Context for 'APU' is selected.
14:18:20 INFO  : Sourcing of '/scratch/smr3765/labs/lab_freeRTOS/Vitis/lab_freeRTOS_echo/_ide/psinit/ps7_init.tcl' is done.
14:18:20 INFO  : 'ps7_init' command is executed.
14:18:20 INFO  : 'ps7_post_config' command is executed.
14:18:20 INFO  : Context for processor 'ps7_cortexa9_0' is selected.
14:18:21 INFO  : The application '/scratch/smr3765/labs/lab_freeRTOS/Vitis/lab_freeRTOS_echo/Debug/lab_freeRTOS_echo.elf' is downloaded to processor 'ps7_cortexa9_0'.
14:18:21 INFO  : 'configparams force-mem-access 0' command is executed.
14:18:21 INFO  : ----------------XSDB Script----------------
connect -url tcp:127.0.0.1:3121
targets -set -nocase -filter {name =~"APU*"}
rst -system
after 3000
targets -set -filter {jtag_cable_name =~ "Digilent Zed 210248A39C5D" && level==0 && jtag_device_ctx=="jsn-Zed-210248A39C5D-23727093-0"}
fpga -file /scratch/smr3765/labs/lab_freeRTOS/Vitis/lab_freeRTOS_echo/_ide/bitstream/lab_freeRTOS_wrapper.bit
targets -set -nocase -filter {name =~"APU*"}
loadhw -hw /scratch/smr3765/labs/lab_freeRTOS/Vitis/lab_freeRTOS_1/export/lab_freeRTOS_1/hw/lab_freeRTOS_wrapper.xsa -mem-ranges [list {0x40000000 0xbfffffff}] -regs
configparams force-mem-access 1
targets -set -nocase -filter {name =~"APU*"}
source /scratch/smr3765/labs/lab_freeRTOS/Vitis/lab_freeRTOS_echo/_ide/psinit/ps7_init.tcl
ps7_init
ps7_post_config
targets -set -nocase -filter {name =~ "*A9*#0"}
dow /scratch/smr3765/labs/lab_freeRTOS/Vitis/lab_freeRTOS_echo/Debug/lab_freeRTOS_echo.elf
configparams force-mem-access 0
----------------End of Script----------------

14:18:21 INFO  : Context for processor 'ps7_cortexa9_0' is selected.
14:18:21 INFO  : 'con' command is executed.
14:18:21 INFO  : ----------------XSDB Script (After Launch)----------------
targets -set -nocase -filter {name =~ "*A9*#0"}
con
----------------End of Script----------------

14:18:21 INFO  : Launch script is exported to file '/scratch/smr3765/labs/lab_freeRTOS/Vitis/lab_freeRTOS_echo_system/_ide/scripts/debugger_lab_freertos_echo-default.tcl'
14:22:01 INFO  : Disconnected from the channel tcfchan#11.
14:22:02 INFO  : Connected to target on host '127.0.0.1' and port '3121'.
14:22:20 INFO  : ----------------XSDB Script----------------
connect -url tcp:127.0.0.1:3121
----------------End of Script----------------

14:22:20 ERROR : Could not find ARM device on the board for connection 'Local'.
Check if the target is in:
1. Split JTAG - No operations are possible with ARM DAP.
2. Non JTAG bootmode - Bootrom may need time to enable DAP.
Please try again.


Troubleshooting hints:
1. Check whether board is connected to system properly.
2. In case of zynq board, check whether Digilent/Xilinx cable switch settings are correct.
3. If you are using Xilinx Platform Cable USB, ensure that status LED is green.
14:22:30 INFO  : Connected to target on host '127.0.0.1' and port '3121'.
14:22:30 INFO  : Jtag cable 'Digilent Zed 210248A39C5D' is selected.
14:22:30 INFO  : 'jtag frequency' command is executed.
14:22:30 INFO  : Context for 'APU' is selected.
14:22:30 INFO  : System reset is completed.
14:22:33 INFO  : 'after 3000' command is executed.
14:22:33 INFO  : 'targets -set -filter {jtag_cable_name =~ "Digilent Zed 210248A39C5D" && level==0 && jtag_device_ctx=="jsn-Zed-210248A39C5D-23727093-0"}' command is executed.
14:22:36 INFO  : Device configured successfully with "/scratch/smr3765/labs/lab_freeRTOS/Vitis/lab_freeRTOS_echo/_ide/bitstream/lab_freeRTOS_wrapper.bit"
14:22:36 INFO  : Context for 'APU' is selected.
14:22:36 INFO  : Hardware design and registers information is loaded from '/scratch/smr3765/labs/lab_freeRTOS/Vitis/lab_freeRTOS_1/export/lab_freeRTOS_1/hw/lab_freeRTOS_wrapper.xsa'.
14:22:36 INFO  : 'configparams force-mem-access 1' command is executed.
14:22:36 INFO  : Context for 'APU' is selected.
14:22:36 INFO  : Sourcing of '/scratch/smr3765/labs/lab_freeRTOS/Vitis/lab_freeRTOS_echo/_ide/psinit/ps7_init.tcl' is done.
14:22:36 INFO  : 'ps7_init' command is executed.
14:22:36 INFO  : 'ps7_post_config' command is executed.
14:22:36 INFO  : Context for processor 'ps7_cortexa9_0' is selected.
14:22:36 INFO  : The application '/scratch/smr3765/labs/lab_freeRTOS/Vitis/lab_freeRTOS_echo/Debug/lab_freeRTOS_echo.elf' is downloaded to processor 'ps7_cortexa9_0'.
14:22:36 INFO  : 'configparams force-mem-access 0' command is executed.
14:22:36 INFO  : ----------------XSDB Script----------------
connect -url tcp:127.0.0.1:3121
targets -set -nocase -filter {name =~"APU*"}
rst -system
after 3000
targets -set -filter {jtag_cable_name =~ "Digilent Zed 210248A39C5D" && level==0 && jtag_device_ctx=="jsn-Zed-210248A39C5D-23727093-0"}
fpga -file /scratch/smr3765/labs/lab_freeRTOS/Vitis/lab_freeRTOS_echo/_ide/bitstream/lab_freeRTOS_wrapper.bit
targets -set -nocase -filter {name =~"APU*"}
loadhw -hw /scratch/smr3765/labs/lab_freeRTOS/Vitis/lab_freeRTOS_1/export/lab_freeRTOS_1/hw/lab_freeRTOS_wrapper.xsa -mem-ranges [list {0x40000000 0xbfffffff}] -regs
configparams force-mem-access 1
targets -set -nocase -filter {name =~"APU*"}
source /scratch/smr3765/labs/lab_freeRTOS/Vitis/lab_freeRTOS_echo/_ide/psinit/ps7_init.tcl
ps7_init
ps7_post_config
targets -set -nocase -filter {name =~ "*A9*#0"}
dow /scratch/smr3765/labs/lab_freeRTOS/Vitis/lab_freeRTOS_echo/Debug/lab_freeRTOS_echo.elf
configparams force-mem-access 0
----------------End of Script----------------

14:22:36 INFO  : Context for processor 'ps7_cortexa9_0' is selected.
14:22:36 INFO  : 'con' command is executed.
14:22:36 INFO  : ----------------XSDB Script (After Launch)----------------
targets -set -nocase -filter {name =~ "*A9*#0"}
con
----------------End of Script----------------

14:22:36 INFO  : Launch script is exported to file '/scratch/smr3765/labs/lab_freeRTOS/Vitis/lab_freeRTOS_echo_system/_ide/scripts/debugger_lab_freertos_echo-default.tcl'
14:23:03 INFO  : Checking for BSP changes to sync application flags for project 'lab_freeRTOS_echo'...
14:23:25 INFO  : Disconnected from the channel tcfchan#12.
14:23:26 INFO  : Connected to target on host '127.0.0.1' and port '3121'.
14:23:26 INFO  : Jtag cable 'Digilent Zed 210248A39C5D' is selected.
14:23:26 INFO  : 'jtag frequency' command is executed.
14:23:26 INFO  : Context for 'APU' is selected.
14:23:26 INFO  : System reset is completed.
14:23:29 INFO  : 'after 3000' command is executed.
14:23:29 INFO  : 'targets -set -filter {jtag_cable_name =~ "Digilent Zed 210248A39C5D" && level==0 && jtag_device_ctx=="jsn-Zed-210248A39C5D-23727093-0"}' command is executed.
14:23:31 INFO  : Device configured successfully with "/scratch/smr3765/labs/lab_freeRTOS/Vitis/lab_freeRTOS_echo/_ide/bitstream/lab_freeRTOS_wrapper.bit"
14:23:31 INFO  : Context for 'APU' is selected.
14:23:31 INFO  : Hardware design and registers information is loaded from '/scratch/smr3765/labs/lab_freeRTOS/Vitis/lab_freeRTOS_1/export/lab_freeRTOS_1/hw/lab_freeRTOS_wrapper.xsa'.
14:23:31 INFO  : 'configparams force-mem-access 1' command is executed.
14:23:31 INFO  : Context for 'APU' is selected.
14:23:31 INFO  : Sourcing of '/scratch/smr3765/labs/lab_freeRTOS/Vitis/lab_freeRTOS_echo/_ide/psinit/ps7_init.tcl' is done.
14:23:31 INFO  : 'ps7_init' command is executed.
14:23:32 INFO  : 'ps7_post_config' command is executed.
14:23:32 INFO  : Context for processor 'ps7_cortexa9_0' is selected.
14:23:32 INFO  : The application '/scratch/smr3765/labs/lab_freeRTOS/Vitis/lab_freeRTOS_echo/Debug/lab_freeRTOS_echo.elf' is downloaded to processor 'ps7_cortexa9_0'.
14:23:32 INFO  : 'configparams force-mem-access 0' command is executed.
14:23:32 INFO  : ----------------XSDB Script----------------
connect -url tcp:127.0.0.1:3121
targets -set -nocase -filter {name =~"APU*"}
rst -system
after 3000
targets -set -filter {jtag_cable_name =~ "Digilent Zed 210248A39C5D" && level==0 && jtag_device_ctx=="jsn-Zed-210248A39C5D-23727093-0"}
fpga -file /scratch/smr3765/labs/lab_freeRTOS/Vitis/lab_freeRTOS_echo/_ide/bitstream/lab_freeRTOS_wrapper.bit
targets -set -nocase -filter {name =~"APU*"}
loadhw -hw /scratch/smr3765/labs/lab_freeRTOS/Vitis/lab_freeRTOS_1/export/lab_freeRTOS_1/hw/lab_freeRTOS_wrapper.xsa -mem-ranges [list {0x40000000 0xbfffffff}] -regs
configparams force-mem-access 1
targets -set -nocase -filter {name =~"APU*"}
source /scratch/smr3765/labs/lab_freeRTOS/Vitis/lab_freeRTOS_echo/_ide/psinit/ps7_init.tcl
ps7_init
ps7_post_config
targets -set -nocase -filter {name =~ "*A9*#0"}
dow /scratch/smr3765/labs/lab_freeRTOS/Vitis/lab_freeRTOS_echo/Debug/lab_freeRTOS_echo.elf
configparams force-mem-access 0
----------------End of Script----------------

14:23:32 INFO  : Context for processor 'ps7_cortexa9_0' is selected.
14:23:32 INFO  : 'con' command is executed.
14:23:32 INFO  : ----------------XSDB Script (After Launch)----------------
targets -set -nocase -filter {name =~ "*A9*#0"}
con
----------------End of Script----------------

14:23:32 INFO  : Launch script is exported to file '/scratch/smr3765/labs/lab_freeRTOS/Vitis/lab_freeRTOS_echo_system/_ide/scripts/debugger_lab_freertos_echo-default.tcl'
14:25:24 INFO  : Checking for BSP changes to sync application flags for project 'lab_freeRTOS_echo'...
14:26:08 INFO  : Disconnected from the channel tcfchan#14.
14:26:09 INFO  : Connected to target on host '127.0.0.1' and port '3121'.
14:26:09 INFO  : Jtag cable 'Digilent Zed 210248A39C5D' is selected.
14:26:09 INFO  : 'jtag frequency' command is executed.
14:26:09 INFO  : Context for 'APU' is selected.
14:26:09 INFO  : System reset is completed.
14:26:12 INFO  : 'after 3000' command is executed.
14:26:12 INFO  : 'targets -set -filter {jtag_cable_name =~ "Digilent Zed 210248A39C5D" && level==0 && jtag_device_ctx=="jsn-Zed-210248A39C5D-23727093-0"}' command is executed.
14:26:14 INFO  : Device configured successfully with "/scratch/smr3765/labs/lab_freeRTOS/Vitis/lab_freeRTOS_echo/_ide/bitstream/lab_freeRTOS_wrapper.bit"
14:26:14 INFO  : Context for 'APU' is selected.
14:26:14 INFO  : Hardware design and registers information is loaded from '/scratch/smr3765/labs/lab_freeRTOS/Vitis/lab_freeRTOS_1/export/lab_freeRTOS_1/hw/lab_freeRTOS_wrapper.xsa'.
14:26:14 INFO  : 'configparams force-mem-access 1' command is executed.
14:26:14 INFO  : Context for 'APU' is selected.
14:26:14 INFO  : Sourcing of '/scratch/smr3765/labs/lab_freeRTOS/Vitis/lab_freeRTOS_echo/_ide/psinit/ps7_init.tcl' is done.
14:26:14 INFO  : 'ps7_init' command is executed.
14:26:14 INFO  : 'ps7_post_config' command is executed.
14:26:14 INFO  : Context for processor 'ps7_cortexa9_0' is selected.
14:26:15 INFO  : The application '/scratch/smr3765/labs/lab_freeRTOS/Vitis/lab_freeRTOS_echo/Debug/lab_freeRTOS_echo.elf' is downloaded to processor 'ps7_cortexa9_0'.
14:26:15 INFO  : 'configparams force-mem-access 0' command is executed.
14:26:15 INFO  : ----------------XSDB Script----------------
connect -url tcp:127.0.0.1:3121
targets -set -nocase -filter {name =~"APU*"}
rst -system
after 3000
targets -set -filter {jtag_cable_name =~ "Digilent Zed 210248A39C5D" && level==0 && jtag_device_ctx=="jsn-Zed-210248A39C5D-23727093-0"}
fpga -file /scratch/smr3765/labs/lab_freeRTOS/Vitis/lab_freeRTOS_echo/_ide/bitstream/lab_freeRTOS_wrapper.bit
targets -set -nocase -filter {name =~"APU*"}
loadhw -hw /scratch/smr3765/labs/lab_freeRTOS/Vitis/lab_freeRTOS_1/export/lab_freeRTOS_1/hw/lab_freeRTOS_wrapper.xsa -mem-ranges [list {0x40000000 0xbfffffff}] -regs
configparams force-mem-access 1
targets -set -nocase -filter {name =~"APU*"}
source /scratch/smr3765/labs/lab_freeRTOS/Vitis/lab_freeRTOS_echo/_ide/psinit/ps7_init.tcl
ps7_init
ps7_post_config
targets -set -nocase -filter {name =~ "*A9*#0"}
dow /scratch/smr3765/labs/lab_freeRTOS/Vitis/lab_freeRTOS_echo/Debug/lab_freeRTOS_echo.elf
configparams force-mem-access 0
----------------End of Script----------------

14:26:15 INFO  : Context for processor 'ps7_cortexa9_0' is selected.
14:26:15 INFO  : 'con' command is executed.
14:26:15 INFO  : ----------------XSDB Script (After Launch)----------------
targets -set -nocase -filter {name =~ "*A9*#0"}
con
----------------End of Script----------------

14:26:15 INFO  : Launch script is exported to file '/scratch/smr3765/labs/lab_freeRTOS/Vitis/lab_freeRTOS_echo_system/_ide/scripts/debugger_lab_freertos_echo-default.tcl'
14:26:47 INFO  : Checking for BSP changes to sync application flags for project 'lab_freeRTOS_echo'...
14:26:58 INFO  : Disconnected from the channel tcfchan#16.
14:26:59 INFO  : Connected to target on host '127.0.0.1' and port '3121'.
14:26:59 INFO  : Jtag cable 'Digilent Zed 210248A39C5D' is selected.
14:26:59 INFO  : 'jtag frequency' command is executed.
14:26:59 INFO  : Context for 'APU' is selected.
14:26:59 INFO  : System reset is completed.
14:27:02 INFO  : 'after 3000' command is executed.
14:27:02 INFO  : 'targets -set -filter {jtag_cable_name =~ "Digilent Zed 210248A39C5D" && level==0 && jtag_device_ctx=="jsn-Zed-210248A39C5D-23727093-0"}' command is executed.
14:27:04 INFO  : Device configured successfully with "/scratch/smr3765/labs/lab_freeRTOS/Vitis/lab_freeRTOS_echo/_ide/bitstream/lab_freeRTOS_wrapper.bit"
14:27:04 INFO  : Context for 'APU' is selected.
14:27:05 INFO  : Hardware design and registers information is loaded from '/scratch/smr3765/labs/lab_freeRTOS/Vitis/lab_freeRTOS_1/export/lab_freeRTOS_1/hw/lab_freeRTOS_wrapper.xsa'.
14:27:05 INFO  : 'configparams force-mem-access 1' command is executed.
14:27:05 INFO  : Context for 'APU' is selected.
14:27:05 INFO  : Sourcing of '/scratch/smr3765/labs/lab_freeRTOS/Vitis/lab_freeRTOS_echo/_ide/psinit/ps7_init.tcl' is done.
14:27:05 INFO  : 'ps7_init' command is executed.
14:27:05 INFO  : 'ps7_post_config' command is executed.
14:27:05 INFO  : Context for processor 'ps7_cortexa9_0' is selected.
14:27:05 INFO  : The application '/scratch/smr3765/labs/lab_freeRTOS/Vitis/lab_freeRTOS_echo/Debug/lab_freeRTOS_echo.elf' is downloaded to processor 'ps7_cortexa9_0'.
14:27:05 INFO  : 'configparams force-mem-access 0' command is executed.
14:27:05 INFO  : ----------------XSDB Script----------------
connect -url tcp:127.0.0.1:3121
targets -set -nocase -filter {name =~"APU*"}
rst -system
after 3000
targets -set -filter {jtag_cable_name =~ "Digilent Zed 210248A39C5D" && level==0 && jtag_device_ctx=="jsn-Zed-210248A39C5D-23727093-0"}
fpga -file /scratch/smr3765/labs/lab_freeRTOS/Vitis/lab_freeRTOS_echo/_ide/bitstream/lab_freeRTOS_wrapper.bit
targets -set -nocase -filter {name =~"APU*"}
loadhw -hw /scratch/smr3765/labs/lab_freeRTOS/Vitis/lab_freeRTOS_1/export/lab_freeRTOS_1/hw/lab_freeRTOS_wrapper.xsa -mem-ranges [list {0x40000000 0xbfffffff}] -regs
configparams force-mem-access 1
targets -set -nocase -filter {name =~"APU*"}
source /scratch/smr3765/labs/lab_freeRTOS/Vitis/lab_freeRTOS_echo/_ide/psinit/ps7_init.tcl
ps7_init
ps7_post_config
targets -set -nocase -filter {name =~ "*A9*#0"}
dow /scratch/smr3765/labs/lab_freeRTOS/Vitis/lab_freeRTOS_echo/Debug/lab_freeRTOS_echo.elf
configparams force-mem-access 0
----------------End of Script----------------

14:27:05 INFO  : Context for processor 'ps7_cortexa9_0' is selected.
14:27:05 INFO  : 'con' command is executed.
14:27:05 INFO  : ----------------XSDB Script (After Launch)----------------
targets -set -nocase -filter {name =~ "*A9*#0"}
con
----------------End of Script----------------

14:27:05 INFO  : Launch script is exported to file '/scratch/smr3765/labs/lab_freeRTOS/Vitis/lab_freeRTOS_echo_system/_ide/scripts/debugger_lab_freertos_echo-default.tcl'
14:44:24 INFO  : Checking for BSP changes to sync application flags for project 'lab_freeRTOS_echo'...
14:44:34 INFO  : Disconnected from the channel tcfchan#18.
14:44:35 INFO  : Connected to target on host '127.0.0.1' and port '3121'.
14:44:35 INFO  : Jtag cable 'Digilent Zed 210248A39C5D' is selected.
14:44:35 INFO  : 'jtag frequency' command is executed.
14:44:35 INFO  : Context for 'APU' is selected.
14:44:35 INFO  : System reset is completed.
14:44:38 INFO  : 'after 3000' command is executed.
14:44:38 INFO  : 'targets -set -filter {jtag_cable_name =~ "Digilent Zed 210248A39C5D" && level==0 && jtag_device_ctx=="jsn-Zed-210248A39C5D-23727093-0"}' command is executed.
14:44:40 INFO  : Device configured successfully with "/scratch/smr3765/labs/lab_freeRTOS/Vitis/lab_freeRTOS_echo/_ide/bitstream/lab_freeRTOS_wrapper.bit"
14:44:40 INFO  : Context for 'APU' is selected.
14:44:40 INFO  : Hardware design and registers information is loaded from '/scratch/smr3765/labs/lab_freeRTOS/Vitis/lab_freeRTOS_1/export/lab_freeRTOS_1/hw/lab_freeRTOS_wrapper.xsa'.
14:44:40 INFO  : 'configparams force-mem-access 1' command is executed.
14:44:40 INFO  : Context for 'APU' is selected.
14:44:40 INFO  : Sourcing of '/scratch/smr3765/labs/lab_freeRTOS/Vitis/lab_freeRTOS_echo/_ide/psinit/ps7_init.tcl' is done.
14:44:40 INFO  : 'ps7_init' command is executed.
14:44:40 INFO  : 'ps7_post_config' command is executed.
14:44:40 INFO  : Context for processor 'ps7_cortexa9_0' is selected.
14:44:41 INFO  : The application '/scratch/smr3765/labs/lab_freeRTOS/Vitis/lab_freeRTOS_echo/Debug/lab_freeRTOS_echo.elf' is downloaded to processor 'ps7_cortexa9_0'.
14:44:41 INFO  : 'configparams force-mem-access 0' command is executed.
14:44:41 INFO  : ----------------XSDB Script----------------
connect -url tcp:127.0.0.1:3121
targets -set -nocase -filter {name =~"APU*"}
rst -system
after 3000
targets -set -filter {jtag_cable_name =~ "Digilent Zed 210248A39C5D" && level==0 && jtag_device_ctx=="jsn-Zed-210248A39C5D-23727093-0"}
fpga -file /scratch/smr3765/labs/lab_freeRTOS/Vitis/lab_freeRTOS_echo/_ide/bitstream/lab_freeRTOS_wrapper.bit
targets -set -nocase -filter {name =~"APU*"}
loadhw -hw /scratch/smr3765/labs/lab_freeRTOS/Vitis/lab_freeRTOS_1/export/lab_freeRTOS_1/hw/lab_freeRTOS_wrapper.xsa -mem-ranges [list {0x40000000 0xbfffffff}] -regs
configparams force-mem-access 1
targets -set -nocase -filter {name =~"APU*"}
source /scratch/smr3765/labs/lab_freeRTOS/Vitis/lab_freeRTOS_echo/_ide/psinit/ps7_init.tcl
ps7_init
ps7_post_config
targets -set -nocase -filter {name =~ "*A9*#0"}
dow /scratch/smr3765/labs/lab_freeRTOS/Vitis/lab_freeRTOS_echo/Debug/lab_freeRTOS_echo.elf
configparams force-mem-access 0
----------------End of Script----------------

14:44:41 INFO  : Context for processor 'ps7_cortexa9_0' is selected.
14:44:41 INFO  : 'con' command is executed.
14:44:41 INFO  : ----------------XSDB Script (After Launch)----------------
targets -set -nocase -filter {name =~ "*A9*#0"}
con
----------------End of Script----------------

14:44:41 INFO  : Launch script is exported to file '/scratch/smr3765/labs/lab_freeRTOS/Vitis/lab_freeRTOS_echo_system/_ide/scripts/debugger_lab_freertos_echo-default.tcl'
